2020-11-09 15:46:17.810498: I tensorflow/core/platform/cpu_feature_guard.cc:142] Your CPU supports instructions that this TensorFlow binary was not compiled to use: SSE4.1 SSE4.2 AVX AVX2 AVX512F FMA
2020-11-09 15:46:17.817166: I tensorflow/core/platform/profile_utils/cpu_utils.cc:94] CPU Frequency: 2300000000 Hz
2020-11-09 15:46:17.817299: I tensorflow/compiler/xla/service/service.cc:168] XLA service 0x5653198b3d70 initialized for platform Host (this does not guarantee that XLA will be used). Devices:
2020-11-09 15:46:17.817317: I tensorflow/compiler/xla/service/service.cc:176]   StreamExecutor device (0): Host, Default Version
2020-11-09 15:46:17.818609: I tensorflow/stream_executor/platform/default/dso_loader.cc:44] Successfully opened dynamic library libcuda.so.1
2020-11-09 15:46:17.835862: I tensorflow/core/common_runtime/gpu/gpu_device.cc:1555] Found device 0 with properties: 
pciBusID: 0000:1a:00.0 name: Tesla V100-SXM2-32GB computeCapability: 7.0
coreClock: 1.53GHz coreCount: 80 deviceMemorySize: 31.75GiB deviceMemoryBandwidth: 836.37GiB/s
2020-11-09 15:46:17.836132: I tensorflow/stream_executor/platform/default/dso_loader.cc:44] Successfully opened dynamic library libcudart.so.10.1
2020-11-09 15:46:17.838763: I tensorflow/stream_executor/platform/default/dso_loader.cc:44] Successfully opened dynamic library libcublas.so.10
2020-11-09 15:46:17.841075: I tensorflow/stream_executor/platform/default/dso_loader.cc:44] Successfully opened dynamic library libcufft.so.10
2020-11-09 15:46:17.841449: I tensorflow/stream_executor/platform/default/dso_loader.cc:44] Successfully opened dynamic library libcurand.so.10
2020-11-09 15:46:17.844210: I tensorflow/stream_executor/platform/default/dso_loader.cc:44] Successfully opened dynamic library libcusolver.so.10
2020-11-09 15:46:17.845448: I tensorflow/stream_executor/platform/default/dso_loader.cc:44] Successfully opened dynamic library libcusparse.so.10
2020-11-09 15:46:17.850653: I tensorflow/stream_executor/platform/default/dso_loader.cc:44] Successfully opened dynamic library libcudnn.so.7
2020-11-09 15:46:17.853581: I tensorflow/core/common_runtime/gpu/gpu_device.cc:1697] Adding visible gpu devices: 0
2020-11-09 15:46:17.853626: I tensorflow/stream_executor/platform/default/dso_loader.cc:44] Successfully opened dynamic library libcudart.so.10.1
2020-11-09 15:46:17.998580: I tensorflow/core/common_runtime/gpu/gpu_device.cc:1096] Device interconnect StreamExecutor with strength 1 edge matrix:
2020-11-09 15:46:17.998646: I tensorflow/core/common_runtime/gpu/gpu_device.cc:1102]      0 
2020-11-09 15:46:17.998660: I tensorflow/core/common_runtime/gpu/gpu_device.cc:1115] 0:   N 
2020-11-09 15:46:18.003180: I tensorflow/core/common_runtime/gpu/gpu_device.cc:1241] Created TensorFlow device (/device:GPU:0 with 30300 MB memory) -> physical GPU (device: 0, name: Tesla V100-SXM2-32GB, pci bus id: 0000:1a:00.0, compute capability: 7.0)
2020-11-09 15:46:18.005167: I tensorflow/compiler/xla/service/service.cc:168] XLA service 0x56531a62f260 initialized for platform CUDA (this does not guarantee that XLA will be used). Devices:
2020-11-09 15:46:18.005196: I tensorflow/compiler/xla/service/service.cc:176]   StreamExecutor device (0): Tesla V100-SXM2-32GB, Compute Capability 7.0
2020-11-09 15:46:18.007404: I tensorflow/core/common_runtime/gpu/gpu_device.cc:1555] Found device 0 with properties: 
pciBusID: 0000:1a:00.0 name: Tesla V100-SXM2-32GB computeCapability: 7.0
coreClock: 1.53GHz coreCount: 80 deviceMemorySize: 31.75GiB deviceMemoryBandwidth: 836.37GiB/s
2020-11-09 15:46:18.007488: I tensorflow/stream_executor/platform/default/dso_loader.cc:44] Successfully opened dynamic library libcudart.so.10.1
2020-11-09 15:46:18.007506: I tensorflow/stream_executor/platform/default/dso_loader.cc:44] Successfully opened dynamic library libcublas.so.10
2020-11-09 15:46:18.007521: I tensorflow/stream_executor/platform/default/dso_loader.cc:44] Successfully opened dynamic library libcufft.so.10
2020-11-09 15:46:18.008832: I tensorflow/stream_executor/platform/default/dso_loader.cc:44] Successfully opened dynamic library libcurand.so.10
2020-11-09 15:46:18.008849: I tensorflow/stream_executor/platform/default/dso_loader.cc:44] Successfully opened dynamic library libcusolver.so.10
2020-11-09 15:46:18.008864: I tensorflow/stream_executor/platform/default/dso_loader.cc:44] Successfully opened dynamic library libcusparse.so.10
2020-11-09 15:46:18.008878: I tensorflow/stream_executor/platform/default/dso_loader.cc:44] Successfully opened dynamic library libcudnn.so.7
2020-11-09 15:46:18.011711: I tensorflow/core/common_runtime/gpu/gpu_device.cc:1697] Adding visible gpu devices: 0
2020-11-09 15:46:18.011741: I tensorflow/core/common_runtime/gpu/gpu_device.cc:1096] Device interconnect StreamExecutor with strength 1 edge matrix:
2020-11-09 15:46:18.011751: I tensorflow/core/common_runtime/gpu/gpu_device.cc:1102]      0 
2020-11-09 15:46:18.011760: I tensorflow/core/common_runtime/gpu/gpu_device.cc:1115] 0:   N 
2020-11-09 15:46:18.014583: I tensorflow/core/common_runtime/gpu/gpu_device.cc:1241] Created TensorFlow device (/device:GPU:0 with 30300 MB memory) -> physical GPU (device: 0, name: Tesla V100-SXM2-32GB, pci bus id: 0000:1a:00.0, compute capability: 7.0)
2020-11-09 15:46:18.016289: I tensorflow/core/common_runtime/gpu/gpu_device.cc:1555] Found device 0 with properties: 
pciBusID: 0000:1a:00.0 name: Tesla V100-SXM2-32GB computeCapability: 7.0
coreClock: 1.53GHz coreCount: 80 deviceMemorySize: 31.75GiB deviceMemoryBandwidth: 836.37GiB/s
2020-11-09 15:46:18.016343: I tensorflow/stream_executor/platform/default/dso_loader.cc:44] Successfully opened dynamic library libcudart.so.10.1
2020-11-09 15:46:18.016359: I tensorflow/stream_executor/platform/default/dso_loader.cc:44] Successfully opened dynamic library libcublas.so.10
2020-11-09 15:46:18.016373: I tensorflow/stream_executor/platform/default/dso_loader.cc:44] Successfully opened dynamic library libcufft.so.10
2020-11-09 15:46:18.016387: I tensorflow/stream_executor/platform/default/dso_loader.cc:44] Successfully opened dynamic library libcurand.so.10
2020-11-09 15:46:18.016401: I tensorflow/stream_executor/platform/default/dso_loader.cc:44] Successfully opened dynamic library libcusolver.so.10
2020-11-09 15:46:18.016415: I tensorflow/stream_executor/platform/default/dso_loader.cc:44] Successfully opened dynamic library libcusparse.so.10
2020-11-09 15:46:18.016429: I tensorflow/stream_executor/platform/default/dso_loader.cc:44] Successfully opened dynamic library libcudnn.so.7
2020-11-09 15:46:18.019208: I tensorflow/core/common_runtime/gpu/gpu_device.cc:1697] Adding visible gpu devices: 0
2020-11-09 15:46:18.019233: I tensorflow/core/common_runtime/gpu/gpu_device.cc:1096] Device interconnect StreamExecutor with strength 1 edge matrix:
2020-11-09 15:46:18.019243: I tensorflow/core/common_runtime/gpu/gpu_device.cc:1102]      0 
2020-11-09 15:46:18.019251: I tensorflow/core/common_runtime/gpu/gpu_device.cc:1115] 0:   N 
2020-11-09 15:46:18.022056: I tensorflow/core/common_runtime/gpu/gpu_device.cc:1241] Created TensorFlow device (/device:GPU:0 with 30300 MB memory) -> physical GPU (device: 0, name: Tesla V100-SXM2-32GB, pci bus id: 0000:1a:00.0, compute capability: 7.0)
#############################################
post processing forecast: F006
#############################################
['/device:GPU:0']
#################################################
#################################################
SUCCESS: Found GPU: /device:GPU:0
#################################################
#################################################
We are here: /glade/work/wchapman/AnEn/CNN/Coastal_Points_LogNormal
...Searching...: /glade/scratch/wchapman/AnEnCNN_good/Data/WestCoast/
/glade/scratch/wchapman/Reforecast/F000
/glade/scratch/wchapman/Reforecast/F006
Training on
/glade/scratch/wchapman/Reforecast/F006/train/F006_WY_1985_500mb_Clean.nc
/glade/scratch/wchapman/Reforecast/F006/train/F006_WY_1986_500mb_Clean.nc
/glade/scratch/wchapman/Reforecast/F006/train/F006_WY_1987_500mb_Clean.nc
/glade/scratch/wchapman/Reforecast/F006/train/F006_WY_1988_500mb_Clean.nc
/glade/scratch/wchapman/Reforecast/F006/train/F006_WY_1989_500mb_Clean.nc
/glade/scratch/wchapman/Reforecast/F006/train/F006_WY_1990_500mb_Clean.nc
/glade/scratch/wchapman/Reforecast/F006/train/F006_WY_1991_500mb_Clean.nc
/glade/scratch/wchapman/Reforecast/F006/train/F006_WY_1992_500mb_Clean.nc
/glade/scratch/wchapman/Reforecast/F006/train/F006_WY_1993_500mb_Clean.nc
/glade/scratch/wchapman/Reforecast/F006/train/F006_WY_1994_500mb_Clean.nc
/glade/scratch/wchapman/Reforecast/F006/train/F006_WY_1995_500mb_Clean.nc
/glade/scratch/wchapman/Reforecast/F006/train/F006_WY_1996_500mb_Clean.nc
/glade/scratch/wchapman/Reforecast/F006/train/F006_WY_1997_500mb_Clean.nc
/glade/scratch/wchapman/Reforecast/F006/train/F006_WY_1998_500mb_Clean.nc
/glade/scratch/wchapman/Reforecast/F006/train/F006_WY_1999_500mb_Clean.nc
/glade/scratch/wchapman/Reforecast/F006/train/F006_WY_2000_500mb_Clean.nc
/glade/scratch/wchapman/Reforecast/F006/train/F006_WY_2001_500mb_Clean.nc
/glade/scratch/wchapman/Reforecast/F006/train/F006_WY_2002_500mb_Clean.nc
/glade/scratch/wchapman/Reforecast/F006/train/F006_WY_2003_500mb_Clean.nc
/glade/scratch/wchapman/Reforecast/F006/train/F006_WY_2004_500mb_Clean.nc
/glade/scratch/wchapman/Reforecast/F006/train/F006_WY_2005_500mb_Clean.nc
/glade/scratch/wchapman/Reforecast/F006/train/F006_WY_2006_500mb_Clean.nc
/glade/scratch/wchapman/Reforecast/F006/train/F006_WY_2007_500mb_Clean.nc
/glade/scratch/wchapman/Reforecast/F006/train/F006_WY_2008_500mb_Clean.nc
/glade/scratch/wchapman/Reforecast/F006/train/F006_WY_2009_500mb_Clean.nc
/glade/scratch/wchapman/Reforecast/F006/train/F006_WY_2010_500mb_Clean.nc
/glade/scratch/wchapman/Reforecast/F006/train/F006_WY_2011_500mb_Clean.nc
/glade/scratch/wchapman/Reforecast/F006/train/F006_WY_2012_500mb_Clean.nc
/glade/scratch/wchapman/Reforecast/F006/train/F006_WY_2013_500mb_Clean.nc
/glade/scratch/wchapman/Reforecast/F006/train/F006_WY_2014_500mb_Clean.nc
/glade/scratch/wchapman/Reforecast/F006/train/F006_WY_2015_500mb_Clean.nc
/glade/scratch/wchapman/Reforecast/F006/train/F006_WY_2016_500mb_Clean.nc
Validating on
/glade/scratch/wchapman/Reforecast/F006/validate/F006_WY_2017_500mb_Clean.nc
Testing on
/glade/scratch/wchapman/Reforecast/F006/test/F006_WY_2018_500mb_Clean.nc
['2017', '2018']
trainging yearss ['/glade/scratch/wchapman/Reforecast/F006/validate/F006_WY_2017_500mb_Clean.nc', '/glade/scratch/wchapman/Reforecast/F006/test/F006_WY_2018_500mb_Clean.nc']
Reading data from: "/glade/scratch/wchapman/Reforecast/F006/validate/F006_WY_2017_500mb_Clean.nc"...
Reading data from: "/glade/scratch/wchapman/Reforecast/F006/test/F006_WY_2018_500mb_Clean.nc"...


Mean and standard deviation for "IVT" = 155.7700, 146.4146
Mean and standard deviation for "p_sfc" = 985.6187, 61.8911
Mean and standard deviation for "u_tr_p" = 10.7601, 11.8523
Mean and standard deviation for "v_tr_p" = 0.3133, 13.8188
Mean and standard deviation for "Z_p" = 5592.0832, 187.5354
Mean and standard deviation for "IWV" = 13.6977, 7.9237
2020-11-09 15:46:18.754914: I tensorflow/core/common_runtime/gpu/gpu_device.cc:1555] Found device 0 with properties: 
pciBusID: 0000:1a:00.0 name: Tesla V100-SXM2-32GB computeCapability: 7.0
coreClock: 1.53GHz coreCount: 80 deviceMemorySize: 31.75GiB deviceMemoryBandwidth: 836.37GiB/s
2020-11-09 15:46:18.755021: I tensorflow/stream_executor/platform/default/dso_loader.cc:44] Successfully opened dynamic library libcudart.so.10.1
2020-11-09 15:46:18.755039: I tensorflow/stream_executor/platform/default/dso_loader.cc:44] Successfully opened dynamic library libcublas.so.10
2020-11-09 15:46:18.755054: I tensorflow/stream_executor/platform/default/dso_loader.cc:44] Successfully opened dynamic library libcufft.so.10
2020-11-09 15:46:18.755069: I tensorflow/stream_executor/platform/default/dso_loader.cc:44] Successfully opened dynamic library libcurand.so.10
2020-11-09 15:46:18.755083: I tensorflow/stream_executor/platform/default/dso_loader.cc:44] Successfully opened dynamic library libcusolver.so.10
2020-11-09 15:46:18.755097: I tensorflow/stream_executor/platform/default/dso_loader.cc:44] Successfully opened dynamic library libcusparse.so.10
2020-11-09 15:46:18.755111: I tensorflow/stream_executor/platform/default/dso_loader.cc:44] Successfully opened dynamic library libcudnn.so.7
2020-11-09 15:46:18.757987: I tensorflow/core/common_runtime/gpu/gpu_device.cc:1697] Adding visible gpu devices: 0
2020-11-09 15:46:18.759806: I tensorflow/core/common_runtime/gpu/gpu_device.cc:1555] Found device 0 with properties: 
pciBusID: 0000:1a:00.0 name: Tesla V100-SXM2-32GB computeCapability: 7.0
coreClock: 1.53GHz coreCount: 80 deviceMemorySize: 31.75GiB deviceMemoryBandwidth: 836.37GiB/s
2020-11-09 15:46:18.759860: I tensorflow/stream_executor/platform/default/dso_loader.cc:44] Successfully opened dynamic library libcudart.so.10.1
2020-11-09 15:46:18.759877: I tensorflow/stream_executor/platform/default/dso_loader.cc:44] Successfully opened dynamic library libcublas.so.10
2020-11-09 15:46:18.759890: I tensorflow/stream_executor/platform/default/dso_loader.cc:44] Successfully opened dynamic library libcufft.so.10
2020-11-09 15:46:18.759904: I tensorflow/stream_executor/platform/default/dso_loader.cc:44] Successfully opened dynamic library libcurand.so.10
2020-11-09 15:46:18.759917: I tensorflow/stream_executor/platform/default/dso_loader.cc:44] Successfully opened dynamic library libcusolver.so.10
2020-11-09 15:46:18.759930: I tensorflow/stream_executor/platform/default/dso_loader.cc:44] Successfully opened dynamic library libcusparse.so.10
2020-11-09 15:46:18.759944: I tensorflow/stream_executor/platform/default/dso_loader.cc:44] Successfully opened dynamic library libcudnn.so.7
2020-11-09 15:46:18.762731: I tensorflow/core/common_runtime/gpu/gpu_device.cc:1697] Adding visible gpu devices: 0
2020-11-09 15:46:18.762767: I tensorflow/core/common_runtime/gpu/gpu_device.cc:1096] Device interconnect StreamExecutor with strength 1 edge matrix:
2020-11-09 15:46:18.762777: I tensorflow/core/common_runtime/gpu/gpu_device.cc:1102]      0 
2020-11-09 15:46:18.762786: I tensorflow/core/common_runtime/gpu/gpu_device.cc:1115] 0:   N 
2020-11-09 15:46:18.765594: I tensorflow/core/common_runtime/gpu/gpu_device.cc:1241] Created TensorFlow device (/job:localhost/replica:0/task:0/device:GPU:0 with 30300 MB memory) -> physical GPU (device: 0, name: Tesla V100-SXM2-32GB, pci bus id: 0000:1a:00.0, compute capability: 7.0)
