2020-11-09 17:01:02.398272: I tensorflow/core/platform/cpu_feature_guard.cc:142] Your CPU supports instructions that this TensorFlow binary was not compiled to use: SSE4.1 SSE4.2 AVX AVX2 AVX512F FMA
2020-11-09 17:01:02.404808: I tensorflow/core/platform/profile_utils/cpu_utils.cc:94] CPU Frequency: 2300000000 Hz
2020-11-09 17:01:02.404935: I tensorflow/compiler/xla/service/service.cc:168] XLA service 0x5627ee110d50 initialized for platform Host (this does not guarantee that XLA will be used). Devices:
2020-11-09 17:01:02.404954: I tensorflow/compiler/xla/service/service.cc:176]   StreamExecutor device (0): Host, Default Version
2020-11-09 17:01:02.406252: I tensorflow/stream_executor/platform/default/dso_loader.cc:44] Successfully opened dynamic library libcuda.so.1
2020-11-09 17:01:02.423057: I tensorflow/core/common_runtime/gpu/gpu_device.cc:1555] Found device 0 with properties: 
pciBusID: 0000:1a:00.0 name: Tesla V100-SXM2-32GB computeCapability: 7.0
coreClock: 1.53GHz coreCount: 80 deviceMemorySize: 31.75GiB deviceMemoryBandwidth: 836.37GiB/s
2020-11-09 17:01:02.423328: I tensorflow/stream_executor/platform/default/dso_loader.cc:44] Successfully opened dynamic library libcudart.so.10.1
2020-11-09 17:01:02.426004: I tensorflow/stream_executor/platform/default/dso_loader.cc:44] Successfully opened dynamic library libcublas.so.10
2020-11-09 17:01:02.428444: I tensorflow/stream_executor/platform/default/dso_loader.cc:44] Successfully opened dynamic library libcufft.so.10
2020-11-09 17:01:02.428832: I tensorflow/stream_executor/platform/default/dso_loader.cc:44] Successfully opened dynamic library libcurand.so.10
2020-11-09 17:01:02.431689: I tensorflow/stream_executor/platform/default/dso_loader.cc:44] Successfully opened dynamic library libcusolver.so.10
2020-11-09 17:01:02.432942: I tensorflow/stream_executor/platform/default/dso_loader.cc:44] Successfully opened dynamic library libcusparse.so.10
2020-11-09 17:01:02.438492: I tensorflow/stream_executor/platform/default/dso_loader.cc:44] Successfully opened dynamic library libcudnn.so.7
2020-11-09 17:01:02.441389: I tensorflow/core/common_runtime/gpu/gpu_device.cc:1697] Adding visible gpu devices: 0
2020-11-09 17:01:02.441433: I tensorflow/stream_executor/platform/default/dso_loader.cc:44] Successfully opened dynamic library libcudart.so.10.1
2020-11-09 17:01:02.590757: I tensorflow/core/common_runtime/gpu/gpu_device.cc:1096] Device interconnect StreamExecutor with strength 1 edge matrix:
2020-11-09 17:01:02.590825: I tensorflow/core/common_runtime/gpu/gpu_device.cc:1102]      0 
2020-11-09 17:01:02.590840: I tensorflow/core/common_runtime/gpu/gpu_device.cc:1115] 0:   N 
2020-11-09 17:01:02.595508: I tensorflow/core/common_runtime/gpu/gpu_device.cc:1241] Created TensorFlow device (/device:GPU:0 with 30300 MB memory) -> physical GPU (device: 0, name: Tesla V100-SXM2-32GB, pci bus id: 0000:1a:00.0, compute capability: 7.0)
2020-11-09 17:01:02.597481: I tensorflow/compiler/xla/service/service.cc:168] XLA service 0x5627eee8c240 initialized for platform CUDA (this does not guarantee that XLA will be used). Devices:
2020-11-09 17:01:02.597509: I tensorflow/compiler/xla/service/service.cc:176]   StreamExecutor device (0): Tesla V100-SXM2-32GB, Compute Capability 7.0
2020-11-09 17:01:02.599630: I tensorflow/core/common_runtime/gpu/gpu_device.cc:1555] Found device 0 with properties: 
pciBusID: 0000:1a:00.0 name: Tesla V100-SXM2-32GB computeCapability: 7.0
coreClock: 1.53GHz coreCount: 80 deviceMemorySize: 31.75GiB deviceMemoryBandwidth: 836.37GiB/s
2020-11-09 17:01:02.599702: I tensorflow/stream_executor/platform/default/dso_loader.cc:44] Successfully opened dynamic library libcudart.so.10.1
2020-11-09 17:01:02.599720: I tensorflow/stream_executor/platform/default/dso_loader.cc:44] Successfully opened dynamic library libcublas.so.10
2020-11-09 17:01:02.599734: I tensorflow/stream_executor/platform/default/dso_loader.cc:44] Successfully opened dynamic library libcufft.so.10
2020-11-09 17:01:02.601198: I tensorflow/stream_executor/platform/default/dso_loader.cc:44] Successfully opened dynamic library libcurand.so.10
2020-11-09 17:01:02.601214: I tensorflow/stream_executor/platform/default/dso_loader.cc:44] Successfully opened dynamic library libcusolver.so.10
2020-11-09 17:01:02.601229: I tensorflow/stream_executor/platform/default/dso_loader.cc:44] Successfully opened dynamic library libcusparse.so.10
2020-11-09 17:01:02.601243: I tensorflow/stream_executor/platform/default/dso_loader.cc:44] Successfully opened dynamic library libcudnn.so.7
2020-11-09 17:01:02.604079: I tensorflow/core/common_runtime/gpu/gpu_device.cc:1697] Adding visible gpu devices: 0
2020-11-09 17:01:02.604111: I tensorflow/core/common_runtime/gpu/gpu_device.cc:1096] Device interconnect StreamExecutor with strength 1 edge matrix:
2020-11-09 17:01:02.604121: I tensorflow/core/common_runtime/gpu/gpu_device.cc:1102]      0 
2020-11-09 17:01:02.604130: I tensorflow/core/common_runtime/gpu/gpu_device.cc:1115] 0:   N 
2020-11-09 17:01:02.606970: I tensorflow/core/common_runtime/gpu/gpu_device.cc:1241] Created TensorFlow device (/device:GPU:0 with 30300 MB memory) -> physical GPU (device: 0, name: Tesla V100-SXM2-32GB, pci bus id: 0000:1a:00.0, compute capability: 7.0)
2020-11-09 17:01:02.608648: I tensorflow/core/common_runtime/gpu/gpu_device.cc:1555] Found device 0 with properties: 
pciBusID: 0000:1a:00.0 name: Tesla V100-SXM2-32GB computeCapability: 7.0
coreClock: 1.53GHz coreCount: 80 deviceMemorySize: 31.75GiB deviceMemoryBandwidth: 836.37GiB/s
2020-11-09 17:01:02.608703: I tensorflow/stream_executor/platform/default/dso_loader.cc:44] Successfully opened dynamic library libcudart.so.10.1
2020-11-09 17:01:02.608719: I tensorflow/stream_executor/platform/default/dso_loader.cc:44] Successfully opened dynamic library libcublas.so.10
2020-11-09 17:01:02.608734: I tensorflow/stream_executor/platform/default/dso_loader.cc:44] Successfully opened dynamic library libcufft.so.10
2020-11-09 17:01:02.608747: I tensorflow/stream_executor/platform/default/dso_loader.cc:44] Successfully opened dynamic library libcurand.so.10
2020-11-09 17:01:02.608761: I tensorflow/stream_executor/platform/default/dso_loader.cc:44] Successfully opened dynamic library libcusolver.so.10
2020-11-09 17:01:02.608774: I tensorflow/stream_executor/platform/default/dso_loader.cc:44] Successfully opened dynamic library libcusparse.so.10
2020-11-09 17:01:02.608788: I tensorflow/stream_executor/platform/default/dso_loader.cc:44] Successfully opened dynamic library libcudnn.so.7
2020-11-09 17:01:02.611572: I tensorflow/core/common_runtime/gpu/gpu_device.cc:1697] Adding visible gpu devices: 0
2020-11-09 17:01:02.611597: I tensorflow/core/common_runtime/gpu/gpu_device.cc:1096] Device interconnect StreamExecutor with strength 1 edge matrix:
2020-11-09 17:01:02.611607: I tensorflow/core/common_runtime/gpu/gpu_device.cc:1102]      0 
2020-11-09 17:01:02.611616: I tensorflow/core/common_runtime/gpu/gpu_device.cc:1115] 0:   N 
2020-11-09 17:01:02.614432: I tensorflow/core/common_runtime/gpu/gpu_device.cc:1241] Created TensorFlow device (/device:GPU:0 with 30300 MB memory) -> physical GPU (device: 0, name: Tesla V100-SXM2-32GB, pci bus id: 0000:1a:00.0, compute capability: 7.0)
#############################################
post processing forecast: F006
#############################################
['/device:GPU:0']
#################################################
#################################################
SUCCESS: Found GPU: /device:GPU:0
#################################################
#################################################
We are here: /glade/work/wchapman/AnEn/CNN/Coastal_Points_LogNormal
...Searching...: /glade/scratch/wchapman/AnEnCNN_good/Data/WestCoast/
/glade/scratch/wchapman/Reforecast/F000
/glade/scratch/wchapman/Reforecast/F006
Training on
/glade/scratch/wchapman/Reforecast/F006/train/F006_WY_1985_500mb_Clean.nc
/glade/scratch/wchapman/Reforecast/F006/train/F006_WY_1986_500mb_Clean.nc
/glade/scratch/wchapman/Reforecast/F006/train/F006_WY_1987_500mb_Clean.nc
/glade/scratch/wchapman/Reforecast/F006/train/F006_WY_1988_500mb_Clean.nc
/glade/scratch/wchapman/Reforecast/F006/train/F006_WY_1989_500mb_Clean.nc
/glade/scratch/wchapman/Reforecast/F006/train/F006_WY_1990_500mb_Clean.nc
/glade/scratch/wchapman/Reforecast/F006/train/F006_WY_1991_500mb_Clean.nc
/glade/scratch/wchapman/Reforecast/F006/train/F006_WY_1992_500mb_Clean.nc
/glade/scratch/wchapman/Reforecast/F006/train/F006_WY_1993_500mb_Clean.nc
/glade/scratch/wchapman/Reforecast/F006/train/F006_WY_1994_500mb_Clean.nc
/glade/scratch/wchapman/Reforecast/F006/train/F006_WY_1995_500mb_Clean.nc
/glade/scratch/wchapman/Reforecast/F006/train/F006_WY_1996_500mb_Clean.nc
/glade/scratch/wchapman/Reforecast/F006/train/F006_WY_1997_500mb_Clean.nc
/glade/scratch/wchapman/Reforecast/F006/train/F006_WY_1998_500mb_Clean.nc
/glade/scratch/wchapman/Reforecast/F006/train/F006_WY_1999_500mb_Clean.nc
/glade/scratch/wchapman/Reforecast/F006/train/F006_WY_2000_500mb_Clean.nc
/glade/scratch/wchapman/Reforecast/F006/train/F006_WY_2001_500mb_Clean.nc
/glade/scratch/wchapman/Reforecast/F006/train/F006_WY_2002_500mb_Clean.nc
/glade/scratch/wchapman/Reforecast/F006/train/F006_WY_2003_500mb_Clean.nc
/glade/scratch/wchapman/Reforecast/F006/train/F006_WY_2004_500mb_Clean.nc
/glade/scratch/wchapman/Reforecast/F006/train/F006_WY_2005_500mb_Clean.nc
/glade/scratch/wchapman/Reforecast/F006/train/F006_WY_2006_500mb_Clean.nc
/glade/scratch/wchapman/Reforecast/F006/train/F006_WY_2007_500mb_Clean.nc
/glade/scratch/wchapman/Reforecast/F006/train/F006_WY_2008_500mb_Clean.nc
/glade/scratch/wchapman/Reforecast/F006/train/F006_WY_2009_500mb_Clean.nc
/glade/scratch/wchapman/Reforecast/F006/train/F006_WY_2010_500mb_Clean.nc
/glade/scratch/wchapman/Reforecast/F006/train/F006_WY_2011_500mb_Clean.nc
/glade/scratch/wchapman/Reforecast/F006/train/F006_WY_2012_500mb_Clean.nc
/glade/scratch/wchapman/Reforecast/F006/train/F006_WY_2013_500mb_Clean.nc
/glade/scratch/wchapman/Reforecast/F006/train/F006_WY_2014_500mb_Clean.nc
/glade/scratch/wchapman/Reforecast/F006/train/F006_WY_2015_500mb_Clean.nc
/glade/scratch/wchapman/Reforecast/F006/train/F006_WY_2016_500mb_Clean.nc
Validating on
/glade/scratch/wchapman/Reforecast/F006/validate/F006_WY_2017_500mb_Clean.nc
Testing on
/glade/scratch/wchapman/Reforecast/F006/test/F006_WY_2018_500mb_Clean.nc
['2013', '2014', '2015', '2016', '2017', '2018']
trainging yearss ['/glade/scratch/wchapman/Reforecast/F006/train/F006_WY_2013_500mb_Clean.nc', '/glade/scratch/wchapman/Reforecast/F006/train/F006_WY_2014_500mb_Clean.nc', '/glade/scratch/wchapman/Reforecast/F006/train/F006_WY_2015_500mb_Clean.nc', '/glade/scratch/wchapman/Reforecast/F006/train/F006_WY_2016_500mb_Clean.nc', '/glade/scratch/wchapman/Reforecast/F006/validate/F006_WY_2017_500mb_Clean.nc', '/glade/scratch/wchapman/Reforecast/F006/test/F006_WY_2018_500mb_Clean.nc']
Reading data from: "/glade/scratch/wchapman/Reforecast/F006/train/F006_WY_2013_500mb_Clean.nc"...
Reading data from: "/glade/scratch/wchapman/Reforecast/F006/train/F006_WY_2014_500mb_Clean.nc"...
Reading data from: "/glade/scratch/wchapman/Reforecast/F006/train/F006_WY_2015_500mb_Clean.nc"...
Reading data from: "/glade/scratch/wchapman/Reforecast/F006/train/F006_WY_2016_500mb_Clean.nc"...
Reading data from: "/glade/scratch/wchapman/Reforecast/F006/validate/F006_WY_2017_500mb_Clean.nc"...
Reading data from: "/glade/scratch/wchapman/Reforecast/F006/test/F006_WY_2018_500mb_Clean.nc"...


Mean and standard deviation for "IVT" = 169.2592, 161.6309
Mean and standard deviation for "p_sfc" = 984.0669, 61.6028
Mean and standard deviation for "u_tr_p" = 11.6505, 12.3259
Mean and standard deviation for "v_tr_p" = 1.5800, 13.4074
Mean and standard deviation for "Z_p" = 5587.3894, 198.2523
Mean and standard deviation for "IWV" = 14.2711, 8.2273
2020-11-09 17:01:04.432661: I tensorflow/core/common_runtime/gpu/gpu_device.cc:1555] Found device 0 with properties: 
pciBusID: 0000:1a:00.0 name: Tesla V100-SXM2-32GB computeCapability: 7.0
coreClock: 1.53GHz coreCount: 80 deviceMemorySize: 31.75GiB deviceMemoryBandwidth: 836.37GiB/s
2020-11-09 17:01:04.432772: I tensorflow/stream_executor/platform/default/dso_loader.cc:44] Successfully opened dynamic library libcudart.so.10.1
2020-11-09 17:01:04.432792: I tensorflow/stream_executor/platform/default/dso_loader.cc:44] Successfully opened dynamic library libcublas.so.10
2020-11-09 17:01:04.432808: I tensorflow/stream_executor/platform/default/dso_loader.cc:44] Successfully opened dynamic library libcufft.so.10
2020-11-09 17:01:04.432822: I tensorflow/stream_executor/platform/default/dso_loader.cc:44] Successfully opened dynamic library libcurand.so.10
2020-11-09 17:01:04.432837: I tensorflow/stream_executor/platform/default/dso_loader.cc:44] Successfully opened dynamic library libcusolver.so.10
2020-11-09 17:01:04.432851: I tensorflow/stream_executor/platform/default/dso_loader.cc:44] Successfully opened dynamic library libcusparse.so.10
2020-11-09 17:01:04.432865: I tensorflow/stream_executor/platform/default/dso_loader.cc:44] Successfully opened dynamic library libcudnn.so.7
2020-11-09 17:01:04.435817: I tensorflow/core/common_runtime/gpu/gpu_device.cc:1697] Adding visible gpu devices: 0
2020-11-09 17:01:04.437581: I tensorflow/core/common_runtime/gpu/gpu_device.cc:1555] Found device 0 with properties: 
pciBusID: 0000:1a:00.0 name: Tesla V100-SXM2-32GB computeCapability: 7.0
coreClock: 1.53GHz coreCount: 80 deviceMemorySize: 31.75GiB deviceMemoryBandwidth: 836.37GiB/s
2020-11-09 17:01:04.437637: I tensorflow/stream_executor/platform/default/dso_loader.cc:44] Successfully opened dynamic library libcudart.so.10.1
2020-11-09 17:01:04.437654: I tensorflow/stream_executor/platform/default/dso_loader.cc:44] Successfully opened dynamic library libcublas.so.10
2020-11-09 17:01:04.437668: I tensorflow/stream_executor/platform/default/dso_loader.cc:44] Successfully opened dynamic library libcufft.so.10
2020-11-09 17:01:04.437682: I tensorflow/stream_executor/platform/default/dso_loader.cc:44] Successfully opened dynamic library libcurand.so.10
2020-11-09 17:01:04.437695: I tensorflow/stream_executor/platform/default/dso_loader.cc:44] Successfully opened dynamic library libcusolver.so.10
2020-11-09 17:01:04.437709: I tensorflow/stream_executor/platform/default/dso_loader.cc:44] Successfully opened dynamic library libcusparse.so.10
2020-11-09 17:01:04.437723: I tensorflow/stream_executor/platform/default/dso_loader.cc:44] Successfully opened dynamic library libcudnn.so.7
2020-11-09 17:01:04.440516: I tensorflow/core/common_runtime/gpu/gpu_device.cc:1697] Adding visible gpu devices: 0
2020-11-09 17:01:04.440553: I tensorflow/core/common_runtime/gpu/gpu_device.cc:1096] Device interconnect StreamExecutor with strength 1 edge matrix:
2020-11-09 17:01:04.440570: I tensorflow/core/common_runtime/gpu/gpu_device.cc:1102]      0 
2020-11-09 17:01:04.440579: I tensorflow/core/common_runtime/gpu/gpu_device.cc:1115] 0:   N 
2020-11-09 17:01:04.443409: I tensorflow/core/common_runtime/gpu/gpu_device.cc:1241] Created TensorFlow device (/job:localhost/replica:0/task:0/device:GPU:0 with 30300 MB memory) -> physical GPU (device: 0, name: Tesla V100-SXM2-32GB, pci bus id: 0000:1a:00.0, compute capability: 7.0)
2020-11-09 17:01:05.422020: I tensorflow/stream_executor/platform/default/dso_loader.cc:44] Successfully opened dynamic library libcudnn.so.7
2020-11-09 17:01:06.401663: W tensorflow/stream_executor/gpu/redzone_allocator.cc:312] Not found: ./bin/ptxas not found
Relying on driver to perform ptx compilation. This message will be only logged once.
2020-11-09 17:01:06.487458: I tensorflow/stream_executor/platform/default/dso_loader.cc:44] Successfully opened dynamic library libcublas.so.10
/glade/work/wchapman/miniconda3/envs/tfp/lib/python3.6/site-packages/dask/config.py:168: YAMLLoadWarning: calling yaml.load() without Loader=... is deprecated, as the default Loader is unsafe. Please read https://msg.pyyaml.org/load for full details.
  data = yaml.load(f.read()) or {}
/glade/work/wchapman/AnEn/CNN/Coastal_Points_LogNormal/utilsProb.py:216: RuntimeWarning: invalid value encountered in log
  post_matrix = numpy.log(post_matrix)
/glade/work/wchapman/AnEn/CNN/Coastal_Points_LogNormal/coms.py:492: RuntimeWarning: overflow encountered in exp
  v = np.exp(2 * mu + sigma**2) * (np.exp(sigma**2) - 1)
/glade/work/wchapman/AnEn/CNN/Coastal_Points_LogNormal/coms.py:492: RuntimeWarning: overflow encountered in double_scalars
  v = np.exp(2 * mu + sigma**2) * (np.exp(sigma**2) - 1)
/glade/work/wchapman/AnEn/CNN/Coastal_Points_LogNormal/coms.py:491: RuntimeWarning: overflow encountered in exp
  m = np.exp(mu + sigma**2 / 2.0)
/glade/work/wchapman/AnEn/CNN/Coastal_Points_LogNormal/utilsProb.py:216: RuntimeWarning: invalid value encountered in log
  post_matrix = numpy.log(post_matrix)
/glade/work/wchapman/AnEn/CNN/Coastal_Points_LogNormal/coms.py:491: RuntimeWarning: overflow encountered in exp
  m = np.exp(mu + sigma**2 / 2.0)
/glade/work/wchapman/AnEn/CNN/Coastal_Points_LogNormal/coms.py:492: RuntimeWarning: overflow encountered in exp
  v = np.exp(2 * mu + sigma**2) * (np.exp(sigma**2) - 1)
/glade/work/wchapman/AnEn/CNN/Coastal_Points_LogNormal/coms.py:492: RuntimeWarning: overflow encountered in double_scalars
  v = np.exp(2 * mu + sigma**2) * (np.exp(sigma**2) - 1)
/glade/work/wchapman/AnEn/CNN/Coastal_Points_LogNormal/utilsProb.py:216: RuntimeWarning: invalid value encountered in log
  post_matrix = numpy.log(post_matrix)
/glade/work/wchapman/AnEn/CNN/Coastal_Points_LogNormal/coms.py:492: RuntimeWarning: overflow encountered in double_scalars
  v = np.exp(2 * mu + sigma**2) * (np.exp(sigma**2) - 1)
/glade/work/wchapman/AnEn/CNN/Coastal_Points_LogNormal/coms.py:492: RuntimeWarning: overflow encountered in exp
  v = np.exp(2 * mu + sigma**2) * (np.exp(sigma**2) - 1)
/glade/work/wchapman/AnEn/CNN/Coastal_Points_LogNormal/coms.py:491: RuntimeWarning: overflow encountered in exp
  m = np.exp(mu + sigma**2 / 2.0)
/glade/work/wchapman/AnEn/CNN/Coastal_Points_LogNormal/utilsProb.py:216: RuntimeWarning: invalid value encountered in log
  post_matrix = numpy.log(post_matrix)
/glade/work/wchapman/AnEn/CNN/Coastal_Points_LogNormal/coms.py:492: RuntimeWarning: overflow encountered in exp
  v = np.exp(2 * mu + sigma**2) * (np.exp(sigma**2) - 1)
/glade/work/wchapman/AnEn/CNN/Coastal_Points_LogNormal/coms.py:492: RuntimeWarning: overflow encountered in double_scalars
  v = np.exp(2 * mu + sigma**2) * (np.exp(sigma**2) - 1)
/glade/work/wchapman/AnEn/CNN/Coastal_Points_LogNormal/coms.py:491: RuntimeWarning: overflow encountered in exp
  m = np.exp(mu + sigma**2 / 2.0)
/glade/work/wchapman/AnEn/CNN/Coastal_Points_LogNormal/utilsProb.py:216: RuntimeWarning: invalid value encountered in log
  post_matrix = numpy.log(post_matrix)
/glade/work/wchapman/AnEn/CNN/Coastal_Points_LogNormal/coms.py:491: RuntimeWarning: overflow encountered in exp
  m = np.exp(mu + sigma**2 / 2.0)
/glade/work/wchapman/AnEn/CNN/Coastal_Points_LogNormal/coms.py:492: RuntimeWarning: overflow encountered in exp
  v = np.exp(2 * mu + sigma**2) * (np.exp(sigma**2) - 1)
/glade/work/wchapman/AnEn/CNN/Coastal_Points_LogNormal/coms.py:492: RuntimeWarning: overflow encountered in double_scalars
  v = np.exp(2 * mu + sigma**2) * (np.exp(sigma**2) - 1)
/glade/work/wchapman/AnEn/CNN/Coastal_Points_LogNormal/utilsProb.py:216: RuntimeWarning: invalid value encountered in log
  post_matrix = numpy.log(post_matrix)
/glade/work/wchapman/AnEn/CNN/Coastal_Points_LogNormal/coms.py:492: RuntimeWarning: overflow encountered in exp
  v = np.exp(2 * mu + sigma**2) * (np.exp(sigma**2) - 1)
/glade/work/wchapman/AnEn/CNN/Coastal_Points_LogNormal/coms.py:492: RuntimeWarning: overflow encountered in double_scalars
  v = np.exp(2 * mu + sigma**2) * (np.exp(sigma**2) - 1)
/glade/work/wchapman/AnEn/CNN/Coastal_Points_LogNormal/coms.py:491: RuntimeWarning: overflow encountered in exp
  m = np.exp(mu + sigma**2 / 2.0)
Reading data from: "/glade/scratch/wchapman/Reforecast/F006/train/F006_WY_2013_500mb_Clean.nc"...
Reading data from: "/glade/scratch/wchapman/Reforecast/F006/train/F006_WY_2014_500mb_Clean.nc"...
Reading data from: "/glade/scratch/wchapman/Reforecast/F006/train/F006_WY_2015_500mb_Clean.nc"...
Reading data from: "/glade/scratch/wchapman/Reforecast/F006/train/F006_WY_2016_500mb_Clean.nc"...
Reading data from: "/glade/scratch/wchapman/Reforecast/F006/validate/F006_WY_2017_500mb_Clean.nc"...
Reading data from: "/glade/scratch/wchapman/Reforecast/F006/test/F006_WY_2018_500mb_Clean.nc"...


Mean and standard deviation for "IVTm" = 202.4034, 177.1282
######### ASSEMBLE!!!! ###########
########### DONE!!!! #############
#################################################
testing: ['/glade/scratch/wchapman/Reforecast/F006/validate/F006_WY_2017_500mb_Clean.nc']
validatiing: ['/glade/scratch/wchapman/Reforecast/F006/train/F006_WY_2016_500mb_Clean.nc']
#################################################
Reading data from: "/glade/scratch/wchapman/Reforecast/F006/train/F006_WY_2013_500mb_Clean.nc"...
Reading data from: "/glade/scratch/wchapman/Reforecast/F006/train/F006_WY_2014_500mb_Clean.nc"...
Reading data from: "/glade/scratch/wchapman/Reforecast/F006/train/F006_WY_2015_500mb_Clean.nc"...
Reading data from: "/glade/scratch/wchapman/Reforecast/F006/test/F006_WY_2018_500mb_Clean.nc"...
Reading data from: "/glade/scratch/wchapman/Reforecast/F006/train/F006_WY_2016_500mb_Clean.nc"...
...gathering data...
Reading data from: "/glade/scratch/wchapman/Reforecast/F006/train/F006_WY_2015_500mb_Clean.nc"...
Reading data from: "/glade/scratch/wchapman/Reforecast/F006/test/F006_WY_2018_500mb_Clean.nc"...
Reading data from: "/glade/scratch/wchapman/Reforecast/F006/train/F006_WY_2014_500mb_Clean.nc"...
Reading data from: "/glade/scratch/wchapman/Reforecast/F006/train/F006_WY_2013_500mb_Clean.nc"...
Reading data from: "/glade/scratch/wchapman/Reforecast/F006/validate/F006_WY_2017_500mb_Clean.nc"...
Model: "model"
__________________________________________________________________________________________________
Layer (type)                    Output Shape         Param #     Connected to                     
==================================================================================================
input_1 (InputLayer)            [(None, 71, 57, 6)]  0                                            
__________________________________________________________________________________________________
zero_padding2d (ZeroPadding2D)  (None, 72, 60, 6)    0           input_1[0][0]                    
__________________________________________________________________________________________________
downsampling_0_conv_0 (Conv2D)  (None, 72, 60, 16)   880         zero_padding2d[0][0]             
__________________________________________________________________________________________________
downsampling_0_batchnorm_0 (Bat (None, 72, 60, 16)   64          downsampling_0_conv_0[0][0]      
__________________________________________________________________________________________________
downsampling_0_activation_0 (Ac (None, 72, 60, 16)   0           downsampling_0_batchnorm_0[0][0] 
__________________________________________________________________________________________________
downsampling_0_conv_1 (Conv2D)  (None, 72, 60, 16)   2320        downsampling_0_activation_0[0][0]
__________________________________________________________________________________________________
downsampling_0_batchnorm_1 (Bat (None, 72, 60, 16)   64          downsampling_0_conv_1[0][0]      
__________________________________________________________________________________________________
downsampling_0_activation_1 (Ac (None, 72, 60, 16)   0           downsampling_0_batchnorm_1[0][0] 
__________________________________________________________________________________________________
max_pooling2d (MaxPooling2D)    (None, 36, 30, 16)   0           downsampling_0_activation_1[0][0]
__________________________________________________________________________________________________
bottleneck_skip_0 (Conv2D)      (None, 36, 30, 32)   4640        max_pooling2d[0][0]              
__________________________________________________________________________________________________
bottleneck_skip_1 (Conv2D)      (None, 36, 30, 32)   9248        bottleneck_skip_0[0][0]          
__________________________________________________________________________________________________
bottleneck_skip_2 (Conv2D)      (None, 36, 30, 32)   9248        bottleneck_skip_1[0][0]          
__________________________________________________________________________________________________
add (Add)                       (None, 36, 30, 32)   0           bottleneck_skip_0[0][0]          
                                                                 bottleneck_skip_1[0][0]          
                                                                 bottleneck_skip_2[0][0]          
__________________________________________________________________________________________________
upsampling_0_conv_trans_0 (Conv (None, 72, 60, 16)   2064        add[0][0]                        
__________________________________________________________________________________________________
concatenate (Concatenate)       (None, 72, 60, 32)   0           upsampling_0_conv_trans_0[0][0]  
                                                                 downsampling_0_activation_1[0][0]
__________________________________________________________________________________________________
upsampling_0_conv_0 (Conv2D)    (None, 72, 60, 16)   4624        concatenate[0][0]                
__________________________________________________________________________________________________
upsampling_0_activation_0 (Acti (None, 72, 60, 16)   0           upsampling_0_conv_0[0][0]        
__________________________________________________________________________________________________
upsampling_0_conv_1 (Conv2D)    (None, 72, 60, 16)   2320        upsampling_0_activation_0[0][0]  
__________________________________________________________________________________________________
upsampling_0_activation_1 (Acti (None, 72, 60, 16)   0           upsampling_0_conv_1[0][0]        
__________________________________________________________________________________________________
linear (Conv2D)                 (None, 72, 60, 2)    34          upsampling_0_activation_1[0][0]  
__________________________________________________________________________________________________
cropping2d (Cropping2D)         (None, 71, 57, 2)    0           linear[0][0]                     
==================================================================================================
Total params: 35,506
Trainable params: 35,442
Non-trainable params: 64
__________________________________________________________________________________________________
########### model name: /glade/scratch/wchapman/Reforecast/models/NN_CRPS/F006/StartingYear2013/CNN_2017/cpf_CRPS_val_2016_test_2017.ckpt
########### model name: /glade/scratch/wchapman/Reforecast/models/NN_CRPS/F006/StartingYear2013/CNN_2017/cpf_CRPS_val_2016_test_2017.ckpt
...binned spread skill...
RMSE PP: 34.19536797408595
RMSE WWRF: 29.602309718276516
CRMSE PP: 33.87744383908735
CRMSE WWRF: 28.64888879024621
BIAS PP: -4.652095740939828
BIAS WWRF: 7.4523697
#################################################
testing: ['/glade/scratch/wchapman/Reforecast/F006/test/F006_WY_2018_500mb_Clean.nc']
validatiing: ['/glade/scratch/wchapman/Reforecast/F006/validate/F006_WY_2017_500mb_Clean.nc']
#################################################
Reading data from: "/glade/scratch/wchapman/Reforecast/F006/train/F006_WY_2013_500mb_Clean.nc"...
Reading data from: "/glade/scratch/wchapman/Reforecast/F006/train/F006_WY_2014_500mb_Clean.nc"...
Reading data from: "/glade/scratch/wchapman/Reforecast/F006/train/F006_WY_2015_500mb_Clean.nc"...
Reading data from: "/glade/scratch/wchapman/Reforecast/F006/train/F006_WY_2016_500mb_Clean.nc"...
Reading data from: "/glade/scratch/wchapman/Reforecast/F006/validate/F006_WY_2017_500mb_Clean.nc"...
...gathering data...
Reading data from: "/glade/scratch/wchapman/Reforecast/F006/train/F006_WY_2016_500mb_Clean.nc"...
Reading data from: "/glade/scratch/wchapman/Reforecast/F006/train/F006_WY_2015_500mb_Clean.nc"...
Reading data from: "/glade/scratch/wchapman/Reforecast/F006/train/F006_WY_2013_500mb_Clean.nc"...
Reading data from: "/glade/scratch/wchapman/Reforecast/F006/train/F006_WY_2014_500mb_Clean.nc"...
Reading data from: "/glade/scratch/wchapman/Reforecast/F006/test/F006_WY_2018_500mb_Clean.nc"...
Model: "model_1"
__________________________________________________________________________________________________
Layer (type)                    Output Shape         Param #     Connected to                     
==================================================================================================
input_2 (InputLayer)            [(None, 71, 57, 6)]  0                                            
__________________________________________________________________________________________________
zero_padding2d_1 (ZeroPadding2D (None, 72, 60, 6)    0           input_2[0][0]                    
__________________________________________________________________________________________________
downsampling_0_conv_0 (Conv2D)  (None, 72, 60, 16)   880         zero_padding2d_1[0][0]           
__________________________________________________________________________________________________
downsampling_0_batchnorm_0 (Bat (None, 72, 60, 16)   64          downsampling_0_conv_0[0][0]      
__________________________________________________________________________________________________
downsampling_0_activation_0 (Ac (None, 72, 60, 16)   0           downsampling_0_batchnorm_0[0][0] 
__________________________________________________________________________________________________
downsampling_0_conv_1 (Conv2D)  (None, 72, 60, 16)   2320        downsampling_0_activation_0[0][0]
__________________________________________________________________________________________________
downsampling_0_batchnorm_1 (Bat (None, 72, 60, 16)   64          downsampling_0_conv_1[0][0]      
__________________________________________________________________________________________________
downsampling_0_activation_1 (Ac (None, 72, 60, 16)   0           downsampling_0_batchnorm_1[0][0] 
__________________________________________________________________________________________________
max_pooling2d_1 (MaxPooling2D)  (None, 36, 30, 16)   0           downsampling_0_activation_1[0][0]
__________________________________________________________________________________________________
bottleneck_skip_0 (Conv2D)      (None, 36, 30, 32)   4640        max_pooling2d_1[0][0]            
__________________________________________________________________________________________________
bottleneck_skip_1 (Conv2D)      (None, 36, 30, 32)   9248        bottleneck_skip_0[0][0]          
__________________________________________________________________________________________________
bottleneck_skip_2 (Conv2D)      (None, 36, 30, 32)   9248        bottleneck_skip_1[0][0]          
__________________________________________________________________________________________________
add_1 (Add)                     (None, 36, 30, 32)   0           bottleneck_skip_0[0][0]          
                                                                 bottleneck_skip_1[0][0]          
                                                                 bottleneck_skip_2[0][0]          
__________________________________________________________________________________________________
upsampling_0_conv_trans_0 (Conv (None, 72, 60, 16)   2064        add_1[0][0]                      
__________________________________________________________________________________________________
concatenate_1 (Concatenate)     (None, 72, 60, 32)   0           upsampling_0_conv_trans_0[0][0]  
                                                                 downsampling_0_activation_1[0][0]
__________________________________________________________________________________________________
upsampling_0_conv_0 (Conv2D)    (None, 72, 60, 16)   4624        concatenate_1[0][0]              
__________________________________________________________________________________________________
upsampling_0_activation_0 (Acti (None, 72, 60, 16)   0           upsampling_0_conv_0[0][0]        
__________________________________________________________________________________________________
upsampling_0_conv_1 (Conv2D)    (None, 72, 60, 16)   2320        upsampling_0_activation_0[0][0]  
__________________________________________________________________________________________________
upsampling_0_activation_1 (Acti (None, 72, 60, 16)   0           upsampling_0_conv_1[0][0]        
__________________________________________________________________________________________________
linear (Conv2D)                 (None, 72, 60, 2)    34          upsampling_0_activation_1[0][0]  
__________________________________________________________________________________________________
cropping2d_1 (Cropping2D)       (None, 71, 57, 2)    0           linear[0][0]                     
==================================================================================================
Total params: 35,506
Trainable params: 35,442
Non-trainable params: 64
__________________________________________________________________________________________________
########### model name: /glade/scratch/wchapman/Reforecast/models/NN_CRPS/F006/StartingYear2013/CNN_2018/cpf_CRPS_val_2017_test_2018.ckpt
########### model name: /glade/scratch/wchapman/Reforecast/models/NN_CRPS/F006/StartingYear2013/CNN_2018/cpf_CRPS_val_2017_test_2018.ckpt
...binned spread skill...
RMSE PP: 38.69566179683005
RMSE WWRF: 32.77645596590909
CRMSE PP: 37.870261241502995
CRMSE WWRF: 32.01030199455492
BIAS PP: -7.949697278871014
BIAS WWRF: 7.045334
#################################################
testing: ['/glade/scratch/wchapman/Reforecast/F006/train/F006_WY_2016_500mb_Clean.nc']
validatiing: ['/glade/scratch/wchapman/Reforecast/F006/test/F006_WY_2018_500mb_Clean.nc']
#################################################
Reading data from: "/glade/scratch/wchapman/Reforecast/F006/train/F006_WY_2013_500mb_Clean.nc"...
Reading data from: "/glade/scratch/wchapman/Reforecast/F006/train/F006_WY_2014_500mb_Clean.nc"...
Reading data from: "/glade/scratch/wchapman/Reforecast/F006/train/F006_WY_2015_500mb_Clean.nc"...
Reading data from: "/glade/scratch/wchapman/Reforecast/F006/train/F006_WY_2016_500mb_Clean.nc"...
Reading data from: "/glade/scratch/wchapman/Reforecast/F006/validate/F006_WY_2017_500mb_Clean.nc"...
Reading data from: "/glade/scratch/wchapman/Reforecast/F006/test/F006_WY_2018_500mb_Clean.nc"...
...gathering data...
Reading data from: "/glade/scratch/wchapman/Reforecast/F006/train/F006_WY_2013_500mb_Clean.nc"...
Reading data from: "/glade/scratch/wchapman/Reforecast/F006/validate/F006_WY_2017_500mb_Clean.nc"...
Reading data from: "/glade/scratch/wchapman/Reforecast/F006/train/F006_WY_2015_500mb_Clean.nc"...
Reading data from: "/glade/scratch/wchapman/Reforecast/F006/train/F006_WY_2016_500mb_Clean.nc"...
Reading data from: "/glade/scratch/wchapman/Reforecast/F006/train/F006_WY_2014_500mb_Clean.nc"...
Reading data from: "/glade/scratch/wchapman/Reforecast/F006/train/F006_WY_2016_500mb_Clean.nc"...
Model: "model_2"
__________________________________________________________________________________________________
Layer (type)                    Output Shape         Param #     Connected to                     
==================================================================================================
input_3 (InputLayer)            [(None, 71, 57, 6)]  0                                            
__________________________________________________________________________________________________
zero_padding2d_2 (ZeroPadding2D (None, 72, 60, 6)    0           input_3[0][0]                    
__________________________________________________________________________________________________
downsampling_0_conv_0 (Conv2D)  (None, 72, 60, 16)   880         zero_padding2d_2[0][0]           
__________________________________________________________________________________________________
downsampling_0_batchnorm_0 (Bat (None, 72, 60, 16)   64          downsampling_0_conv_0[0][0]      
__________________________________________________________________________________________________
downsampling_0_activation_0 (Ac (None, 72, 60, 16)   0           downsampling_0_batchnorm_0[0][0] 
__________________________________________________________________________________________________
downsampling_0_conv_1 (Conv2D)  (None, 72, 60, 16)   2320        downsampling_0_activation_0[0][0]
__________________________________________________________________________________________________
downsampling_0_batchnorm_1 (Bat (None, 72, 60, 16)   64          downsampling_0_conv_1[0][0]      
__________________________________________________________________________________________________
downsampling_0_activation_1 (Ac (None, 72, 60, 16)   0           downsampling_0_batchnorm_1[0][0] 
__________________________________________________________________________________________________
max_pooling2d_2 (MaxPooling2D)  (None, 36, 30, 16)   0           downsampling_0_activation_1[0][0]
__________________________________________________________________________________________________
bottleneck_skip_0 (Conv2D)      (None, 36, 30, 32)   4640        max_pooling2d_2[0][0]            
__________________________________________________________________________________________________
bottleneck_skip_1 (Conv2D)      (None, 36, 30, 32)   9248        bottleneck_skip_0[0][0]          
__________________________________________________________________________________________________
bottleneck_skip_2 (Conv2D)      (None, 36, 30, 32)   9248        bottleneck_skip_1[0][0]          
__________________________________________________________________________________________________
add_2 (Add)                     (None, 36, 30, 32)   0           bottleneck_skip_0[0][0]          
                                                                 bottleneck_skip_1[0][0]          
                                                                 bottleneck_skip_2[0][0]          
__________________________________________________________________________________________________
upsampling_0_conv_trans_0 (Conv (None, 72, 60, 16)   2064        add_2[0][0]                      
__________________________________________________________________________________________________
concatenate_2 (Concatenate)     (None, 72, 60, 32)   0           upsampling_0_conv_trans_0[0][0]  
                                                                 downsampling_0_activation_1[0][0]
__________________________________________________________________________________________________
upsampling_0_conv_0 (Conv2D)    (None, 72, 60, 16)   4624        concatenate_2[0][0]              
__________________________________________________________________________________________________
upsampling_0_activation_0 (Acti (None, 72, 60, 16)   0           upsampling_0_conv_0[0][0]        
__________________________________________________________________________________________________
upsampling_0_conv_1 (Conv2D)    (None, 72, 60, 16)   2320        upsampling_0_activation_0[0][0]  
__________________________________________________________________________________________________
upsampling_0_activation_1 (Acti (None, 72, 60, 16)   0           upsampling_0_conv_1[0][0]        
__________________________________________________________________________________________________
linear (Conv2D)                 (None, 72, 60, 2)    34          upsampling_0_activation_1[0][0]  
__________________________________________________________________________________________________
cropping2d_2 (Cropping2D)       (None, 71, 57, 2)    0           linear[0][0]                     
==================================================================================================
Total params: 35,506
Trainable params: 35,442
Non-trainable params: 64
__________________________________________________________________________________________________
########### model name: /glade/scratch/wchapman/Reforecast/models/NN_CRPS/F006/StartingYear2013/CNN_2016/cpf_CRPS_val_2018_test_2016.ckpt
########### model name: /glade/scratch/wchapman/Reforecast/models/NN_CRPS/F006/StartingYear2013/CNN_2016/cpf_CRPS_val_2018_test_2016.ckpt
...binned spread skill...
RMSE PP: 39.80909121497066
RMSE WWRF: 35.23373505563447
CRMSE PP: 39.0799583645048
CRMSE WWRF: 34.14440178148674
BIAS PP: -7.584228450574386
BIAS WWRF: 8.69342
IVTm shape: (52272,)
IVT mean shape: (52272,)
IVT std shape: (52272,)
                     time         OBS       Model     IVTmean     IVTstd   lat      lon
0     2016-12-01 06:00:00   73.402115   84.469673   82.774788  17.854589  30.0 -116.875
1     2016-12-02 06:00:00  156.386307  156.297043  135.033707  27.355780  30.0 -116.875
2     2016-12-03 06:00:00   85.655334   89.660027  132.499603  27.241863  30.0 -116.875
3     2016-12-04 06:00:00   94.746086  109.055954  113.632797  23.427671  30.0 -116.875
4     2016-12-05 06:00:00   95.788979  100.196281   95.955956  19.862156  30.0 -116.875
...                   ...         ...         ...         ...        ...   ...      ...
52267 2019-03-27 06:00:00   42.854740   58.441620   24.441185   7.387345  55.0 -130.000
52268 2019-03-28 06:00:00   61.853252   80.167885   37.184261  10.246115  55.0 -130.000
52269 2019-03-29 06:00:00   11.739017    8.904907    4.118593   2.103110  55.0 -130.000
52270 2019-03-30 06:00:00   11.952410   17.549515    3.265745   1.672348  55.0 -130.000
52271 2019-03-31 06:00:00   20.775810   24.134506    4.372593   2.092599  55.0 -130.000

[52272 rows x 7 columns]
time       0
OBS        0
Model      0
IVTmean    0
IVTstd     0
lat        0
lon        0
dtype: int64
                OBS         Model       IVTmean        IVTstd           lat           lon
count  52272.000000  52272.000000  52272.000000  52272.000000  52272.000000  52272.000000
mean     142.429528    150.159910    135.700859     29.901848     41.774306   -123.615451
std      135.009022    140.515099    121.755313     24.610290      6.969452      3.644501
min        0.166441      0.589478      0.654147      0.602038     30.000000   -130.000000
25%       51.287282     55.069103     50.612479     12.483575     35.875000   -125.000000
50%      100.902206    107.969601     97.468578     22.352416     41.750000   -124.375000
75%      185.334637    196.191200    181.034588     39.584690     47.625000   -121.875000
max     1167.759644   1157.348877    919.386475    192.255188     55.000000   -115.625000
['/glade/scratch/wchapman/Reforecast/F006/train/F006_WY_2016_500mb_Clean.nc', '/glade/scratch/wchapman/Reforecast/F006/validate/F006_WY_2017_500mb_Clean.nc', '/glade/scratch/wchapman/Reforecast/F006/test/F006_WY_2018_500mb_Clean.nc']
######### ASSEMBLE!!!! ###########
########### DONE!!!! #############
#################################################
testing: ['/glade/scratch/wchapman/Reforecast/F006/validate/F006_WY_2017_500mb_Clean.nc']
validatiing: ['/glade/scratch/wchapman/Reforecast/F006/train/F006_WY_2016_500mb_Clean.nc']
#################################################
Reading data from: "/glade/scratch/wchapman/Reforecast/F006/test/F006_WY_2018_500mb_Clean.nc"...
Reading data from: "/glade/scratch/wchapman/Reforecast/F006/train/F006_WY_2016_500mb_Clean.nc"...
...gathering data...
Reading data from: "/glade/scratch/wchapman/Reforecast/F006/test/F006_WY_2018_500mb_Clean.nc"...
Reading data from: "/glade/scratch/wchapman/Reforecast/F006/validate/F006_WY_2017_500mb_Clean.nc"...
Model: "model_3"
__________________________________________________________________________________________________
Layer (type)                    Output Shape         Param #     Connected to                     
==================================================================================================
input_4 (InputLayer)            [(None, 71, 57, 6)]  0                                            
__________________________________________________________________________________________________
zero_padding2d_3 (ZeroPadding2D (None, 72, 60, 6)    0           input_4[0][0]                    
__________________________________________________________________________________________________
downsampling_0_conv_0 (Conv2D)  (None, 72, 60, 16)   880         zero_padding2d_3[0][0]           
__________________________________________________________________________________________________
downsampling_0_batchnorm_0 (Bat (None, 72, 60, 16)   64          downsampling_0_conv_0[0][0]      
__________________________________________________________________________________________________
downsampling_0_activation_0 (Ac (None, 72, 60, 16)   0           downsampling_0_batchnorm_0[0][0] 
__________________________________________________________________________________________________
downsampling_0_conv_1 (Conv2D)  (None, 72, 60, 16)   2320        downsampling_0_activation_0[0][0]
__________________________________________________________________________________________________
downsampling_0_batchnorm_1 (Bat (None, 72, 60, 16)   64          downsampling_0_conv_1[0][0]      
__________________________________________________________________________________________________
downsampling_0_activation_1 (Ac (None, 72, 60, 16)   0           downsampling_0_batchnorm_1[0][0] 
__________________________________________________________________________________________________
max_pooling2d_3 (MaxPooling2D)  (None, 36, 30, 16)   0           downsampling_0_activation_1[0][0]
__________________________________________________________________________________________________
bottleneck_skip_0 (Conv2D)      (None, 36, 30, 32)   4640        max_pooling2d_3[0][0]            
__________________________________________________________________________________________________
bottleneck_skip_1 (Conv2D)      (None, 36, 30, 32)   9248        bottleneck_skip_0[0][0]          
__________________________________________________________________________________________________
bottleneck_skip_2 (Conv2D)      (None, 36, 30, 32)   9248        bottleneck_skip_1[0][0]          
__________________________________________________________________________________________________
add_3 (Add)                     (None, 36, 30, 32)   0           bottleneck_skip_0[0][0]          
                                                                 bottleneck_skip_1[0][0]          
                                                                 bottleneck_skip_2[0][0]          
__________________________________________________________________________________________________
upsampling_0_conv_trans_0 (Conv (None, 72, 60, 16)   2064        add_3[0][0]                      
__________________________________________________________________________________________________
concatenate_3 (Concatenate)     (None, 72, 60, 32)   0           upsampling_0_conv_trans_0[0][0]  
                                                                 downsampling_0_activation_1[0][0]
__________________________________________________________________________________________________
upsampling_0_conv_0 (Conv2D)    (None, 72, 60, 16)   4624        concatenate_3[0][0]              
__________________________________________________________________________________________________
upsampling_0_activation_0 (Acti (None, 72, 60, 16)   0           upsampling_0_conv_0[0][0]        
__________________________________________________________________________________________________
upsampling_0_conv_1 (Conv2D)    (None, 72, 60, 16)   2320        upsampling_0_activation_0[0][0]  
__________________________________________________________________________________________________
upsampling_0_activation_1 (Acti (None, 72, 60, 16)   0           upsampling_0_conv_1[0][0]        
__________________________________________________________________________________________________
linear (Conv2D)                 (None, 72, 60, 2)    34          upsampling_0_activation_1[0][0]  
__________________________________________________________________________________________________
cropping2d_3 (Cropping2D)       (None, 71, 57, 2)    0           linear[0][0]                     
==================================================================================================
Total params: 35,506
Trainable params: 35,442
Non-trainable params: 64
__________________________________________________________________________________________________
Model: "model_4"
__________________________________________________________________________________________________
Layer (type)                    Output Shape         Param #     Connected to                     
==================================================================================================
input_4 (InputLayer)            [(None, 71, 57, 6)]  0                                            
__________________________________________________________________________________________________
zero_padding2d_3 (ZeroPadding2D (None, 72, 60, 6)    0           input_4[0][0]                    
__________________________________________________________________________________________________
downsampling_0_conv_0 (Conv2D)  (None, 72, 60, 16)   880         zero_padding2d_3[0][0]           
__________________________________________________________________________________________________
downsampling_0_batchnorm_0 (Bat (None, 72, 60, 16)   64          downsampling_0_conv_0[0][0]      
__________________________________________________________________________________________________
downsampling_0_activation_0 (Ac (None, 72, 60, 16)   0           downsampling_0_batchnorm_0[0][0] 
__________________________________________________________________________________________________
downsampling_0_conv_1 (Conv2D)  (None, 72, 60, 16)   2320        downsampling_0_activation_0[0][0]
__________________________________________________________________________________________________
downsampling_0_batchnorm_1 (Bat (None, 72, 60, 16)   64          downsampling_0_conv_1[0][0]      
__________________________________________________________________________________________________
downsampling_0_activation_1 (Ac (None, 72, 60, 16)   0           downsampling_0_batchnorm_1[0][0] 
__________________________________________________________________________________________________
max_pooling2d_3 (MaxPooling2D)  (None, 36, 30, 16)   0           downsampling_0_activation_1[0][0]
__________________________________________________________________________________________________
bottleneck_skip_0 (Conv2D)      (None, 36, 30, 32)   4640        max_pooling2d_3[0][0]            
__________________________________________________________________________________________________
bottleneck_skip_1 (Conv2D)      (None, 36, 30, 32)   9248        bottleneck_skip_0[0][0]          
__________________________________________________________________________________________________
bottleneck_skip_2 (Conv2D)      (None, 36, 30, 32)   9248        bottleneck_skip_1[0][0]          
__________________________________________________________________________________________________
add_3 (Add)                     (None, 36, 30, 32)   0           bottleneck_skip_0[0][0]          
                                                                 bottleneck_skip_1[0][0]          
                                                                 bottleneck_skip_2[0][0]          
__________________________________________________________________________________________________
upsampling_0_conv_trans_0 (Conv (None, 72, 60, 16)   2064        add_3[0][0]                      
__________________________________________________________________________________________________
concatenate_3 (Concatenate)     (None, 72, 60, 32)   0           upsampling_0_conv_trans_0[0][0]  
                                                                 downsampling_0_activation_1[0][0]
__________________________________________________________________________________________________
upsampling_0_conv_0 (Conv2D)    (None, 72, 60, 16)   4624        concatenate_3[0][0]              
__________________________________________________________________________________________________
upsampling_0_activation_0 (Acti (None, 72, 60, 16)   0           upsampling_0_conv_0[0][0]        
__________________________________________________________________________________________________
upsampling_0_conv_1 (Conv2D)    (None, 72, 60, 16)   2320        upsampling_0_activation_0[0][0]  
__________________________________________________________________________________________________
upsampling_0_activation_1 (Acti (None, 72, 60, 16)   0           upsampling_0_conv_1[0][0]        
__________________________________________________________________________________________________
linear (Conv2D)                 (None, 72, 60, 2)    34          upsampling_0_activation_1[0][0]  
__________________________________________________________________________________________________
cropping2d_3 (Cropping2D)       (None, 71, 57, 2)    0           linear[0][0]                     
__________________________________________________________________________________________________
conv2d (Conv2D)                 (None, 71, 57, 32)   608         cropping2d_3[0][0]               
__________________________________________________________________________________________________
conv2d_1 (Conv2D)               (None, 71, 57, 2)    578         conv2d[0][0]                     
==================================================================================================
Total params: 36,692
Trainable params: 36,628
Non-trainable params: 64
__________________________________________________________________________________________________
########### Loading old model weights name: /glade/scratch/wchapman/Reforecast/models/NN_CRPS/F006/StartingYear2013/CNN_2017/cpf_CRPS_FINETUNE_val_2016_test_2017.ckpt
...binned spread skill...
RMSE PP: 33.315916330885635
RMSE WWRF: 29.602309718276516
CRMSE PP: 33.311611463553945
CRMSE WWRF: 28.64888879024621
BIAS PP: -0.5355238087742151
BIAS WWRF: 7.4523697
#################################################
testing: ['/glade/scratch/wchapman/Reforecast/F006/test/F006_WY_2018_500mb_Clean.nc']
validatiing: ['/glade/scratch/wchapman/Reforecast/F006/validate/F006_WY_2017_500mb_Clean.nc']
#################################################
Reading data from: "/glade/scratch/wchapman/Reforecast/F006/train/F006_WY_2016_500mb_Clean.nc"...
Reading data from: "/glade/scratch/wchapman/Reforecast/F006/validate/F006_WY_2017_500mb_Clean.nc"...
...gathering data...
Reading data from: "/glade/scratch/wchapman/Reforecast/F006/train/F006_WY_2016_500mb_Clean.nc"...
Reading data from: "/glade/scratch/wchapman/Reforecast/F006/test/F006_WY_2018_500mb_Clean.nc"...
Model: "model_5"
__________________________________________________________________________________________________
Layer (type)                    Output Shape         Param #     Connected to                     
==================================================================================================
input_5 (InputLayer)            [(None, 71, 57, 6)]  0                                            
__________________________________________________________________________________________________
zero_padding2d_4 (ZeroPadding2D (None, 72, 60, 6)    0           input_5[0][0]                    
__________________________________________________________________________________________________
downsampling_0_conv_0 (Conv2D)  (None, 72, 60, 16)   880         zero_padding2d_4[0][0]           
__________________________________________________________________________________________________
downsampling_0_batchnorm_0 (Bat (None, 72, 60, 16)   64          downsampling_0_conv_0[0][0]      
__________________________________________________________________________________________________
downsampling_0_activation_0 (Ac (None, 72, 60, 16)   0           downsampling_0_batchnorm_0[0][0] 
__________________________________________________________________________________________________
downsampling_0_conv_1 (Conv2D)  (None, 72, 60, 16)   2320        downsampling_0_activation_0[0][0]
__________________________________________________________________________________________________
downsampling_0_batchnorm_1 (Bat (None, 72, 60, 16)   64          downsampling_0_conv_1[0][0]      
__________________________________________________________________________________________________
downsampling_0_activation_1 (Ac (None, 72, 60, 16)   0           downsampling_0_batchnorm_1[0][0] 
__________________________________________________________________________________________________
max_pooling2d_4 (MaxPooling2D)  (None, 36, 30, 16)   0           downsampling_0_activation_1[0][0]
__________________________________________________________________________________________________
bottleneck_skip_0 (Conv2D)      (None, 36, 30, 32)   4640        max_pooling2d_4[0][0]            
__________________________________________________________________________________________________
bottleneck_skip_1 (Conv2D)      (None, 36, 30, 32)   9248        bottleneck_skip_0[0][0]          
__________________________________________________________________________________________________
bottleneck_skip_2 (Conv2D)      (None, 36, 30, 32)   9248        bottleneck_skip_1[0][0]          
__________________________________________________________________________________________________
add_4 (Add)                     (None, 36, 30, 32)   0           bottleneck_skip_0[0][0]          
                                                                 bottleneck_skip_1[0][0]          
                                                                 bottleneck_skip_2[0][0]          
__________________________________________________________________________________________________
upsampling_0_conv_trans_0 (Conv (None, 72, 60, 16)   2064        add_4[0][0]                      
__________________________________________________________________________________________________
concatenate_4 (Concatenate)     (None, 72, 60, 32)   0           upsampling_0_conv_trans_0[0][0]  
                                                                 downsampling_0_activation_1[0][0]
__________________________________________________________________________________________________
upsampling_0_conv_0 (Conv2D)    (None, 72, 60, 16)   4624        concatenate_4[0][0]              
__________________________________________________________________________________________________
upsampling_0_activation_0 (Acti (None, 72, 60, 16)   0           upsampling_0_conv_0[0][0]        
__________________________________________________________________________________________________
upsampling_0_conv_1 (Conv2D)    (None, 72, 60, 16)   2320        upsampling_0_activation_0[0][0]  
__________________________________________________________________________________________________
upsampling_0_activation_1 (Acti (None, 72, 60, 16)   0           upsampling_0_conv_1[0][0]        
__________________________________________________________________________________________________
linear (Conv2D)                 (None, 72, 60, 2)    34          upsampling_0_activation_1[0][0]  
__________________________________________________________________________________________________
cropping2d_4 (Cropping2D)       (None, 71, 57, 2)    0           linear[0][0]                     
==================================================================================================
Total params: 35,506
Trainable params: 35,442
Non-trainable params: 64
__________________________________________________________________________________________________
Model: "model_6"
__________________________________________________________________________________________________
Layer (type)                    Output Shape         Param #     Connected to                     
==================================================================================================
input_5 (InputLayer)            [(None, 71, 57, 6)]  0                                            
__________________________________________________________________________________________________
zero_padding2d_4 (ZeroPadding2D (None, 72, 60, 6)    0           input_5[0][0]                    
__________________________________________________________________________________________________
downsampling_0_conv_0 (Conv2D)  (None, 72, 60, 16)   880         zero_padding2d_4[0][0]           
__________________________________________________________________________________________________
downsampling_0_batchnorm_0 (Bat (None, 72, 60, 16)   64          downsampling_0_conv_0[0][0]      
__________________________________________________________________________________________________
downsampling_0_activation_0 (Ac (None, 72, 60, 16)   0           downsampling_0_batchnorm_0[0][0] 
__________________________________________________________________________________________________
downsampling_0_conv_1 (Conv2D)  (None, 72, 60, 16)   2320        downsampling_0_activation_0[0][0]
__________________________________________________________________________________________________
downsampling_0_batchnorm_1 (Bat (None, 72, 60, 16)   64          downsampling_0_conv_1[0][0]      
__________________________________________________________________________________________________
downsampling_0_activation_1 (Ac (None, 72, 60, 16)   0           downsampling_0_batchnorm_1[0][0] 
__________________________________________________________________________________________________
max_pooling2d_4 (MaxPooling2D)  (None, 36, 30, 16)   0           downsampling_0_activation_1[0][0]
__________________________________________________________________________________________________
bottleneck_skip_0 (Conv2D)      (None, 36, 30, 32)   4640        max_pooling2d_4[0][0]            
__________________________________________________________________________________________________
bottleneck_skip_1 (Conv2D)      (None, 36, 30, 32)   9248        bottleneck_skip_0[0][0]          
__________________________________________________________________________________________________
bottleneck_skip_2 (Conv2D)      (None, 36, 30, 32)   9248        bottleneck_skip_1[0][0]          
__________________________________________________________________________________________________
add_4 (Add)                     (None, 36, 30, 32)   0           bottleneck_skip_0[0][0]          
                                                                 bottleneck_skip_1[0][0]          
                                                                 bottleneck_skip_2[0][0]          
__________________________________________________________________________________________________
upsampling_0_conv_trans_0 (Conv (None, 72, 60, 16)   2064        add_4[0][0]                      
__________________________________________________________________________________________________
concatenate_4 (Concatenate)     (None, 72, 60, 32)   0           upsampling_0_conv_trans_0[0][0]  
                                                                 downsampling_0_activation_1[0][0]
__________________________________________________________________________________________________
upsampling_0_conv_0 (Conv2D)    (None, 72, 60, 16)   4624        concatenate_4[0][0]              
__________________________________________________________________________________________________
upsampling_0_activation_0 (Acti (None, 72, 60, 16)   0           upsampling_0_conv_0[0][0]        
__________________________________________________________________________________________________
upsampling_0_conv_1 (Conv2D)    (None, 72, 60, 16)   2320        upsampling_0_activation_0[0][0]  
__________________________________________________________________________________________________
upsampling_0_activation_1 (Acti (None, 72, 60, 16)   0           upsampling_0_conv_1[0][0]        
__________________________________________________________________________________________________
linear (Conv2D)                 (None, 72, 60, 2)    34          upsampling_0_activation_1[0][0]  
__________________________________________________________________________________________________
cropping2d_4 (Cropping2D)       (None, 71, 57, 2)    0           linear[0][0]                     
__________________________________________________________________________________________________
conv2d_2 (Conv2D)               (None, 71, 57, 32)   608         cropping2d_4[0][0]               
__________________________________________________________________________________________________
conv2d_3 (Conv2D)               (None, 71, 57, 2)    578         conv2d_2[0][0]                   
==================================================================================================
Total params: 36,692
Trainable params: 36,628
Non-trainable params: 64
__________________________________________________________________________________________________
########### Loading old model weights name: /glade/scratch/wchapman/Reforecast/models/NN_CRPS/F006/StartingYear2013/CNN_2018/cpf_CRPS_FINETUNE_val_2017_test_2018.ckpt
...binned spread skill...
RMSE PP: 38.0197557803323
RMSE WWRF: 32.77645596590909
CRMSE PP: 37.80402365468064
CRMSE WWRF: 32.01030199455492
BIAS PP: -4.044467052097588
BIAS WWRF: 7.045334
#################################################
testing: ['/glade/scratch/wchapman/Reforecast/F006/train/F006_WY_2016_500mb_Clean.nc']
validatiing: ['/glade/scratch/wchapman/Reforecast/F006/test/F006_WY_2018_500mb_Clean.nc']
#################################################
Reading data from: "/glade/scratch/wchapman/Reforecast/F006/train/F006_WY_2016_500mb_Clean.nc"...
Reading data from: "/glade/scratch/wchapman/Reforecast/F006/validate/F006_WY_2017_500mb_Clean.nc"...
Reading data from: "/glade/scratch/wchapman/Reforecast/F006/test/F006_WY_2018_500mb_Clean.nc"...
...gathering data...
Reading data from: "/glade/scratch/wchapman/Reforecast/F006/validate/F006_WY_2017_500mb_Clean.nc"...
Reading data from: "/glade/scratch/wchapman/Reforecast/F006/train/F006_WY_2016_500mb_Clean.nc"...
Reading data from: "/glade/scratch/wchapman/Reforecast/F006/train/F006_WY_2016_500mb_Clean.nc"...
Model: "model_7"
__________________________________________________________________________________________________
Layer (type)                    Output Shape         Param #     Connected to                     
==================================================================================================
input_6 (InputLayer)            [(None, 71, 57, 6)]  0                                            
__________________________________________________________________________________________________
zero_padding2d_5 (ZeroPadding2D (None, 72, 60, 6)    0           input_6[0][0]                    
__________________________________________________________________________________________________
downsampling_0_conv_0 (Conv2D)  (None, 72, 60, 16)   880         zero_padding2d_5[0][0]           
__________________________________________________________________________________________________
downsampling_0_batchnorm_0 (Bat (None, 72, 60, 16)   64          downsampling_0_conv_0[0][0]      
__________________________________________________________________________________________________
downsampling_0_activation_0 (Ac (None, 72, 60, 16)   0           downsampling_0_batchnorm_0[0][0] 
__________________________________________________________________________________________________
downsampling_0_conv_1 (Conv2D)  (None, 72, 60, 16)   2320        downsampling_0_activation_0[0][0]
__________________________________________________________________________________________________
downsampling_0_batchnorm_1 (Bat (None, 72, 60, 16)   64          downsampling_0_conv_1[0][0]      
__________________________________________________________________________________________________
downsampling_0_activation_1 (Ac (None, 72, 60, 16)   0           downsampling_0_batchnorm_1[0][0] 
__________________________________________________________________________________________________
max_pooling2d_5 (MaxPooling2D)  (None, 36, 30, 16)   0           downsampling_0_activation_1[0][0]
__________________________________________________________________________________________________
bottleneck_skip_0 (Conv2D)      (None, 36, 30, 32)   4640        max_pooling2d_5[0][0]            
__________________________________________________________________________________________________
bottleneck_skip_1 (Conv2D)      (None, 36, 30, 32)   9248        bottleneck_skip_0[0][0]          
__________________________________________________________________________________________________
bottleneck_skip_2 (Conv2D)      (None, 36, 30, 32)   9248        bottleneck_skip_1[0][0]          
__________________________________________________________________________________________________
add_5 (Add)                     (None, 36, 30, 32)   0           bottleneck_skip_0[0][0]          
                                                                 bottleneck_skip_1[0][0]          
                                                                 bottleneck_skip_2[0][0]          
__________________________________________________________________________________________________
upsampling_0_conv_trans_0 (Conv (None, 72, 60, 16)   2064        add_5[0][0]                      
__________________________________________________________________________________________________
concatenate_5 (Concatenate)     (None, 72, 60, 32)   0           upsampling_0_conv_trans_0[0][0]  
                                                                 downsampling_0_activation_1[0][0]
__________________________________________________________________________________________________
upsampling_0_conv_0 (Conv2D)    (None, 72, 60, 16)   4624        concatenate_5[0][0]              
__________________________________________________________________________________________________
upsampling_0_activation_0 (Acti (None, 72, 60, 16)   0           upsampling_0_conv_0[0][0]        
__________________________________________________________________________________________________
upsampling_0_conv_1 (Conv2D)    (None, 72, 60, 16)   2320        upsampling_0_activation_0[0][0]  
__________________________________________________________________________________________________
upsampling_0_activation_1 (Acti (None, 72, 60, 16)   0           upsampling_0_conv_1[0][0]        
__________________________________________________________________________________________________
linear (Conv2D)                 (None, 72, 60, 2)    34          upsampling_0_activation_1[0][0]  
__________________________________________________________________________________________________
cropping2d_5 (Cropping2D)       (None, 71, 57, 2)    0           linear[0][0]                     
==================================================================================================
Total params: 35,506
Trainable params: 35,442
Non-trainable params: 64
__________________________________________________________________________________________________
Model: "model_8"
__________________________________________________________________________________________________
Layer (type)                    Output Shape         Param #     Connected to                     
==================================================================================================
input_6 (InputLayer)            [(None, 71, 57, 6)]  0                                            
__________________________________________________________________________________________________
zero_padding2d_5 (ZeroPadding2D (None, 72, 60, 6)    0           input_6[0][0]                    
__________________________________________________________________________________________________
downsampling_0_conv_0 (Conv2D)  (None, 72, 60, 16)   880         zero_padding2d_5[0][0]           
__________________________________________________________________________________________________
downsampling_0_batchnorm_0 (Bat (None, 72, 60, 16)   64          downsampling_0_conv_0[0][0]      
__________________________________________________________________________________________________
downsampling_0_activation_0 (Ac (None, 72, 60, 16)   0           downsampling_0_batchnorm_0[0][0] 
__________________________________________________________________________________________________
downsampling_0_conv_1 (Conv2D)  (None, 72, 60, 16)   2320        downsampling_0_activation_0[0][0]
__________________________________________________________________________________________________
downsampling_0_batchnorm_1 (Bat (None, 72, 60, 16)   64          downsampling_0_conv_1[0][0]      
__________________________________________________________________________________________________
downsampling_0_activation_1 (Ac (None, 72, 60, 16)   0           downsampling_0_batchnorm_1[0][0] 
__________________________________________________________________________________________________
max_pooling2d_5 (MaxPooling2D)  (None, 36, 30, 16)   0           downsampling_0_activation_1[0][0]
__________________________________________________________________________________________________
bottleneck_skip_0 (Conv2D)      (None, 36, 30, 32)   4640        max_pooling2d_5[0][0]            
__________________________________________________________________________________________________
bottleneck_skip_1 (Conv2D)      (None, 36, 30, 32)   9248        bottleneck_skip_0[0][0]          
__________________________________________________________________________________________________
bottleneck_skip_2 (Conv2D)      (None, 36, 30, 32)   9248        bottleneck_skip_1[0][0]          
__________________________________________________________________________________________________
add_5 (Add)                     (None, 36, 30, 32)   0           bottleneck_skip_0[0][0]          
                                                                 bottleneck_skip_1[0][0]          
                                                                 bottleneck_skip_2[0][0]          
__________________________________________________________________________________________________
upsampling_0_conv_trans_0 (Conv (None, 72, 60, 16)   2064        add_5[0][0]                      
__________________________________________________________________________________________________
concatenate_5 (Concatenate)     (None, 72, 60, 32)   0           upsampling_0_conv_trans_0[0][0]  
                                                                 downsampling_0_activation_1[0][0]
__________________________________________________________________________________________________
upsampling_0_conv_0 (Conv2D)    (None, 72, 60, 16)   4624        concatenate_5[0][0]              
__________________________________________________________________________________________________
upsampling_0_activation_0 (Acti (None, 72, 60, 16)   0           upsampling_0_conv_0[0][0]        
__________________________________________________________________________________________________
upsampling_0_conv_1 (Conv2D)    (None, 72, 60, 16)   2320        upsampling_0_activation_0[0][0]  
__________________________________________________________________________________________________
upsampling_0_activation_1 (Acti (None, 72, 60, 16)   0           upsampling_0_conv_1[0][0]        
__________________________________________________________________________________________________
linear (Conv2D)                 (None, 72, 60, 2)    34          upsampling_0_activation_1[0][0]  
__________________________________________________________________________________________________
cropping2d_5 (Cropping2D)       (None, 71, 57, 2)    0           linear[0][0]                     
__________________________________________________________________________________________________
conv2d_4 (Conv2D)               (None, 71, 57, 32)   608         cropping2d_5[0][0]               
__________________________________________________________________________________________________
conv2d_5 (Conv2D)               (None, 71, 57, 2)    578         conv2d_4[0][0]                   
==================================================================================================
Total params: 36,692
Trainable params: 36,628
Non-trainable params: 64
__________________________________________________________________________________________________
########### Loading old model weights name: /glade/scratch/wchapman/Reforecast/models/NN_CRPS/F006/StartingYear2013/CNN_2016/cpf_CRPS_FINETUNE_val_2018_test_2016.ckpt
...binned spread skill...
RMSE PP: 35.595164069130945
RMSE WWRF: 35.23373505563447
CRMSE PP: 35.27103681646264
CRMSE WWRF: 34.14440178148674
BIAS PP: -4.7926618504424425
BIAS WWRF: 8.69342
IVTm shape: (52272,)
IVT mean shape: (52272,)
IVT std shape: (52272,)
#############################################################################
############## *I hope that is okay baby* - gale beggy ######################
#############################################################################
done
                     time         OBS       Model     IVTmean     IVTstd   lat      lon
0     2016-12-01 06:00:00   73.402115   84.469673   84.072350  14.047669  30.0 -116.875
1     2016-12-02 06:00:00  156.386307  156.297043  138.037781  23.750343  30.0 -116.875
2     2016-12-03 06:00:00   85.655334   89.660027  135.603241  24.122005  30.0 -116.875
3     2016-12-04 06:00:00   94.746086  109.055954  118.442863  19.152935  30.0 -116.875
4     2016-12-05 06:00:00   95.788979  100.196281   99.052994  15.277505  30.0 -116.875
...                   ...         ...         ...         ...        ...   ...      ...
52267 2019-03-27 06:00:00   42.854740   58.441620   26.312328   9.929651  55.0 -130.000
52268 2019-03-28 06:00:00   61.853252   80.167885   39.050503  10.559637  55.0 -130.000
52269 2019-03-29 06:00:00   11.739017    8.904907    4.461376   3.588238  55.0 -130.000
52270 2019-03-30 06:00:00   11.952410   17.549515    3.328133   3.052840  55.0 -130.000
52271 2019-03-31 06:00:00   20.775810   24.134506    4.542360   3.000746  55.0 -130.000

[52272 rows x 7 columns]
time       0
OBS        0
Model      0
IVTmean    0
IVTstd     0
lat        0
lon        0
dtype: int64
                OBS         Model       IVTmean        IVTstd           lat           lon
count  52272.000000  52272.000000  52272.000000  52272.000000  52272.000000  52272.000000
mean     142.429528    150.159910    139.305315     28.327379     41.774306   -123.615451
std      135.009022    140.515099    125.742070     20.721395      6.969452      3.644501
min        0.166441      0.589478      0.513696      2.114800     30.000000   -130.000000
25%       51.287282     55.069103     51.753073     13.764350     35.875000   -125.000000
50%      100.902206    107.969601     99.715866     22.278610     41.750000   -124.375000
75%      185.334637    196.191200    185.010044     36.444632     47.625000   -121.875000
max     1167.759644   1157.348877    983.394043    156.283585     55.000000   -115.625000
                     time         OBS       Model     IVTmean     IVTstd   lat      lon
0     2016-12-01 06:00:00   73.402115   84.469673   82.774788  17.854589  30.0 -116.875
1     2016-12-02 06:00:00  156.386307  156.297043  135.033707  27.355780  30.0 -116.875
2     2016-12-03 06:00:00   85.655334   89.660027  132.499603  27.241863  30.0 -116.875
3     2016-12-04 06:00:00   94.746086  109.055954  113.632797  23.427671  30.0 -116.875
4     2016-12-05 06:00:00   95.788979  100.196281   95.955956  19.862156  30.0 -116.875
...                   ...         ...         ...         ...        ...   ...      ...
52267 2019-03-27 06:00:00   42.854740   58.441620   24.441185   7.387345  55.0 -130.000
52268 2019-03-28 06:00:00   61.853252   80.167885   37.184261  10.246115  55.0 -130.000
52269 2019-03-29 06:00:00   11.739017    8.904907    4.118593   2.103110  55.0 -130.000
52270 2019-03-30 06:00:00   11.952410   17.549515    3.265745   1.672348  55.0 -130.000
52271 2019-03-31 06:00:00   20.775810   24.134506    4.372593   2.092599  55.0 -130.000

[52272 rows x 7 columns]
time       0
OBS        0
Model      0
IVTmean    0
IVTstd     0
lat        0
lon        0
dtype: int64
                OBS         Model       IVTmean        IVTstd           lat           lon
count  52272.000000  52272.000000  52272.000000  52272.000000  52272.000000  52272.000000
mean     142.429528    150.159910    135.700859     29.901848     41.774306   -123.615451
std      135.009022    140.515099    121.755313     24.610290      6.969452      3.644501
min        0.166441      0.589478      0.654147      0.602038     30.000000   -130.000000
25%       51.287282     55.069103     50.612479     12.483575     35.875000   -125.000000
50%      100.902206    107.969601     97.468578     22.352416     41.750000   -124.375000
75%      185.334637    196.191200    181.034588     39.584690     47.625000   -121.875000
max     1167.759644   1157.348877    919.386475    192.255188     55.000000   -115.625000
#############################################################################
############## *I hope that is okay baby* - gale beggy ######################
#############################################################################
/glade/scratch/wchapman/Reforecast/models/NN_CRPS/F006/Reforecast_out/NN_CRPS_CNNPP_StartingYear2013_FINETUNEref2.pkl
/glade/scratch/wchapman/Reforecast/models/NN_CRPS/F006/Reforecast_out/NN_CRPS_CNNPP_StartingYear2013_FINETUNEref2.pkl
/glade/scratch/wchapman/Reforecast/models/NN_CRPS/F006/Reforecast_out/NN_CRPS_CNNPP_StartingYear2013_FINETUNEref2.pkl
/glade/scratch/wchapman/Reforecast/models/NN_CRPS/F006/Reforecast_out/NN_CRPS_CNNPP_StartingYear2013_FINETUNEref2.pkl
/glade/scratch/wchapman/Reforecast/models/NN_CRPS/F006/Reforecast_out/NN_CRPS_CNNPP_StartingYear2013_FINETUNEref2.pkl
/glade/scratch/wchapman/Reforecast/models/NN_CRPS/F006/Reforecast_out/NN_CRPS_CNNPP_StartingYear2013_FINETUNEref2.pkl
/glade/scratch/wchapman/Reforecast/models/NN_CRPS/F006/Reforecast_out/NN_CRPS_CNNPP_StartingYear2013_FINETUNEref2.pkl
/glade/scratch/wchapman/Reforecast/models/NN_CRPS/F006/Reforecast_out/NN_CRPS_CNNPP_StartingYear2013_FINETUNEref2.pkl
/glade/scratch/wchapman/Reforecast/models/NN_CRPS/F006/Reforecast_out/NN_CRPS_CNNPP_StartingYear2013_FINETUNEref2.pkl
/glade/scratch/wchapman/Reforecast/models/NN_CRPS/F006/Reforecast_out/NN_CRPS_CNNPP_StartingYear2013_FINETUNEref2.pkl
WARNING:tensorflow:Unresolved object in checkpoint: (root).optimizer.iter
WARNING:tensorflow:Unresolved object in checkpoint: (root).optimizer.beta_1
WARNING:tensorflow:Unresolved object in checkpoint: (root).optimizer.beta_2
WARNING:tensorflow:Unresolved object in checkpoint: (root).optimizer.decay
WARNING:tensorflow:Unresolved object in checkpoint: (root).optimizer.learning_rate
WARNING:tensorflow:A checkpoint was restored (e.g. tf.train.Checkpoint.restore or tf.keras.Model.load_weights) but not all checkpointed values were used. See above for specific issues. Use expect_partial() on the load status object, e.g. tf.train.Checkpoint.restore(...).expect_partial(), to silence these warnings, or use assert_consumed() to make the check explicit. See https://www.tensorflow.org/guide/checkpoint#loading_mechanics for details.
WARNING:tensorflow:Unresolved object in checkpoint: (root).optimizer.iter
WARNING:tensorflow:Unresolved object in checkpoint: (root).optimizer.beta_1
WARNING:tensorflow:Unresolved object in checkpoint: (root).optimizer.beta_2
WARNING:tensorflow:Unresolved object in checkpoint: (root).optimizer.decay
WARNING:tensorflow:Unresolved object in checkpoint: (root).optimizer.learning_rate
WARNING:tensorflow:A checkpoint was restored (e.g. tf.train.Checkpoint.restore or tf.keras.Model.load_weights) but not all checkpointed values were used. See above for specific issues. Use expect_partial() on the load status object, e.g. tf.train.Checkpoint.restore(...).expect_partial(), to silence these warnings, or use assert_consumed() to make the check explicit. See https://www.tensorflow.org/guide/checkpoint#loading_mechanics for details.
WARNING:tensorflow:Unresolved object in checkpoint: (root).optimizer.iter
WARNING:tensorflow:Unresolved object in checkpoint: (root).optimizer.beta_1
WARNING:tensorflow:Unresolved object in checkpoint: (root).optimizer.beta_2
WARNING:tensorflow:Unresolved object in checkpoint: (root).optimizer.decay
WARNING:tensorflow:Unresolved object in checkpoint: (root).optimizer.learning_rate
WARNING:tensorflow:A checkpoint was restored (e.g. tf.train.Checkpoint.restore or tf.keras.Model.load_weights) but not all checkpointed values were used. See above for specific issues. Use expect_partial() on the load status object, e.g. tf.train.Checkpoint.restore(...).expect_partial(), to silence these warnings, or use assert_consumed() to make the check explicit. See https://www.tensorflow.org/guide/checkpoint#loading_mechanics for details.
WARNING:tensorflow:Unresolved object in checkpoint: (root).optimizer.iter
WARNING:tensorflow:Unresolved object in checkpoint: (root).optimizer.beta_1
WARNING:tensorflow:Unresolved object in checkpoint: (root).optimizer.beta_2
WARNING:tensorflow:Unresolved object in checkpoint: (root).optimizer.decay
WARNING:tensorflow:Unresolved object in checkpoint: (root).optimizer.learning_rate
WARNING:tensorflow:A checkpoint was restored (e.g. tf.train.Checkpoint.restore or tf.keras.Model.load_weights) but not all checkpointed values were used. See above for specific issues. Use expect_partial() on the load status object, e.g. tf.train.Checkpoint.restore(...).expect_partial(), to silence these warnings, or use assert_consumed() to make the check explicit. See https://www.tensorflow.org/guide/checkpoint#loading_mechanics for details.
WARNING:tensorflow:Unresolved object in checkpoint: (root).optimizer.iter
WARNING:tensorflow:Unresolved object in checkpoint: (root).optimizer.beta_1
WARNING:tensorflow:Unresolved object in checkpoint: (root).optimizer.beta_2
WARNING:tensorflow:Unresolved object in checkpoint: (root).optimizer.decay
WARNING:tensorflow:Unresolved object in checkpoint: (root).optimizer.learning_rate
WARNING:tensorflow:A checkpoint was restored (e.g. tf.train.Checkpoint.restore or tf.keras.Model.load_weights) but not all checkpointed values were used. See above for specific issues. Use expect_partial() on the load status object, e.g. tf.train.Checkpoint.restore(...).expect_partial(), to silence these warnings, or use assert_consumed() to make the check explicit. See https://www.tensorflow.org/guide/checkpoint#loading_mechanics for details.
