2020-11-09 20:18:03.833247: I tensorflow/core/platform/cpu_feature_guard.cc:142] Your CPU supports instructions that this TensorFlow binary was not compiled to use: SSE4.1 SSE4.2 AVX AVX2 AVX512F FMA
2020-11-09 20:18:03.945445: I tensorflow/core/platform/profile_utils/cpu_utils.cc:94] CPU Frequency: 2300000000 Hz
2020-11-09 20:18:03.945777: I tensorflow/compiler/xla/service/service.cc:168] XLA service 0x55e5175fda20 initialized for platform Host (this does not guarantee that XLA will be used). Devices:
2020-11-09 20:18:03.945808: I tensorflow/compiler/xla/service/service.cc:176]   StreamExecutor device (0): Host, Default Version
2020-11-09 20:18:03.947526: I tensorflow/stream_executor/platform/default/dso_loader.cc:44] Successfully opened dynamic library libcuda.so.1
2020-11-09 20:18:04.055635: I tensorflow/core/common_runtime/gpu/gpu_device.cc:1555] Found device 0 with properties: 
pciBusID: 0000:1a:00.0 name: Tesla V100-SXM2-32GB computeCapability: 7.0
coreClock: 1.53GHz coreCount: 80 deviceMemorySize: 31.75GiB deviceMemoryBandwidth: 836.37GiB/s
2020-11-09 20:18:04.078478: I tensorflow/stream_executor/platform/default/dso_loader.cc:44] Successfully opened dynamic library libcudart.so.10.1
2020-11-09 20:18:04.201293: I tensorflow/stream_executor/platform/default/dso_loader.cc:44] Successfully opened dynamic library libcublas.so.10
2020-11-09 20:18:04.270300: I tensorflow/stream_executor/platform/default/dso_loader.cc:44] Successfully opened dynamic library libcufft.so.10
2020-11-09 20:18:04.357287: I tensorflow/stream_executor/platform/default/dso_loader.cc:44] Successfully opened dynamic library libcurand.so.10
2020-11-09 20:18:04.438394: I tensorflow/stream_executor/platform/default/dso_loader.cc:44] Successfully opened dynamic library libcusolver.so.10
2020-11-09 20:18:04.519715: I tensorflow/stream_executor/platform/default/dso_loader.cc:44] Successfully opened dynamic library libcusparse.so.10
2020-11-09 20:18:04.701363: I tensorflow/stream_executor/platform/default/dso_loader.cc:44] Successfully opened dynamic library libcudnn.so.7
2020-11-09 20:18:04.707503: I tensorflow/core/common_runtime/gpu/gpu_device.cc:1697] Adding visible gpu devices: 0
2020-11-09 20:18:04.707612: I tensorflow/stream_executor/platform/default/dso_loader.cc:44] Successfully opened dynamic library libcudart.so.10.1
2020-11-09 20:18:04.878180: I tensorflow/core/common_runtime/gpu/gpu_device.cc:1096] Device interconnect StreamExecutor with strength 1 edge matrix:
2020-11-09 20:18:04.878237: I tensorflow/core/common_runtime/gpu/gpu_device.cc:1102]      0 
2020-11-09 20:18:04.878255: I tensorflow/core/common_runtime/gpu/gpu_device.cc:1115] 0:   N 
2020-11-09 20:18:04.886734: I tensorflow/core/common_runtime/gpu/gpu_device.cc:1241] Created TensorFlow device (/device:GPU:0 with 30591 MB memory) -> physical GPU (device: 0, name: Tesla V100-SXM2-32GB, pci bus id: 0000:1a:00.0, compute capability: 7.0)
2020-11-09 20:18:04.889109: I tensorflow/compiler/xla/service/service.cc:168] XLA service 0x55e518378fd0 initialized for platform CUDA (this does not guarantee that XLA will be used). Devices:
2020-11-09 20:18:04.889153: I tensorflow/compiler/xla/service/service.cc:176]   StreamExecutor device (0): Tesla V100-SXM2-32GB, Compute Capability 7.0
2020-11-09 20:18:04.894820: I tensorflow/core/common_runtime/gpu/gpu_device.cc:1555] Found device 0 with properties: 
pciBusID: 0000:1a:00.0 name: Tesla V100-SXM2-32GB computeCapability: 7.0
coreClock: 1.53GHz coreCount: 80 deviceMemorySize: 31.75GiB deviceMemoryBandwidth: 836.37GiB/s
2020-11-09 20:18:04.894914: I tensorflow/stream_executor/platform/default/dso_loader.cc:44] Successfully opened dynamic library libcudart.so.10.1
2020-11-09 20:18:04.894933: I tensorflow/stream_executor/platform/default/dso_loader.cc:44] Successfully opened dynamic library libcublas.so.10
2020-11-09 20:18:04.894948: I tensorflow/stream_executor/platform/default/dso_loader.cc:44] Successfully opened dynamic library libcufft.so.10
2020-11-09 20:18:04.898005: I tensorflow/stream_executor/platform/default/dso_loader.cc:44] Successfully opened dynamic library libcurand.so.10
2020-11-09 20:18:04.898023: I tensorflow/stream_executor/platform/default/dso_loader.cc:44] Successfully opened dynamic library libcusolver.so.10
2020-11-09 20:18:04.898038: I tensorflow/stream_executor/platform/default/dso_loader.cc:44] Successfully opened dynamic library libcusparse.so.10
2020-11-09 20:18:04.898053: I tensorflow/stream_executor/platform/default/dso_loader.cc:44] Successfully opened dynamic library libcudnn.so.7
2020-11-09 20:18:04.903811: I tensorflow/core/common_runtime/gpu/gpu_device.cc:1697] Adding visible gpu devices: 0
2020-11-09 20:18:04.903866: I tensorflow/core/common_runtime/gpu/gpu_device.cc:1096] Device interconnect StreamExecutor with strength 1 edge matrix:
2020-11-09 20:18:04.903878: I tensorflow/core/common_runtime/gpu/gpu_device.cc:1102]      0 
2020-11-09 20:18:04.903888: I tensorflow/core/common_runtime/gpu/gpu_device.cc:1115] 0:   N 
2020-11-09 20:18:04.906927: I tensorflow/core/common_runtime/gpu/gpu_device.cc:1241] Created TensorFlow device (/device:GPU:0 with 30591 MB memory) -> physical GPU (device: 0, name: Tesla V100-SXM2-32GB, pci bus id: 0000:1a:00.0, compute capability: 7.0)
2020-11-09 20:18:04.908923: I tensorflow/core/common_runtime/gpu/gpu_device.cc:1555] Found device 0 with properties: 
pciBusID: 0000:1a:00.0 name: Tesla V100-SXM2-32GB computeCapability: 7.0
coreClock: 1.53GHz coreCount: 80 deviceMemorySize: 31.75GiB deviceMemoryBandwidth: 836.37GiB/s
2020-11-09 20:18:04.908996: I tensorflow/stream_executor/platform/default/dso_loader.cc:44] Successfully opened dynamic library libcudart.so.10.1
2020-11-09 20:18:04.909015: I tensorflow/stream_executor/platform/default/dso_loader.cc:44] Successfully opened dynamic library libcublas.so.10
2020-11-09 20:18:04.909030: I tensorflow/stream_executor/platform/default/dso_loader.cc:44] Successfully opened dynamic library libcufft.so.10
2020-11-09 20:18:04.909045: I tensorflow/stream_executor/platform/default/dso_loader.cc:44] Successfully opened dynamic library libcurand.so.10
2020-11-09 20:18:04.909060: I tensorflow/stream_executor/platform/default/dso_loader.cc:44] Successfully opened dynamic library libcusolver.so.10
2020-11-09 20:18:04.909075: I tensorflow/stream_executor/platform/default/dso_loader.cc:44] Successfully opened dynamic library libcusparse.so.10
2020-11-09 20:18:04.909090: I tensorflow/stream_executor/platform/default/dso_loader.cc:44] Successfully opened dynamic library libcudnn.so.7
2020-11-09 20:18:04.912074: I tensorflow/core/common_runtime/gpu/gpu_device.cc:1697] Adding visible gpu devices: 0
2020-11-09 20:18:04.912111: I tensorflow/core/common_runtime/gpu/gpu_device.cc:1096] Device interconnect StreamExecutor with strength 1 edge matrix:
2020-11-09 20:18:04.912122: I tensorflow/core/common_runtime/gpu/gpu_device.cc:1102]      0 
2020-11-09 20:18:04.912132: I tensorflow/core/common_runtime/gpu/gpu_device.cc:1115] 0:   N 
2020-11-09 20:18:04.915309: I tensorflow/core/common_runtime/gpu/gpu_device.cc:1241] Created TensorFlow device (/device:GPU:0 with 30591 MB memory) -> physical GPU (device: 0, name: Tesla V100-SXM2-32GB, pci bus id: 0000:1a:00.0, compute capability: 7.0)
#############################################
post processing forecast: F048
#############################################
['/device:GPU:0']
#################################################
#################################################
SUCCESS: Found GPU: /device:GPU:0
#################################################
#################################################
We are here: /glade/work/wchapman/AnEn/CNN/Coastal_Points_LogNormal
...Searching...: /glade/scratch/wchapman/AnEnCNN_good/Data/WestCoast/
/glade/scratch/wchapman/Reforecast/F000
/glade/scratch/wchapman/Reforecast/F006
/glade/scratch/wchapman/Reforecast/F012
/glade/scratch/wchapman/Reforecast/F018
/glade/scratch/wchapman/Reforecast/F024
/glade/scratch/wchapman/Reforecast/F030
/glade/scratch/wchapman/Reforecast/F036
/glade/scratch/wchapman/Reforecast/F042
/glade/scratch/wchapman/Reforecast/F048
Training on
/glade/scratch/wchapman/Reforecast/F048/train/F048_WY_1985_500mb_Clean.nc
/glade/scratch/wchapman/Reforecast/F048/train/F048_WY_1986_500mb_Clean.nc
/glade/scratch/wchapman/Reforecast/F048/train/F048_WY_1987_500mb_Clean.nc
/glade/scratch/wchapman/Reforecast/F048/train/F048_WY_1988_500mb_Clean.nc
/glade/scratch/wchapman/Reforecast/F048/train/F048_WY_1989_500mb_Clean.nc
/glade/scratch/wchapman/Reforecast/F048/train/F048_WY_1990_500mb_Clean.nc
/glade/scratch/wchapman/Reforecast/F048/train/F048_WY_1991_500mb_Clean.nc
/glade/scratch/wchapman/Reforecast/F048/train/F048_WY_1992_500mb_Clean.nc
/glade/scratch/wchapman/Reforecast/F048/train/F048_WY_1993_500mb_Clean.nc
/glade/scratch/wchapman/Reforecast/F048/train/F048_WY_1994_500mb_Clean.nc
/glade/scratch/wchapman/Reforecast/F048/train/F048_WY_1995_500mb_Clean.nc
/glade/scratch/wchapman/Reforecast/F048/train/F048_WY_1996_500mb_Clean.nc
/glade/scratch/wchapman/Reforecast/F048/train/F048_WY_1997_500mb_Clean.nc
/glade/scratch/wchapman/Reforecast/F048/train/F048_WY_1998_500mb_Clean.nc
/glade/scratch/wchapman/Reforecast/F048/train/F048_WY_1999_500mb_Clean.nc
/glade/scratch/wchapman/Reforecast/F048/train/F048_WY_2000_500mb_Clean.nc
/glade/scratch/wchapman/Reforecast/F048/train/F048_WY_2001_500mb_Clean.nc
/glade/scratch/wchapman/Reforecast/F048/train/F048_WY_2002_500mb_Clean.nc
/glade/scratch/wchapman/Reforecast/F048/train/F048_WY_2003_500mb_Clean.nc
/glade/scratch/wchapman/Reforecast/F048/train/F048_WY_2004_500mb_Clean.nc
/glade/scratch/wchapman/Reforecast/F048/train/F048_WY_2005_500mb_Clean.nc
/glade/scratch/wchapman/Reforecast/F048/train/F048_WY_2006_500mb_Clean.nc
/glade/scratch/wchapman/Reforecast/F048/train/F048_WY_2007_500mb_Clean.nc
/glade/scratch/wchapman/Reforecast/F048/train/F048_WY_2008_500mb_Clean.nc
/glade/scratch/wchapman/Reforecast/F048/train/F048_WY_2009_500mb_Clean.nc
/glade/scratch/wchapman/Reforecast/F048/train/F048_WY_2010_500mb_Clean.nc
/glade/scratch/wchapman/Reforecast/F048/train/F048_WY_2011_500mb_Clean.nc
/glade/scratch/wchapman/Reforecast/F048/train/F048_WY_2012_500mb_Clean.nc
/glade/scratch/wchapman/Reforecast/F048/train/F048_WY_2013_500mb_Clean.nc
/glade/scratch/wchapman/Reforecast/F048/train/F048_WY_2014_500mb_Clean.nc
/glade/scratch/wchapman/Reforecast/F048/train/F048_WY_2015_500mb_Clean.nc
/glade/scratch/wchapman/Reforecast/F048/train/F048_WY_2016_500mb_Clean.nc
Validating on
/glade/scratch/wchapman/Reforecast/F048/validate/F048_WY_2017_500mb_Clean.nc
Testing on
/glade/scratch/wchapman/Reforecast/F048/test/F048_WY_2018_500mb_Clean.nc
['2010', '2011', '2012', '2013', '2014', '2015', '2016', '2017', '2018']
trainging yearss ['/glade/scratch/wchapman/Reforecast/F048/train/F048_WY_2010_500mb_Clean.nc', '/glade/scratch/wchapman/Reforecast/F048/train/F048_WY_2011_500mb_Clean.nc', '/glade/scratch/wchapman/Reforecast/F048/train/F048_WY_2012_500mb_Clean.nc', '/glade/scratch/wchapman/Reforecast/F048/train/F048_WY_2013_500mb_Clean.nc', '/glade/scratch/wchapman/Reforecast/F048/train/F048_WY_2014_500mb_Clean.nc', '/glade/scratch/wchapman/Reforecast/F048/train/F048_WY_2015_500mb_Clean.nc', '/glade/scratch/wchapman/Reforecast/F048/train/F048_WY_2016_500mb_Clean.nc', '/glade/scratch/wchapman/Reforecast/F048/validate/F048_WY_2017_500mb_Clean.nc', '/glade/scratch/wchapman/Reforecast/F048/test/F048_WY_2018_500mb_Clean.nc']
Reading data from: "/glade/scratch/wchapman/Reforecast/F048/train/F048_WY_2010_500mb_Clean.nc"...
Reading data from: "/glade/scratch/wchapman/Reforecast/F048/train/F048_WY_2011_500mb_Clean.nc"...
Reading data from: "/glade/scratch/wchapman/Reforecast/F048/train/F048_WY_2012_500mb_Clean.nc"...
Reading data from: "/glade/scratch/wchapman/Reforecast/F048/train/F048_WY_2013_500mb_Clean.nc"...
Reading data from: "/glade/scratch/wchapman/Reforecast/F048/train/F048_WY_2014_500mb_Clean.nc"...
Reading data from: "/glade/scratch/wchapman/Reforecast/F048/train/F048_WY_2015_500mb_Clean.nc"...
Reading data from: "/glade/scratch/wchapman/Reforecast/F048/train/F048_WY_2016_500mb_Clean.nc"...
Reading data from: "/glade/scratch/wchapman/Reforecast/F048/validate/F048_WY_2017_500mb_Clean.nc"...
Reading data from: "/glade/scratch/wchapman/Reforecast/F048/test/F048_WY_2018_500mb_Clean.nc"...


Mean and standard deviation for "IVT" = 160.7259, 153.8888
Mean and standard deviation for "p_sfc" = 984.3968, 61.9566
Mean and standard deviation for "u_tr_p" = 12.5936, 12.3727
Mean and standard deviation for "v_tr_p" = 1.3071, 13.2878
Mean and standard deviation for "Z_p" = 5578.9270, 202.3006
Mean and standard deviation for "IWV" = 13.5712, 7.8896
2020-11-09 20:18:11.092078: I tensorflow/core/common_runtime/gpu/gpu_device.cc:1555] Found device 0 with properties: 
pciBusID: 0000:1a:00.0 name: Tesla V100-SXM2-32GB computeCapability: 7.0
coreClock: 1.53GHz coreCount: 80 deviceMemorySize: 31.75GiB deviceMemoryBandwidth: 836.37GiB/s
2020-11-09 20:18:11.092225: I tensorflow/stream_executor/platform/default/dso_loader.cc:44] Successfully opened dynamic library libcudart.so.10.1
2020-11-09 20:18:11.092249: I tensorflow/stream_executor/platform/default/dso_loader.cc:44] Successfully opened dynamic library libcublas.so.10
2020-11-09 20:18:11.092267: I tensorflow/stream_executor/platform/default/dso_loader.cc:44] Successfully opened dynamic library libcufft.so.10
2020-11-09 20:18:11.092284: I tensorflow/stream_executor/platform/default/dso_loader.cc:44] Successfully opened dynamic library libcurand.so.10
2020-11-09 20:18:11.092301: I tensorflow/stream_executor/platform/default/dso_loader.cc:44] Successfully opened dynamic library libcusolver.so.10
2020-11-09 20:18:11.092318: I tensorflow/stream_executor/platform/default/dso_loader.cc:44] Successfully opened dynamic library libcusparse.so.10
2020-11-09 20:18:11.092336: I tensorflow/stream_executor/platform/default/dso_loader.cc:44] Successfully opened dynamic library libcudnn.so.7
2020-11-09 20:18:11.096490: I tensorflow/core/common_runtime/gpu/gpu_device.cc:1697] Adding visible gpu devices: 0
2020-11-09 20:18:11.098687: I tensorflow/core/common_runtime/gpu/gpu_device.cc:1555] Found device 0 with properties: 
pciBusID: 0000:1a:00.0 name: Tesla V100-SXM2-32GB computeCapability: 7.0
coreClock: 1.53GHz coreCount: 80 deviceMemorySize: 31.75GiB deviceMemoryBandwidth: 836.37GiB/s
2020-11-09 20:18:11.098767: I tensorflow/stream_executor/platform/default/dso_loader.cc:44] Successfully opened dynamic library libcudart.so.10.1
2020-11-09 20:18:11.098785: I tensorflow/stream_executor/platform/default/dso_loader.cc:44] Successfully opened dynamic library libcublas.so.10
2020-11-09 20:18:11.098801: I tensorflow/stream_executor/platform/default/dso_loader.cc:44] Successfully opened dynamic library libcufft.so.10
2020-11-09 20:18:11.098816: I tensorflow/stream_executor/platform/default/dso_loader.cc:44] Successfully opened dynamic library libcurand.so.10
2020-11-09 20:18:11.098831: I tensorflow/stream_executor/platform/default/dso_loader.cc:44] Successfully opened dynamic library libcusolver.so.10
2020-11-09 20:18:11.098846: I tensorflow/stream_executor/platform/default/dso_loader.cc:44] Successfully opened dynamic library libcusparse.so.10
2020-11-09 20:18:11.098862: I tensorflow/stream_executor/platform/default/dso_loader.cc:44] Successfully opened dynamic library libcudnn.so.7
2020-11-09 20:18:11.106098: I tensorflow/core/common_runtime/gpu/gpu_device.cc:1697] Adding visible gpu devices: 0
2020-11-09 20:18:11.106170: I tensorflow/core/common_runtime/gpu/gpu_device.cc:1096] Device interconnect StreamExecutor with strength 1 edge matrix:
2020-11-09 20:18:11.106183: I tensorflow/core/common_runtime/gpu/gpu_device.cc:1102]      0 
2020-11-09 20:18:11.106193: I tensorflow/core/common_runtime/gpu/gpu_device.cc:1115] 0:   N 
2020-11-09 20:18:11.109268: I tensorflow/core/common_runtime/gpu/gpu_device.cc:1241] Created TensorFlow device (/job:localhost/replica:0/task:0/device:GPU:0 with 30591 MB memory) -> physical GPU (device: 0, name: Tesla V100-SXM2-32GB, pci bus id: 0000:1a:00.0, compute capability: 7.0)
2020-11-09 20:18:15.844367: I tensorflow/stream_executor/platform/default/dso_loader.cc:44] Successfully opened dynamic library libcudnn.so.7
2020-11-09 20:18:19.305250: W tensorflow/stream_executor/gpu/redzone_allocator.cc:312] Not found: ./bin/ptxas not found
Relying on driver to perform ptx compilation. This message will be only logged once.
2020-11-09 20:18:19.356237: I tensorflow/stream_executor/platform/default/dso_loader.cc:44] Successfully opened dynamic library libcublas.so.10
/glade/work/wchapman/miniconda3/envs/tfp/lib/python3.6/site-packages/dask/config.py:168: YAMLLoadWarning: calling yaml.load() without Loader=... is deprecated, as the default Loader is unsafe. Please read https://msg.pyyaml.org/load for full details.
  data = yaml.load(f.read()) or {}
/glade/work/wchapman/AnEn/CNN/Coastal_Points_LogNormal/utilsProb.py:216: RuntimeWarning: invalid value encountered in log
  post_matrix = numpy.log(post_matrix)
/glade/work/wchapman/AnEn/CNN/Coastal_Points_LogNormal/coms.py:492: RuntimeWarning: overflow encountered in exp
  v = np.exp(2 * mu + sigma**2) * (np.exp(sigma**2) - 1)
/glade/work/wchapman/AnEn/CNN/Coastal_Points_LogNormal/coms.py:491: RuntimeWarning: overflow encountered in exp
  m = np.exp(mu + sigma**2 / 2.0)
/glade/work/wchapman/AnEn/CNN/Coastal_Points_LogNormal/coms.py:492: RuntimeWarning: overflow encountered in double_scalars
  v = np.exp(2 * mu + sigma**2) * (np.exp(sigma**2) - 1)
/glade/work/wchapman/AnEn/CNN/Coastal_Points_LogNormal/utilsProb.py:216: RuntimeWarning: invalid value encountered in log
  post_matrix = numpy.log(post_matrix)
/glade/work/wchapman/AnEn/CNN/Coastal_Points_LogNormal/coms.py:492: RuntimeWarning: overflow encountered in exp
  v = np.exp(2 * mu + sigma**2) * (np.exp(sigma**2) - 1)
/glade/work/wchapman/AnEn/CNN/Coastal_Points_LogNormal/coms.py:492: RuntimeWarning: overflow encountered in double_scalars
  v = np.exp(2 * mu + sigma**2) * (np.exp(sigma**2) - 1)
/glade/work/wchapman/AnEn/CNN/Coastal_Points_LogNormal/coms.py:491: RuntimeWarning: overflow encountered in exp
  m = np.exp(mu + sigma**2 / 2.0)
/glade/work/wchapman/AnEn/CNN/Coastal_Points_LogNormal/utilsProb.py:216: RuntimeWarning: invalid value encountered in log
  post_matrix = numpy.log(post_matrix)
/glade/work/wchapman/AnEn/CNN/Coastal_Points_LogNormal/coms.py:492: RuntimeWarning: overflow encountered in exp
  v = np.exp(2 * mu + sigma**2) * (np.exp(sigma**2) - 1)
/glade/work/wchapman/AnEn/CNN/Coastal_Points_LogNormal/coms.py:491: RuntimeWarning: overflow encountered in exp
  m = np.exp(mu + sigma**2 / 2.0)
/glade/work/wchapman/AnEn/CNN/Coastal_Points_LogNormal/coms.py:492: RuntimeWarning: overflow encountered in double_scalars
  v = np.exp(2 * mu + sigma**2) * (np.exp(sigma**2) - 1)
/glade/work/wchapman/AnEn/CNN/Coastal_Points_LogNormal/utilsProb.py:216: RuntimeWarning: invalid value encountered in log
  post_matrix = numpy.log(post_matrix)
/glade/work/wchapman/AnEn/CNN/Coastal_Points_LogNormal/coms.py:492: RuntimeWarning: overflow encountered in exp
  v = np.exp(2 * mu + sigma**2) * (np.exp(sigma**2) - 1)
/glade/work/wchapman/AnEn/CNN/Coastal_Points_LogNormal/coms.py:492: RuntimeWarning: overflow encountered in double_scalars
  v = np.exp(2 * mu + sigma**2) * (np.exp(sigma**2) - 1)
/glade/work/wchapman/AnEn/CNN/Coastal_Points_LogNormal/coms.py:491: RuntimeWarning: overflow encountered in exp
  m = np.exp(mu + sigma**2 / 2.0)
/glade/work/wchapman/AnEn/CNN/Coastal_Points_LogNormal/utilsProb.py:216: RuntimeWarning: invalid value encountered in log
  post_matrix = numpy.log(post_matrix)
/glade/work/wchapman/AnEn/CNN/Coastal_Points_LogNormal/coms.py:492: RuntimeWarning: overflow encountered in exp
  v = np.exp(2 * mu + sigma**2) * (np.exp(sigma**2) - 1)
/glade/work/wchapman/AnEn/CNN/Coastal_Points_LogNormal/coms.py:492: RuntimeWarning: overflow encountered in double_scalars
  v = np.exp(2 * mu + sigma**2) * (np.exp(sigma**2) - 1)
/glade/work/wchapman/AnEn/CNN/Coastal_Points_LogNormal/coms.py:491: RuntimeWarning: overflow encountered in exp
  m = np.exp(mu + sigma**2 / 2.0)
/glade/work/wchapman/AnEn/CNN/Coastal_Points_LogNormal/utilsProb.py:216: RuntimeWarning: invalid value encountered in log
  post_matrix = numpy.log(post_matrix)
/glade/work/wchapman/AnEn/CNN/Coastal_Points_LogNormal/coms.py:492: RuntimeWarning: overflow encountered in exp
  v = np.exp(2 * mu + sigma**2) * (np.exp(sigma**2) - 1)
/glade/work/wchapman/AnEn/CNN/Coastal_Points_LogNormal/coms.py:491: RuntimeWarning: overflow encountered in exp
  m = np.exp(mu + sigma**2 / 2.0)
/glade/work/wchapman/AnEn/CNN/Coastal_Points_LogNormal/coms.py:492: RuntimeWarning: overflow encountered in double_scalars
  v = np.exp(2 * mu + sigma**2) * (np.exp(sigma**2) - 1)
Reading data from: "/glade/scratch/wchapman/Reforecast/F048/train/F048_WY_2010_500mb_Clean.nc"...
Reading data from: "/glade/scratch/wchapman/Reforecast/F048/train/F048_WY_2011_500mb_Clean.nc"...
Reading data from: "/glade/scratch/wchapman/Reforecast/F048/train/F048_WY_2012_500mb_Clean.nc"...
Reading data from: "/glade/scratch/wchapman/Reforecast/F048/train/F048_WY_2013_500mb_Clean.nc"...
Reading data from: "/glade/scratch/wchapman/Reforecast/F048/train/F048_WY_2014_500mb_Clean.nc"...
Reading data from: "/glade/scratch/wchapman/Reforecast/F048/train/F048_WY_2015_500mb_Clean.nc"...
Reading data from: "/glade/scratch/wchapman/Reforecast/F048/train/F048_WY_2016_500mb_Clean.nc"...
Reading data from: "/glade/scratch/wchapman/Reforecast/F048/validate/F048_WY_2017_500mb_Clean.nc"...
Reading data from: "/glade/scratch/wchapman/Reforecast/F048/test/F048_WY_2018_500mb_Clean.nc"...


Mean and standard deviation for "IVTm" = 205.7026, 181.6270
######### ASSEMBLE!!!! ###########
########### DONE!!!! #############
#################################################
testing: ['/glade/scratch/wchapman/Reforecast/F048/validate/F048_WY_2017_500mb_Clean.nc']
validatiing: ['/glade/scratch/wchapman/Reforecast/F048/train/F048_WY_2016_500mb_Clean.nc']
#################################################
Reading data from: "/glade/scratch/wchapman/Reforecast/F048/train/F048_WY_2010_500mb_Clean.nc"...
Reading data from: "/glade/scratch/wchapman/Reforecast/F048/train/F048_WY_2011_500mb_Clean.nc"...
Reading data from: "/glade/scratch/wchapman/Reforecast/F048/train/F048_WY_2012_500mb_Clean.nc"...
Reading data from: "/glade/scratch/wchapman/Reforecast/F048/train/F048_WY_2013_500mb_Clean.nc"...
Reading data from: "/glade/scratch/wchapman/Reforecast/F048/train/F048_WY_2014_500mb_Clean.nc"...
Reading data from: "/glade/scratch/wchapman/Reforecast/F048/train/F048_WY_2015_500mb_Clean.nc"...
Reading data from: "/glade/scratch/wchapman/Reforecast/F048/test/F048_WY_2018_500mb_Clean.nc"...
Reading data from: "/glade/scratch/wchapman/Reforecast/F048/train/F048_WY_2016_500mb_Clean.nc"...
...gathering data...
Reading data from: "/glade/scratch/wchapman/Reforecast/F048/train/F048_WY_2011_500mb_Clean.nc"...
Reading data from: "/glade/scratch/wchapman/Reforecast/F048/train/F048_WY_2013_500mb_Clean.nc"...
Reading data from: "/glade/scratch/wchapman/Reforecast/F048/train/F048_WY_2010_500mb_Clean.nc"...
Reading data from: "/glade/scratch/wchapman/Reforecast/F048/test/F048_WY_2018_500mb_Clean.nc"...
Reading data from: "/glade/scratch/wchapman/Reforecast/F048/train/F048_WY_2012_500mb_Clean.nc"...
Reading data from: "/glade/scratch/wchapman/Reforecast/F048/train/F048_WY_2014_500mb_Clean.nc"...
Reading data from: "/glade/scratch/wchapman/Reforecast/F048/train/F048_WY_2015_500mb_Clean.nc"...
Reading data from: "/glade/scratch/wchapman/Reforecast/F048/validate/F048_WY_2017_500mb_Clean.nc"...
Model: "model"
__________________________________________________________________________________________________
Layer (type)                    Output Shape         Param #     Connected to                     
==================================================================================================
input_1 (InputLayer)            [(None, 71, 57, 6)]  0                                            
__________________________________________________________________________________________________
zero_padding2d (ZeroPadding2D)  (None, 72, 60, 6)    0           input_1[0][0]                    
__________________________________________________________________________________________________
downsampling_0_conv_0 (Conv2D)  (None, 72, 60, 16)   880         zero_padding2d[0][0]             
__________________________________________________________________________________________________
downsampling_0_batchnorm_0 (Bat (None, 72, 60, 16)   64          downsampling_0_conv_0[0][0]      
__________________________________________________________________________________________________
downsampling_0_activation_0 (Ac (None, 72, 60, 16)   0           downsampling_0_batchnorm_0[0][0] 
__________________________________________________________________________________________________
downsampling_0_conv_1 (Conv2D)  (None, 72, 60, 16)   2320        downsampling_0_activation_0[0][0]
__________________________________________________________________________________________________
downsampling_0_batchnorm_1 (Bat (None, 72, 60, 16)   64          downsampling_0_conv_1[0][0]      
__________________________________________________________________________________________________
downsampling_0_activation_1 (Ac (None, 72, 60, 16)   0           downsampling_0_batchnorm_1[0][0] 
__________________________________________________________________________________________________
max_pooling2d (MaxPooling2D)    (None, 36, 30, 16)   0           downsampling_0_activation_1[0][0]
__________________________________________________________________________________________________
bottleneck_skip_0 (Conv2D)      (None, 36, 30, 32)   4640        max_pooling2d[0][0]              
__________________________________________________________________________________________________
bottleneck_skip_1 (Conv2D)      (None, 36, 30, 32)   9248        bottleneck_skip_0[0][0]          
__________________________________________________________________________________________________
bottleneck_skip_2 (Conv2D)      (None, 36, 30, 32)   9248        bottleneck_skip_1[0][0]          
__________________________________________________________________________________________________
add (Add)                       (None, 36, 30, 32)   0           bottleneck_skip_0[0][0]          
                                                                 bottleneck_skip_1[0][0]          
                                                                 bottleneck_skip_2[0][0]          
__________________________________________________________________________________________________
upsampling_0_conv_trans_0 (Conv (None, 72, 60, 16)   2064        add[0][0]                        
__________________________________________________________________________________________________
concatenate (Concatenate)       (None, 72, 60, 32)   0           upsampling_0_conv_trans_0[0][0]  
                                                                 downsampling_0_activation_1[0][0]
__________________________________________________________________________________________________
upsampling_0_conv_0 (Conv2D)    (None, 72, 60, 16)   4624        concatenate[0][0]                
__________________________________________________________________________________________________
upsampling_0_activation_0 (Acti (None, 72, 60, 16)   0           upsampling_0_conv_0[0][0]        
__________________________________________________________________________________________________
upsampling_0_conv_1 (Conv2D)    (None, 72, 60, 16)   2320        upsampling_0_activation_0[0][0]  
__________________________________________________________________________________________________
upsampling_0_activation_1 (Acti (None, 72, 60, 16)   0           upsampling_0_conv_1[0][0]        
__________________________________________________________________________________________________
linear (Conv2D)                 (None, 72, 60, 2)    34          upsampling_0_activation_1[0][0]  
__________________________________________________________________________________________________
cropping2d (Cropping2D)         (None, 71, 57, 2)    0           linear[0][0]                     
==================================================================================================
Total params: 35,506
Trainable params: 35,442
Non-trainable params: 64
__________________________________________________________________________________________________
########### model name: /glade/scratch/wchapman/Reforecast/models/NN_CRPS/F048/StartingYear2010/CNN_2017/cpf_CRPS_val_2016_test_2017.ckpt
########### model name: /glade/scratch/wchapman/Reforecast/models/NN_CRPS/F048/StartingYear2010/CNN_2017/cpf_CRPS_val_2016_test_2017.ckpt
...binned spread skill...
RMSE PP: 45.813960683326016
RMSE WWRF: 47.5767822265625
CRMSE PP: 45.78088557004654
CRMSE WWRF: 47.30094031131629
BIAS PP: -1.7405749777788628
BIAS WWRF: 5.1157837
#################################################
testing: ['/glade/scratch/wchapman/Reforecast/F048/test/F048_WY_2018_500mb_Clean.nc']
validatiing: ['/glade/scratch/wchapman/Reforecast/F048/validate/F048_WY_2017_500mb_Clean.nc']
#################################################
Reading data from: "/glade/scratch/wchapman/Reforecast/F048/train/F048_WY_2010_500mb_Clean.nc"...
Reading data from: "/glade/scratch/wchapman/Reforecast/F048/train/F048_WY_2011_500mb_Clean.nc"...
Reading data from: "/glade/scratch/wchapman/Reforecast/F048/train/F048_WY_2012_500mb_Clean.nc"...
Reading data from: "/glade/scratch/wchapman/Reforecast/F048/train/F048_WY_2013_500mb_Clean.nc"...
Reading data from: "/glade/scratch/wchapman/Reforecast/F048/train/F048_WY_2014_500mb_Clean.nc"...
Reading data from: "/glade/scratch/wchapman/Reforecast/F048/train/F048_WY_2015_500mb_Clean.nc"...
Reading data from: "/glade/scratch/wchapman/Reforecast/F048/train/F048_WY_2016_500mb_Clean.nc"...
Reading data from: "/glade/scratch/wchapman/Reforecast/F048/validate/F048_WY_2017_500mb_Clean.nc"...
...gathering data...
Reading data from: "/glade/scratch/wchapman/Reforecast/F048/train/F048_WY_2012_500mb_Clean.nc"...
Reading data from: "/glade/scratch/wchapman/Reforecast/F048/train/F048_WY_2016_500mb_Clean.nc"...
Reading data from: "/glade/scratch/wchapman/Reforecast/F048/train/F048_WY_2014_500mb_Clean.nc"...
Reading data from: "/glade/scratch/wchapman/Reforecast/F048/train/F048_WY_2011_500mb_Clean.nc"...
Reading data from: "/glade/scratch/wchapman/Reforecast/F048/train/F048_WY_2013_500mb_Clean.nc"...
Reading data from: "/glade/scratch/wchapman/Reforecast/F048/train/F048_WY_2015_500mb_Clean.nc"...
Reading data from: "/glade/scratch/wchapman/Reforecast/F048/train/F048_WY_2010_500mb_Clean.nc"...
Reading data from: "/glade/scratch/wchapman/Reforecast/F048/test/F048_WY_2018_500mb_Clean.nc"...
Model: "model_1"
__________________________________________________________________________________________________
Layer (type)                    Output Shape         Param #     Connected to                     
==================================================================================================
input_2 (InputLayer)            [(None, 71, 57, 6)]  0                                            
__________________________________________________________________________________________________
zero_padding2d_1 (ZeroPadding2D (None, 72, 60, 6)    0           input_2[0][0]                    
__________________________________________________________________________________________________
downsampling_0_conv_0 (Conv2D)  (None, 72, 60, 16)   880         zero_padding2d_1[0][0]           
__________________________________________________________________________________________________
downsampling_0_batchnorm_0 (Bat (None, 72, 60, 16)   64          downsampling_0_conv_0[0][0]      
__________________________________________________________________________________________________
downsampling_0_activation_0 (Ac (None, 72, 60, 16)   0           downsampling_0_batchnorm_0[0][0] 
__________________________________________________________________________________________________
downsampling_0_conv_1 (Conv2D)  (None, 72, 60, 16)   2320        downsampling_0_activation_0[0][0]
__________________________________________________________________________________________________
downsampling_0_batchnorm_1 (Bat (None, 72, 60, 16)   64          downsampling_0_conv_1[0][0]      
__________________________________________________________________________________________________
downsampling_0_activation_1 (Ac (None, 72, 60, 16)   0           downsampling_0_batchnorm_1[0][0] 
__________________________________________________________________________________________________
max_pooling2d_1 (MaxPooling2D)  (None, 36, 30, 16)   0           downsampling_0_activation_1[0][0]
__________________________________________________________________________________________________
bottleneck_skip_0 (Conv2D)      (None, 36, 30, 32)   4640        max_pooling2d_1[0][0]            
__________________________________________________________________________________________________
bottleneck_skip_1 (Conv2D)      (None, 36, 30, 32)   9248        bottleneck_skip_0[0][0]          
__________________________________________________________________________________________________
bottleneck_skip_2 (Conv2D)      (None, 36, 30, 32)   9248        bottleneck_skip_1[0][0]          
__________________________________________________________________________________________________
add_1 (Add)                     (None, 36, 30, 32)   0           bottleneck_skip_0[0][0]          
                                                                 bottleneck_skip_1[0][0]          
                                                                 bottleneck_skip_2[0][0]          
__________________________________________________________________________________________________
upsampling_0_conv_trans_0 (Conv (None, 72, 60, 16)   2064        add_1[0][0]                      
__________________________________________________________________________________________________
concatenate_1 (Concatenate)     (None, 72, 60, 32)   0           upsampling_0_conv_trans_0[0][0]  
                                                                 downsampling_0_activation_1[0][0]
__________________________________________________________________________________________________
upsampling_0_conv_0 (Conv2D)    (None, 72, 60, 16)   4624        concatenate_1[0][0]              
__________________________________________________________________________________________________
upsampling_0_activation_0 (Acti (None, 72, 60, 16)   0           upsampling_0_conv_0[0][0]        
__________________________________________________________________________________________________
upsampling_0_conv_1 (Conv2D)    (None, 72, 60, 16)   2320        upsampling_0_activation_0[0][0]  
__________________________________________________________________________________________________
upsampling_0_activation_1 (Acti (None, 72, 60, 16)   0           upsampling_0_conv_1[0][0]        
__________________________________________________________________________________________________
linear (Conv2D)                 (None, 72, 60, 2)    34          upsampling_0_activation_1[0][0]  
__________________________________________________________________________________________________
cropping2d_1 (Cropping2D)       (None, 71, 57, 2)    0           linear[0][0]                     
==================================================================================================
Total params: 35,506
Trainable params: 35,442
Non-trainable params: 64
__________________________________________________________________________________________________
########### model name: /glade/scratch/wchapman/Reforecast/models/NN_CRPS/F048/StartingYear2010/CNN_2018/cpf_CRPS_val_2017_test_2018.ckpt
########### model name: /glade/scratch/wchapman/Reforecast/models/NN_CRPS/F048/StartingYear2010/CNN_2018/cpf_CRPS_val_2017_test_2018.ckpt
...binned spread skill...
RMSE PP: 48.524589533868316
RMSE WWRF: 52.69191302675189
CRMSE PP: 48.21491229479884
CRMSE WWRF: 52.48407537286932
BIAS PP: -5.473385317813808
BIAS WWRF: 4.6754
#################################################
testing: ['/glade/scratch/wchapman/Reforecast/F048/train/F048_WY_2016_500mb_Clean.nc']
validatiing: ['/glade/scratch/wchapman/Reforecast/F048/test/F048_WY_2018_500mb_Clean.nc']
#################################################
Reading data from: "/glade/scratch/wchapman/Reforecast/F048/train/F048_WY_2010_500mb_Clean.nc"...
Reading data from: "/glade/scratch/wchapman/Reforecast/F048/train/F048_WY_2011_500mb_Clean.nc"...
Reading data from: "/glade/scratch/wchapman/Reforecast/F048/train/F048_WY_2012_500mb_Clean.nc"...
Reading data from: "/glade/scratch/wchapman/Reforecast/F048/train/F048_WY_2013_500mb_Clean.nc"...
Reading data from: "/glade/scratch/wchapman/Reforecast/F048/train/F048_WY_2014_500mb_Clean.nc"...
Reading data from: "/glade/scratch/wchapman/Reforecast/F048/train/F048_WY_2015_500mb_Clean.nc"...
Reading data from: "/glade/scratch/wchapman/Reforecast/F048/train/F048_WY_2016_500mb_Clean.nc"...
Reading data from: "/glade/scratch/wchapman/Reforecast/F048/validate/F048_WY_2017_500mb_Clean.nc"...
Reading data from: "/glade/scratch/wchapman/Reforecast/F048/test/F048_WY_2018_500mb_Clean.nc"...
...gathering data...
Reading data from: "/glade/scratch/wchapman/Reforecast/F048/train/F048_WY_2016_500mb_Clean.nc"...
Reading data from: "/glade/scratch/wchapman/Reforecast/F048/train/F048_WY_2011_500mb_Clean.nc"...
Reading data from: "/glade/scratch/wchapman/Reforecast/F048/train/F048_WY_2013_500mb_Clean.nc"...
Reading data from: "/glade/scratch/wchapman/Reforecast/F048/train/F048_WY_2014_500mb_Clean.nc"...
Reading data from: "/glade/scratch/wchapman/Reforecast/F048/validate/F048_WY_2017_500mb_Clean.nc"...
Reading data from: "/glade/scratch/wchapman/Reforecast/F048/train/F048_WY_2010_500mb_Clean.nc"...
Reading data from: "/glade/scratch/wchapman/Reforecast/F048/train/F048_WY_2012_500mb_Clean.nc"...
Reading data from: "/glade/scratch/wchapman/Reforecast/F048/train/F048_WY_2015_500mb_Clean.nc"...
Reading data from: "/glade/scratch/wchapman/Reforecast/F048/train/F048_WY_2016_500mb_Clean.nc"...
Model: "model_2"
__________________________________________________________________________________________________
Layer (type)                    Output Shape         Param #     Connected to                     
==================================================================================================
input_3 (InputLayer)            [(None, 71, 57, 6)]  0                                            
__________________________________________________________________________________________________
zero_padding2d_2 (ZeroPadding2D (None, 72, 60, 6)    0           input_3[0][0]                    
__________________________________________________________________________________________________
downsampling_0_conv_0 (Conv2D)  (None, 72, 60, 16)   880         zero_padding2d_2[0][0]           
__________________________________________________________________________________________________
downsampling_0_batchnorm_0 (Bat (None, 72, 60, 16)   64          downsampling_0_conv_0[0][0]      
__________________________________________________________________________________________________
downsampling_0_activation_0 (Ac (None, 72, 60, 16)   0           downsampling_0_batchnorm_0[0][0] 
__________________________________________________________________________________________________
downsampling_0_conv_1 (Conv2D)  (None, 72, 60, 16)   2320        downsampling_0_activation_0[0][0]
__________________________________________________________________________________________________
downsampling_0_batchnorm_1 (Bat (None, 72, 60, 16)   64          downsampling_0_conv_1[0][0]      
__________________________________________________________________________________________________
downsampling_0_activation_1 (Ac (None, 72, 60, 16)   0           downsampling_0_batchnorm_1[0][0] 
__________________________________________________________________________________________________
max_pooling2d_2 (MaxPooling2D)  (None, 36, 30, 16)   0           downsampling_0_activation_1[0][0]
__________________________________________________________________________________________________
bottleneck_skip_0 (Conv2D)      (None, 36, 30, 32)   4640        max_pooling2d_2[0][0]            
__________________________________________________________________________________________________
bottleneck_skip_1 (Conv2D)      (None, 36, 30, 32)   9248        bottleneck_skip_0[0][0]          
__________________________________________________________________________________________________
bottleneck_skip_2 (Conv2D)      (None, 36, 30, 32)   9248        bottleneck_skip_1[0][0]          
__________________________________________________________________________________________________
add_2 (Add)                     (None, 36, 30, 32)   0           bottleneck_skip_0[0][0]          
                                                                 bottleneck_skip_1[0][0]          
                                                                 bottleneck_skip_2[0][0]          
__________________________________________________________________________________________________
upsampling_0_conv_trans_0 (Conv (None, 72, 60, 16)   2064        add_2[0][0]                      
__________________________________________________________________________________________________
concatenate_2 (Concatenate)     (None, 72, 60, 32)   0           upsampling_0_conv_trans_0[0][0]  
                                                                 downsampling_0_activation_1[0][0]
__________________________________________________________________________________________________
upsampling_0_conv_0 (Conv2D)    (None, 72, 60, 16)   4624        concatenate_2[0][0]              
__________________________________________________________________________________________________
upsampling_0_activation_0 (Acti (None, 72, 60, 16)   0           upsampling_0_conv_0[0][0]        
__________________________________________________________________________________________________
upsampling_0_conv_1 (Conv2D)    (None, 72, 60, 16)   2320        upsampling_0_activation_0[0][0]  
__________________________________________________________________________________________________
upsampling_0_activation_1 (Acti (None, 72, 60, 16)   0           upsampling_0_conv_1[0][0]        
__________________________________________________________________________________________________
linear (Conv2D)                 (None, 72, 60, 2)    34          upsampling_0_activation_1[0][0]  
__________________________________________________________________________________________________
cropping2d_2 (Cropping2D)       (None, 71, 57, 2)    0           linear[0][0]                     
==================================================================================================
Total params: 35,506
Trainable params: 35,442
Non-trainable params: 64
__________________________________________________________________________________________________
########### model name: /glade/scratch/wchapman/Reforecast/models/NN_CRPS/F048/StartingYear2010/CNN_2016/cpf_CRPS_val_2018_test_2016.ckpt
########### model name: /glade/scratch/wchapman/Reforecast/models/NN_CRPS/F048/StartingYear2010/CNN_2016/cpf_CRPS_val_2018_test_2016.ckpt
...binned spread skill...
RMSE PP: 57.124300212605945
RMSE WWRF: 60.873342803030305
CRMSE PP: 56.953278471063285
CRMSE WWRF: 60.85525420217803
BIAS PP: -4.416989658106559
BIAS WWRF: 1.483963
IVTm shape: (52272,)
IVT mean shape: (52272,)
IVT std shape: (52272,)
            time         OBS       Model     IVTmean     IVTstd   lat      lon
0     2016-12-03   95.142258   89.491150  118.702576  33.610950  30.0 -116.875
1     2016-12-04  134.140610  125.995224  143.893265  40.310131  30.0 -116.875
2     2016-12-05   81.311241  107.607147   84.002068  23.734535  30.0 -116.875
3     2016-12-06  169.137512  170.467346  155.685028  40.926109  30.0 -116.875
4     2016-12-07  238.380875  285.080811  231.834747  59.671967  30.0 -116.875
...          ...         ...         ...         ...        ...   ...      ...
52267 2019-03-29   17.010618   44.920738   18.452662   7.403368  55.0 -130.000
52268 2019-03-30   17.051439   24.849747   16.778109   6.883094  55.0 -130.000
52269 2019-03-31   20.627737   33.916504   20.653830   7.986939  55.0 -130.000
52270 2019-04-01   21.402893   28.441132   14.515006   6.161737  55.0 -130.000
52271 2019-04-02   37.281265   59.209045   26.726994   9.321280  55.0 -130.000

[52272 rows x 7 columns]
time       0
OBS        0
Model      0
IVTmean    0
IVTstd     0
lat        0
lon        0
dtype: int64
                OBS         Model  ...           lat           lon
count  52272.000000  52272.000000  ...  52272.000000  52272.000000
mean     145.077661    148.836039  ...     41.774306   -123.615451
std      135.347664    135.627180  ...      6.969452      3.644501
min        0.331534      0.415344  ...     30.000000   -130.000000
25%       53.417470     57.354549  ...     35.875000   -125.000000
50%      104.582706    108.114960  ...     41.750000   -124.375000
75%      187.951157    192.301506  ...     47.625000   -121.875000
max     1316.020142   1160.016846  ...     55.000000   -115.625000

[8 rows x 6 columns]
['/glade/scratch/wchapman/Reforecast/F048/train/F048_WY_2016_500mb_Clean.nc', '/glade/scratch/wchapman/Reforecast/F048/validate/F048_WY_2017_500mb_Clean.nc', '/glade/scratch/wchapman/Reforecast/F048/test/F048_WY_2018_500mb_Clean.nc']
######### ASSEMBLE!!!! ###########
########### DONE!!!! #############
#################################################
testing: ['/glade/scratch/wchapman/Reforecast/F048/validate/F048_WY_2017_500mb_Clean.nc']
validatiing: ['/glade/scratch/wchapman/Reforecast/F048/train/F048_WY_2016_500mb_Clean.nc']
#################################################
Reading data from: "/glade/scratch/wchapman/Reforecast/F048/test/F048_WY_2018_500mb_Clean.nc"...
Reading data from: "/glade/scratch/wchapman/Reforecast/F048/train/F048_WY_2016_500mb_Clean.nc"...
...gathering data...
Reading data from: "/glade/scratch/wchapman/Reforecast/F048/test/F048_WY_2018_500mb_Clean.nc"...
Reading data from: "/glade/scratch/wchapman/Reforecast/F048/validate/F048_WY_2017_500mb_Clean.nc"...
Model: "model_3"
__________________________________________________________________________________________________
Layer (type)                    Output Shape         Param #     Connected to                     
==================================================================================================
input_4 (InputLayer)            [(None, 71, 57, 6)]  0                                            
__________________________________________________________________________________________________
zero_padding2d_3 (ZeroPadding2D (None, 72, 60, 6)    0           input_4[0][0]                    
__________________________________________________________________________________________________
downsampling_0_conv_0 (Conv2D)  (None, 72, 60, 16)   880         zero_padding2d_3[0][0]           
__________________________________________________________________________________________________
downsampling_0_batchnorm_0 (Bat (None, 72, 60, 16)   64          downsampling_0_conv_0[0][0]      
__________________________________________________________________________________________________
downsampling_0_activation_0 (Ac (None, 72, 60, 16)   0           downsampling_0_batchnorm_0[0][0] 
__________________________________________________________________________________________________
downsampling_0_conv_1 (Conv2D)  (None, 72, 60, 16)   2320        downsampling_0_activation_0[0][0]
__________________________________________________________________________________________________
downsampling_0_batchnorm_1 (Bat (None, 72, 60, 16)   64          downsampling_0_conv_1[0][0]      
__________________________________________________________________________________________________
downsampling_0_activation_1 (Ac (None, 72, 60, 16)   0           downsampling_0_batchnorm_1[0][0] 
__________________________________________________________________________________________________
max_pooling2d_3 (MaxPooling2D)  (None, 36, 30, 16)   0           downsampling_0_activation_1[0][0]
__________________________________________________________________________________________________
bottleneck_skip_0 (Conv2D)      (None, 36, 30, 32)   4640        max_pooling2d_3[0][0]            
__________________________________________________________________________________________________
bottleneck_skip_1 (Conv2D)      (None, 36, 30, 32)   9248        bottleneck_skip_0[0][0]          
__________________________________________________________________________________________________
bottleneck_skip_2 (Conv2D)      (None, 36, 30, 32)   9248        bottleneck_skip_1[0][0]          
__________________________________________________________________________________________________
add_3 (Add)                     (None, 36, 30, 32)   0           bottleneck_skip_0[0][0]          
                                                                 bottleneck_skip_1[0][0]          
                                                                 bottleneck_skip_2[0][0]          
__________________________________________________________________________________________________
upsampling_0_conv_trans_0 (Conv (None, 72, 60, 16)   2064        add_3[0][0]                      
__________________________________________________________________________________________________
concatenate_3 (Concatenate)     (None, 72, 60, 32)   0           upsampling_0_conv_trans_0[0][0]  
                                                                 downsampling_0_activation_1[0][0]
__________________________________________________________________________________________________
upsampling_0_conv_0 (Conv2D)    (None, 72, 60, 16)   4624        concatenate_3[0][0]              
__________________________________________________________________________________________________
upsampling_0_activation_0 (Acti (None, 72, 60, 16)   0           upsampling_0_conv_0[0][0]        
__________________________________________________________________________________________________
upsampling_0_conv_1 (Conv2D)    (None, 72, 60, 16)   2320        upsampling_0_activation_0[0][0]  
__________________________________________________________________________________________________
upsampling_0_activation_1 (Acti (None, 72, 60, 16)   0           upsampling_0_conv_1[0][0]        
__________________________________________________________________________________________________
linear (Conv2D)                 (None, 72, 60, 2)    34          upsampling_0_activation_1[0][0]  
__________________________________________________________________________________________________
cropping2d_3 (Cropping2D)       (None, 71, 57, 2)    0           linear[0][0]                     
==================================================================================================
Total params: 35,506
Trainable params: 35,442
Non-trainable params: 64
__________________________________________________________________________________________________
Model: "model_4"
__________________________________________________________________________________________________
Layer (type)                    Output Shape         Param #     Connected to                     
==================================================================================================
input_4 (InputLayer)            [(None, 71, 57, 6)]  0                                            
__________________________________________________________________________________________________
zero_padding2d_3 (ZeroPadding2D (None, 72, 60, 6)    0           input_4[0][0]                    
__________________________________________________________________________________________________
downsampling_0_conv_0 (Conv2D)  (None, 72, 60, 16)   880         zero_padding2d_3[0][0]           
__________________________________________________________________________________________________
downsampling_0_batchnorm_0 (Bat (None, 72, 60, 16)   64          downsampling_0_conv_0[0][0]      
__________________________________________________________________________________________________
downsampling_0_activation_0 (Ac (None, 72, 60, 16)   0           downsampling_0_batchnorm_0[0][0] 
__________________________________________________________________________________________________
downsampling_0_conv_1 (Conv2D)  (None, 72, 60, 16)   2320        downsampling_0_activation_0[0][0]
__________________________________________________________________________________________________
downsampling_0_batchnorm_1 (Bat (None, 72, 60, 16)   64          downsampling_0_conv_1[0][0]      
__________________________________________________________________________________________________
downsampling_0_activation_1 (Ac (None, 72, 60, 16)   0           downsampling_0_batchnorm_1[0][0] 
__________________________________________________________________________________________________
max_pooling2d_3 (MaxPooling2D)  (None, 36, 30, 16)   0           downsampling_0_activation_1[0][0]
__________________________________________________________________________________________________
bottleneck_skip_0 (Conv2D)      (None, 36, 30, 32)   4640        max_pooling2d_3[0][0]            
__________________________________________________________________________________________________
bottleneck_skip_1 (Conv2D)      (None, 36, 30, 32)   9248        bottleneck_skip_0[0][0]          
__________________________________________________________________________________________________
bottleneck_skip_2 (Conv2D)      (None, 36, 30, 32)   9248        bottleneck_skip_1[0][0]          
__________________________________________________________________________________________________
add_3 (Add)                     (None, 36, 30, 32)   0           bottleneck_skip_0[0][0]          
                                                                 bottleneck_skip_1[0][0]          
                                                                 bottleneck_skip_2[0][0]          
__________________________________________________________________________________________________
upsampling_0_conv_trans_0 (Conv (None, 72, 60, 16)   2064        add_3[0][0]                      
__________________________________________________________________________________________________
concatenate_3 (Concatenate)     (None, 72, 60, 32)   0           upsampling_0_conv_trans_0[0][0]  
                                                                 downsampling_0_activation_1[0][0]
__________________________________________________________________________________________________
upsampling_0_conv_0 (Conv2D)    (None, 72, 60, 16)   4624        concatenate_3[0][0]              
__________________________________________________________________________________________________
upsampling_0_activation_0 (Acti (None, 72, 60, 16)   0           upsampling_0_conv_0[0][0]        
__________________________________________________________________________________________________
upsampling_0_conv_1 (Conv2D)    (None, 72, 60, 16)   2320        upsampling_0_activation_0[0][0]  
__________________________________________________________________________________________________
upsampling_0_activation_1 (Acti (None, 72, 60, 16)   0           upsampling_0_conv_1[0][0]        
__________________________________________________________________________________________________
linear (Conv2D)                 (None, 72, 60, 2)    34          upsampling_0_activation_1[0][0]  
__________________________________________________________________________________________________
cropping2d_3 (Cropping2D)       (None, 71, 57, 2)    0           linear[0][0]                     
__________________________________________________________________________________________________
conv2d (Conv2D)                 (None, 71, 57, 32)   608         cropping2d_3[0][0]               
__________________________________________________________________________________________________
conv2d_1 (Conv2D)               (None, 71, 57, 2)    578         conv2d[0][0]                     
==================================================================================================
Total params: 36,692
Trainable params: 36,628
Non-trainable params: 64
__________________________________________________________________________________________________
########### Loading old model weights name: /glade/scratch/wchapman/Reforecast/models/NN_CRPS/F048/StartingYear2010/CNN_2017/cpf_CRPS_FINETUNE_val_2016_test_2017.ckpt
...binned spread skill...
RMSE PP: 46.26426294117417
RMSE WWRF: 47.5767822265625
CRMSE PP: 46.24220700391111
CRMSE WWRF: 47.30094031131629
BIAS PP: 1.4284158237928466
BIAS WWRF: 5.1157837
#################################################
testing: ['/glade/scratch/wchapman/Reforecast/F048/test/F048_WY_2018_500mb_Clean.nc']
validatiing: ['/glade/scratch/wchapman/Reforecast/F048/validate/F048_WY_2017_500mb_Clean.nc']
#################################################
Reading data from: "/glade/scratch/wchapman/Reforecast/F048/train/F048_WY_2016_500mb_Clean.nc"...
Reading data from: "/glade/scratch/wchapman/Reforecast/F048/validate/F048_WY_2017_500mb_Clean.nc"...
...gathering data...
Reading data from: "/glade/scratch/wchapman/Reforecast/F048/train/F048_WY_2016_500mb_Clean.nc"...
Reading data from: "/glade/scratch/wchapman/Reforecast/F048/test/F048_WY_2018_500mb_Clean.nc"...
Model: "model_5"
__________________________________________________________________________________________________
Layer (type)                    Output Shape         Param #     Connected to                     
==================================================================================================
input_5 (InputLayer)            [(None, 71, 57, 6)]  0                                            
__________________________________________________________________________________________________
zero_padding2d_4 (ZeroPadding2D (None, 72, 60, 6)    0           input_5[0][0]                    
__________________________________________________________________________________________________
downsampling_0_conv_0 (Conv2D)  (None, 72, 60, 16)   880         zero_padding2d_4[0][0]           
__________________________________________________________________________________________________
downsampling_0_batchnorm_0 (Bat (None, 72, 60, 16)   64          downsampling_0_conv_0[0][0]      
__________________________________________________________________________________________________
downsampling_0_activation_0 (Ac (None, 72, 60, 16)   0           downsampling_0_batchnorm_0[0][0] 
__________________________________________________________________________________________________
downsampling_0_conv_1 (Conv2D)  (None, 72, 60, 16)   2320        downsampling_0_activation_0[0][0]
__________________________________________________________________________________________________
downsampling_0_batchnorm_1 (Bat (None, 72, 60, 16)   64          downsampling_0_conv_1[0][0]      
__________________________________________________________________________________________________
downsampling_0_activation_1 (Ac (None, 72, 60, 16)   0           downsampling_0_batchnorm_1[0][0] 
__________________________________________________________________________________________________
max_pooling2d_4 (MaxPooling2D)  (None, 36, 30, 16)   0           downsampling_0_activation_1[0][0]
__________________________________________________________________________________________________
bottleneck_skip_0 (Conv2D)      (None, 36, 30, 32)   4640        max_pooling2d_4[0][0]            
__________________________________________________________________________________________________
bottleneck_skip_1 (Conv2D)      (None, 36, 30, 32)   9248        bottleneck_skip_0[0][0]          
__________________________________________________________________________________________________
bottleneck_skip_2 (Conv2D)      (None, 36, 30, 32)   9248        bottleneck_skip_1[0][0]          
__________________________________________________________________________________________________
add_4 (Add)                     (None, 36, 30, 32)   0           bottleneck_skip_0[0][0]          
                                                                 bottleneck_skip_1[0][0]          
                                                                 bottleneck_skip_2[0][0]          
__________________________________________________________________________________________________
upsampling_0_conv_trans_0 (Conv (None, 72, 60, 16)   2064        add_4[0][0]                      
__________________________________________________________________________________________________
concatenate_4 (Concatenate)     (None, 72, 60, 32)   0           upsampling_0_conv_trans_0[0][0]  
                                                                 downsampling_0_activation_1[0][0]
__________________________________________________________________________________________________
upsampling_0_conv_0 (Conv2D)    (None, 72, 60, 16)   4624        concatenate_4[0][0]              
__________________________________________________________________________________________________
upsampling_0_activation_0 (Acti (None, 72, 60, 16)   0           upsampling_0_conv_0[0][0]        
__________________________________________________________________________________________________
upsampling_0_conv_1 (Conv2D)    (None, 72, 60, 16)   2320        upsampling_0_activation_0[0][0]  
__________________________________________________________________________________________________
upsampling_0_activation_1 (Acti (None, 72, 60, 16)   0           upsampling_0_conv_1[0][0]        
__________________________________________________________________________________________________
linear (Conv2D)                 (None, 72, 60, 2)    34          upsampling_0_activation_1[0][0]  
__________________________________________________________________________________________________
cropping2d_4 (Cropping2D)       (None, 71, 57, 2)    0           linear[0][0]                     
==================================================================================================
Total params: 35,506
Trainable params: 35,442
Non-trainable params: 64
__________________________________________________________________________________________________
Model: "model_6"
__________________________________________________________________________________________________
Layer (type)                    Output Shape         Param #     Connected to                     
==================================================================================================
input_5 (InputLayer)            [(None, 71, 57, 6)]  0                                            
__________________________________________________________________________________________________
zero_padding2d_4 (ZeroPadding2D (None, 72, 60, 6)    0           input_5[0][0]                    
__________________________________________________________________________________________________
downsampling_0_conv_0 (Conv2D)  (None, 72, 60, 16)   880         zero_padding2d_4[0][0]           
__________________________________________________________________________________________________
downsampling_0_batchnorm_0 (Bat (None, 72, 60, 16)   64          downsampling_0_conv_0[0][0]      
__________________________________________________________________________________________________
downsampling_0_activation_0 (Ac (None, 72, 60, 16)   0           downsampling_0_batchnorm_0[0][0] 
__________________________________________________________________________________________________
downsampling_0_conv_1 (Conv2D)  (None, 72, 60, 16)   2320        downsampling_0_activation_0[0][0]
__________________________________________________________________________________________________
downsampling_0_batchnorm_1 (Bat (None, 72, 60, 16)   64          downsampling_0_conv_1[0][0]      
__________________________________________________________________________________________________
downsampling_0_activation_1 (Ac (None, 72, 60, 16)   0           downsampling_0_batchnorm_1[0][0] 
__________________________________________________________________________________________________
max_pooling2d_4 (MaxPooling2D)  (None, 36, 30, 16)   0           downsampling_0_activation_1[0][0]
__________________________________________________________________________________________________
bottleneck_skip_0 (Conv2D)      (None, 36, 30, 32)   4640        max_pooling2d_4[0][0]            
__________________________________________________________________________________________________
bottleneck_skip_1 (Conv2D)      (None, 36, 30, 32)   9248        bottleneck_skip_0[0][0]          
__________________________________________________________________________________________________
bottleneck_skip_2 (Conv2D)      (None, 36, 30, 32)   9248        bottleneck_skip_1[0][0]          
__________________________________________________________________________________________________
add_4 (Add)                     (None, 36, 30, 32)   0           bottleneck_skip_0[0][0]          
                                                                 bottleneck_skip_1[0][0]          
                                                                 bottleneck_skip_2[0][0]          
__________________________________________________________________________________________________
upsampling_0_conv_trans_0 (Conv (None, 72, 60, 16)   2064        add_4[0][0]                      
__________________________________________________________________________________________________
concatenate_4 (Concatenate)     (None, 72, 60, 32)   0           upsampling_0_conv_trans_0[0][0]  
                                                                 downsampling_0_activation_1[0][0]
__________________________________________________________________________________________________
upsampling_0_conv_0 (Conv2D)    (None, 72, 60, 16)   4624        concatenate_4[0][0]              
__________________________________________________________________________________________________
upsampling_0_activation_0 (Acti (None, 72, 60, 16)   0           upsampling_0_conv_0[0][0]        
__________________________________________________________________________________________________
upsampling_0_conv_1 (Conv2D)    (None, 72, 60, 16)   2320        upsampling_0_activation_0[0][0]  
__________________________________________________________________________________________________
upsampling_0_activation_1 (Acti (None, 72, 60, 16)   0           upsampling_0_conv_1[0][0]        
__________________________________________________________________________________________________
linear (Conv2D)                 (None, 72, 60, 2)    34          upsampling_0_activation_1[0][0]  
__________________________________________________________________________________________________
cropping2d_4 (Cropping2D)       (None, 71, 57, 2)    0           linear[0][0]                     
__________________________________________________________________________________________________
conv2d_2 (Conv2D)               (None, 71, 57, 32)   608         cropping2d_4[0][0]               
__________________________________________________________________________________________________
conv2d_3 (Conv2D)               (None, 71, 57, 2)    578         conv2d_2[0][0]                   
==================================================================================================
Total params: 36,692
Trainable params: 36,628
Non-trainable params: 64
__________________________________________________________________________________________________
########### Loading old model weights name: /glade/scratch/wchapman/Reforecast/models/NN_CRPS/F048/StartingYear2010/CNN_2018/cpf_CRPS_FINETUNE_val_2017_test_2018.ckpt
...binned spread skill...
RMSE PP: 49.21396283300876
RMSE WWRF: 52.69191302675189
CRMSE PP: 48.72018333391983
CRMSE WWRF: 52.48407537286932
BIAS PP: -6.9539757284196355
BIAS WWRF: 4.6754
#################################################
testing: ['/glade/scratch/wchapman/Reforecast/F048/train/F048_WY_2016_500mb_Clean.nc']
validatiing: ['/glade/scratch/wchapman/Reforecast/F048/test/F048_WY_2018_500mb_Clean.nc']
#################################################
Reading data from: "/glade/scratch/wchapman/Reforecast/F048/train/F048_WY_2016_500mb_Clean.nc"...
Reading data from: "/glade/scratch/wchapman/Reforecast/F048/validate/F048_WY_2017_500mb_Clean.nc"...
Reading data from: "/glade/scratch/wchapman/Reforecast/F048/test/F048_WY_2018_500mb_Clean.nc"...
...gathering data...
Reading data from: "/glade/scratch/wchapman/Reforecast/F048/train/F048_WY_2016_500mb_Clean.nc"...
Reading data from: "/glade/scratch/wchapman/Reforecast/F048/validate/F048_WY_2017_500mb_Clean.nc"...
Reading data from: "/glade/scratch/wchapman/Reforecast/F048/train/F048_WY_2016_500mb_Clean.nc"...
Model: "model_7"
__________________________________________________________________________________________________
Layer (type)                    Output Shape         Param #     Connected to                     
==================================================================================================
input_6 (InputLayer)            [(None, 71, 57, 6)]  0                                            
__________________________________________________________________________________________________
zero_padding2d_5 (ZeroPadding2D (None, 72, 60, 6)    0           input_6[0][0]                    
__________________________________________________________________________________________________
downsampling_0_conv_0 (Conv2D)  (None, 72, 60, 16)   880         zero_padding2d_5[0][0]           
__________________________________________________________________________________________________
downsampling_0_batchnorm_0 (Bat (None, 72, 60, 16)   64          downsampling_0_conv_0[0][0]      
__________________________________________________________________________________________________
downsampling_0_activation_0 (Ac (None, 72, 60, 16)   0           downsampling_0_batchnorm_0[0][0] 
__________________________________________________________________________________________________
downsampling_0_conv_1 (Conv2D)  (None, 72, 60, 16)   2320        downsampling_0_activation_0[0][0]
__________________________________________________________________________________________________
downsampling_0_batchnorm_1 (Bat (None, 72, 60, 16)   64          downsampling_0_conv_1[0][0]      
__________________________________________________________________________________________________
downsampling_0_activation_1 (Ac (None, 72, 60, 16)   0           downsampling_0_batchnorm_1[0][0] 
__________________________________________________________________________________________________
max_pooling2d_5 (MaxPooling2D)  (None, 36, 30, 16)   0           downsampling_0_activation_1[0][0]
__________________________________________________________________________________________________
bottleneck_skip_0 (Conv2D)      (None, 36, 30, 32)   4640        max_pooling2d_5[0][0]            
__________________________________________________________________________________________________
bottleneck_skip_1 (Conv2D)      (None, 36, 30, 32)   9248        bottleneck_skip_0[0][0]          
__________________________________________________________________________________________________
bottleneck_skip_2 (Conv2D)      (None, 36, 30, 32)   9248        bottleneck_skip_1[0][0]          
__________________________________________________________________________________________________
add_5 (Add)                     (None, 36, 30, 32)   0           bottleneck_skip_0[0][0]          
                                                                 bottleneck_skip_1[0][0]          
                                                                 bottleneck_skip_2[0][0]          
__________________________________________________________________________________________________
upsampling_0_conv_trans_0 (Conv (None, 72, 60, 16)   2064        add_5[0][0]                      
__________________________________________________________________________________________________
concatenate_5 (Concatenate)     (None, 72, 60, 32)   0           upsampling_0_conv_trans_0[0][0]  
                                                                 downsampling_0_activation_1[0][0]
__________________________________________________________________________________________________
upsampling_0_conv_0 (Conv2D)    (None, 72, 60, 16)   4624        concatenate_5[0][0]              
__________________________________________________________________________________________________
upsampling_0_activation_0 (Acti (None, 72, 60, 16)   0           upsampling_0_conv_0[0][0]        
__________________________________________________________________________________________________
upsampling_0_conv_1 (Conv2D)    (None, 72, 60, 16)   2320        upsampling_0_activation_0[0][0]  
__________________________________________________________________________________________________
upsampling_0_activation_1 (Acti (None, 72, 60, 16)   0           upsampling_0_conv_1[0][0]        
__________________________________________________________________________________________________
linear (Conv2D)                 (None, 72, 60, 2)    34          upsampling_0_activation_1[0][0]  
__________________________________________________________________________________________________
cropping2d_5 (Cropping2D)       (None, 71, 57, 2)    0           linear[0][0]                     
==================================================================================================
Total params: 35,506
Trainable params: 35,442
Non-trainable params: 64
__________________________________________________________________________________________________
Model: "model_8"
__________________________________________________________________________________________________
Layer (type)                    Output Shape         Param #     Connected to                     
==================================================================================================
input_6 (InputLayer)            [(None, 71, 57, 6)]  0                                            
__________________________________________________________________________________________________
zero_padding2d_5 (ZeroPadding2D (None, 72, 60, 6)    0           input_6[0][0]                    
__________________________________________________________________________________________________
downsampling_0_conv_0 (Conv2D)  (None, 72, 60, 16)   880         zero_padding2d_5[0][0]           
__________________________________________________________________________________________________
downsampling_0_batchnorm_0 (Bat (None, 72, 60, 16)   64          downsampling_0_conv_0[0][0]      
__________________________________________________________________________________________________
downsampling_0_activation_0 (Ac (None, 72, 60, 16)   0           downsampling_0_batchnorm_0[0][0] 
__________________________________________________________________________________________________
downsampling_0_conv_1 (Conv2D)  (None, 72, 60, 16)   2320        downsampling_0_activation_0[0][0]
__________________________________________________________________________________________________
downsampling_0_batchnorm_1 (Bat (None, 72, 60, 16)   64          downsampling_0_conv_1[0][0]      
__________________________________________________________________________________________________
downsampling_0_activation_1 (Ac (None, 72, 60, 16)   0           downsampling_0_batchnorm_1[0][0] 
__________________________________________________________________________________________________
max_pooling2d_5 (MaxPooling2D)  (None, 36, 30, 16)   0           downsampling_0_activation_1[0][0]
__________________________________________________________________________________________________
bottleneck_skip_0 (Conv2D)      (None, 36, 30, 32)   4640        max_pooling2d_5[0][0]            
__________________________________________________________________________________________________
bottleneck_skip_1 (Conv2D)      (None, 36, 30, 32)   9248        bottleneck_skip_0[0][0]          
__________________________________________________________________________________________________
bottleneck_skip_2 (Conv2D)      (None, 36, 30, 32)   9248        bottleneck_skip_1[0][0]          
__________________________________________________________________________________________________
add_5 (Add)                     (None, 36, 30, 32)   0           bottleneck_skip_0[0][0]          
                                                                 bottleneck_skip_1[0][0]          
                                                                 bottleneck_skip_2[0][0]          
__________________________________________________________________________________________________
upsampling_0_conv_trans_0 (Conv (None, 72, 60, 16)   2064        add_5[0][0]                      
__________________________________________________________________________________________________
concatenate_5 (Concatenate)     (None, 72, 60, 32)   0           upsampling_0_conv_trans_0[0][0]  
                                                                 downsampling_0_activation_1[0][0]
__________________________________________________________________________________________________
upsampling_0_conv_0 (Conv2D)    (None, 72, 60, 16)   4624        concatenate_5[0][0]              
__________________________________________________________________________________________________
upsampling_0_activation_0 (Acti (None, 72, 60, 16)   0           upsampling_0_conv_0[0][0]        
__________________________________________________________________________________________________
upsampling_0_conv_1 (Conv2D)    (None, 72, 60, 16)   2320        upsampling_0_activation_0[0][0]  
__________________________________________________________________________________________________
upsampling_0_activation_1 (Acti (None, 72, 60, 16)   0           upsampling_0_conv_1[0][0]        
__________________________________________________________________________________________________
linear (Conv2D)                 (None, 72, 60, 2)    34          upsampling_0_activation_1[0][0]  
__________________________________________________________________________________________________
cropping2d_5 (Cropping2D)       (None, 71, 57, 2)    0           linear[0][0]                     
__________________________________________________________________________________________________
conv2d_4 (Conv2D)               (None, 71, 57, 32)   608         cropping2d_5[0][0]               
__________________________________________________________________________________________________
conv2d_5 (Conv2D)               (None, 71, 57, 2)    578         conv2d_4[0][0]                   
==================================================================================================
Total params: 36,692
Trainable params: 36,628
Non-trainable params: 64
__________________________________________________________________________________________________
########### Loading old model weights name: /glade/scratch/wchapman/Reforecast/models/NN_CRPS/F048/StartingYear2010/CNN_2016/cpf_CRPS_FINETUNE_val_2018_test_2016.ckpt
...binned spread skill...
RMSE PP: 57.03025651729964
RMSE WWRF: 60.873342803030305
CRMSE PP: 56.877834131835385
CRMSE WWRF: 60.85525420217803
BIAS PP: -4.166796335996679
BIAS WWRF: 1.483963
IVTm shape: (52272,)
IVT mean shape: (52272,)
IVT std shape: (52272,)
#############################################################################
############## *I hope that is okay baby* - gale beggy ######################
#############################################################################
done
            time         OBS       Model     IVTmean     IVTstd   lat      lon
0     2016-12-03   95.142258   89.491150  116.332184  32.143799  30.0 -116.875
1     2016-12-04  134.140610  125.995224  141.984009  36.928543  30.0 -116.875
2     2016-12-05   81.311241  107.607147   83.742264  21.996748  30.0 -116.875
3     2016-12-06  169.137512  170.467346  152.891922  37.683018  30.0 -116.875
4     2016-12-07  238.380875  285.080811  226.103470  54.960361  30.0 -116.875
...          ...         ...         ...         ...        ...   ...      ...
52267 2019-03-29   17.010618   44.920738   18.333782   9.041799  55.0 -130.000
52268 2019-03-30   17.051439   24.849747   17.503696   7.656871  55.0 -130.000
52269 2019-03-31   20.627737   33.916504   20.852869   9.116814  55.0 -130.000
52270 2019-04-01   21.402893   28.441132   14.889750   7.640118  55.0 -130.000
52271 2019-04-02   37.281265   59.209045   26.788837  10.567224  55.0 -130.000

[52272 rows x 7 columns]
time       0
OBS        0
Model      0
IVTmean    0
IVTstd     0
lat        0
lon        0
dtype: int64
                OBS         Model  ...           lat           lon
count  52272.000000  52272.000000  ...  52272.000000  52272.000000
mean     145.077661    148.836039  ...     41.774306   -123.615451
std      135.347664    135.627180  ...      6.969452      3.644501
min        0.331534      0.415344  ...     30.000000   -130.000000
25%       53.417470     57.354549  ...     35.875000   -125.000000
50%      104.582706    108.114960  ...     41.750000   -124.375000
75%      187.951157    192.301506  ...     47.625000   -121.875000
max     1316.020142   1160.016846  ...     55.000000   -115.625000

[8 rows x 6 columns]
            time         OBS       Model     IVTmean     IVTstd   lat      lon
0     2016-12-03   95.142258   89.491150  118.702576  33.610950  30.0 -116.875
1     2016-12-04  134.140610  125.995224  143.893265  40.310131  30.0 -116.875
2     2016-12-05   81.311241  107.607147   84.002068  23.734535  30.0 -116.875
3     2016-12-06  169.137512  170.467346  155.685028  40.926109  30.0 -116.875
4     2016-12-07  238.380875  285.080811  231.834747  59.671967  30.0 -116.875
...          ...         ...         ...         ...        ...   ...      ...
52267 2019-03-29   17.010618   44.920738   18.452662   7.403368  55.0 -130.000
52268 2019-03-30   17.051439   24.849747   16.778109   6.883094  55.0 -130.000
52269 2019-03-31   20.627737   33.916504   20.653830   7.986939  55.0 -130.000
52270 2019-04-01   21.402893   28.441132   14.515006   6.161737  55.0 -130.000
52271 2019-04-02   37.281265   59.209045   26.726994   9.321280  55.0 -130.000

[52272 rows x 7 columns]
time       0
OBS        0
Model      0
IVTmean    0
IVTstd     0
lat        0
lon        0
dtype: int64
                OBS         Model  ...           lat           lon
count  52272.000000  52272.000000  ...  52272.000000  52272.000000
mean     145.077661    148.836039  ...     41.774306   -123.615451
std      135.347664    135.627180  ...      6.969452      3.644501
min        0.331534      0.415344  ...     30.000000   -130.000000
25%       53.417470     57.354549  ...     35.875000   -125.000000
50%      104.582706    108.114960  ...     41.750000   -124.375000
75%      187.951157    192.301506  ...     47.625000   -121.875000
max     1316.020142   1160.016846  ...     55.000000   -115.625000

[8 rows x 6 columns]
#############################################################################
############## *I hope that is okay baby* - gale beggy ######################
#############################################################################
/glade/scratch/wchapman/Reforecast/models/NN_CRPS/F048/Reforecast_out/NN_CRPS_CNNPP_StartingYear2010_FINETUNEref2.pkl
/glade/scratch/wchapman/Reforecast/models/NN_CRPS/F048/Reforecast_out/NN_CRPS_CNNPP_StartingYear2010_FINETUNEref2.pkl
/glade/scratch/wchapman/Reforecast/models/NN_CRPS/F048/Reforecast_out/NN_CRPS_CNNPP_StartingYear2010_FINETUNEref2.pkl
/glade/scratch/wchapman/Reforecast/models/NN_CRPS/F048/Reforecast_out/NN_CRPS_CNNPP_StartingYear2010_FINETUNEref2.pkl
/glade/scratch/wchapman/Reforecast/models/NN_CRPS/F048/Reforecast_out/NN_CRPS_CNNPP_StartingYear2010_FINETUNEref2.pkl
/glade/scratch/wchapman/Reforecast/models/NN_CRPS/F048/Reforecast_out/NN_CRPS_CNNPP_StartingYear2010_FINETUNEref2.pkl
/glade/scratch/wchapman/Reforecast/models/NN_CRPS/F048/Reforecast_out/NN_CRPS_CNNPP_StartingYear2010_FINETUNEref2.pkl
/glade/scratch/wchapman/Reforecast/models/NN_CRPS/F048/Reforecast_out/NN_CRPS_CNNPP_StartingYear2010_FINETUNEref2.pkl
/glade/scratch/wchapman/Reforecast/models/NN_CRPS/F048/Reforecast_out/NN_CRPS_CNNPP_StartingYear2010_FINETUNEref2.pkl
/glade/scratch/wchapman/Reforecast/models/NN_CRPS/F048/Reforecast_out/NN_CRPS_CNNPP_StartingYear2010_FINETUNEref2.pkl
WARNING:tensorflow:Unresolved object in checkpoint: (root).optimizer.iter
WARNING:tensorflow:Unresolved object in checkpoint: (root).optimizer.beta_1
WARNING:tensorflow:Unresolved object in checkpoint: (root).optimizer.beta_2
WARNING:tensorflow:Unresolved object in checkpoint: (root).optimizer.decay
WARNING:tensorflow:Unresolved object in checkpoint: (root).optimizer.learning_rate
WARNING:tensorflow:A checkpoint was restored (e.g. tf.train.Checkpoint.restore or tf.keras.Model.load_weights) but not all checkpointed values were used. See above for specific issues. Use expect_partial() on the load status object, e.g. tf.train.Checkpoint.restore(...).expect_partial(), to silence these warnings, or use assert_consumed() to make the check explicit. See https://www.tensorflow.org/guide/checkpoint#loading_mechanics for details.
WARNING:tensorflow:Unresolved object in checkpoint: (root).optimizer.iter
WARNING:tensorflow:Unresolved object in checkpoint: (root).optimizer.beta_1
WARNING:tensorflow:Unresolved object in checkpoint: (root).optimizer.beta_2
WARNING:tensorflow:Unresolved object in checkpoint: (root).optimizer.decay
WARNING:tensorflow:Unresolved object in checkpoint: (root).optimizer.learning_rate
WARNING:tensorflow:A checkpoint was restored (e.g. tf.train.Checkpoint.restore or tf.keras.Model.load_weights) but not all checkpointed values were used. See above for specific issues. Use expect_partial() on the load status object, e.g. tf.train.Checkpoint.restore(...).expect_partial(), to silence these warnings, or use assert_consumed() to make the check explicit. See https://www.tensorflow.org/guide/checkpoint#loading_mechanics for details.
WARNING:tensorflow:Unresolved object in checkpoint: (root).optimizer.iter
WARNING:tensorflow:Unresolved object in checkpoint: (root).optimizer.beta_1
WARNING:tensorflow:Unresolved object in checkpoint: (root).optimizer.beta_2
WARNING:tensorflow:Unresolved object in checkpoint: (root).optimizer.decay
WARNING:tensorflow:Unresolved object in checkpoint: (root).optimizer.learning_rate
WARNING:tensorflow:A checkpoint was restored (e.g. tf.train.Checkpoint.restore or tf.keras.Model.load_weights) but not all checkpointed values were used. See above for specific issues. Use expect_partial() on the load status object, e.g. tf.train.Checkpoint.restore(...).expect_partial(), to silence these warnings, or use assert_consumed() to make the check explicit. See https://www.tensorflow.org/guide/checkpoint#loading_mechanics for details.
WARNING:tensorflow:Unresolved object in checkpoint: (root).optimizer.iter
WARNING:tensorflow:Unresolved object in checkpoint: (root).optimizer.beta_1
WARNING:tensorflow:Unresolved object in checkpoint: (root).optimizer.beta_2
WARNING:tensorflow:Unresolved object in checkpoint: (root).optimizer.decay
WARNING:tensorflow:Unresolved object in checkpoint: (root).optimizer.learning_rate
WARNING:tensorflow:A checkpoint was restored (e.g. tf.train.Checkpoint.restore or tf.keras.Model.load_weights) but not all checkpointed values were used. See above for specific issues. Use expect_partial() on the load status object, e.g. tf.train.Checkpoint.restore(...).expect_partial(), to silence these warnings, or use assert_consumed() to make the check explicit. See https://www.tensorflow.org/guide/checkpoint#loading_mechanics for details.
WARNING:tensorflow:Unresolved object in checkpoint: (root).optimizer.iter
WARNING:tensorflow:Unresolved object in checkpoint: (root).optimizer.beta_1
WARNING:tensorflow:Unresolved object in checkpoint: (root).optimizer.beta_2
WARNING:tensorflow:Unresolved object in checkpoint: (root).optimizer.decay
WARNING:tensorflow:Unresolved object in checkpoint: (root).optimizer.learning_rate
WARNING:tensorflow:A checkpoint was restored (e.g. tf.train.Checkpoint.restore or tf.keras.Model.load_weights) but not all checkpointed values were used. See above for specific issues. Use expect_partial() on the load status object, e.g. tf.train.Checkpoint.restore(...).expect_partial(), to silence these warnings, or use assert_consumed() to make the check explicit. See https://www.tensorflow.org/guide/checkpoint#loading_mechanics for details.
