2020-11-09 15:55:05.328957: I tensorflow/core/platform/cpu_feature_guard.cc:142] Your CPU supports instructions that this TensorFlow binary was not compiled to use: SSE4.1 SSE4.2 AVX AVX2 AVX512F FMA
2020-11-09 15:55:05.335611: I tensorflow/core/platform/profile_utils/cpu_utils.cc:94] CPU Frequency: 2300000000 Hz
2020-11-09 15:55:05.335740: I tensorflow/compiler/xla/service/service.cc:168] XLA service 0x55a6ed15e2c0 initialized for platform Host (this does not guarantee that XLA will be used). Devices:
2020-11-09 15:55:05.335758: I tensorflow/compiler/xla/service/service.cc:176]   StreamExecutor device (0): Host, Default Version
2020-11-09 15:55:05.337041: I tensorflow/stream_executor/platform/default/dso_loader.cc:44] Successfully opened dynamic library libcuda.so.1
2020-11-09 15:55:05.353761: I tensorflow/core/common_runtime/gpu/gpu_device.cc:1555] Found device 0 with properties: 
pciBusID: 0000:1a:00.0 name: Tesla V100-SXM2-32GB computeCapability: 7.0
coreClock: 1.53GHz coreCount: 80 deviceMemorySize: 31.75GiB deviceMemoryBandwidth: 836.37GiB/s
2020-11-09 15:55:05.354050: I tensorflow/stream_executor/platform/default/dso_loader.cc:44] Successfully opened dynamic library libcudart.so.10.1
2020-11-09 15:55:05.356994: I tensorflow/stream_executor/platform/default/dso_loader.cc:44] Successfully opened dynamic library libcublas.so.10
2020-11-09 15:55:05.359408: I tensorflow/stream_executor/platform/default/dso_loader.cc:44] Successfully opened dynamic library libcufft.so.10
2020-11-09 15:55:05.359915: I tensorflow/stream_executor/platform/default/dso_loader.cc:44] Successfully opened dynamic library libcurand.so.10
2020-11-09 15:55:05.363025: I tensorflow/stream_executor/platform/default/dso_loader.cc:44] Successfully opened dynamic library libcusolver.so.10
2020-11-09 15:55:05.364288: I tensorflow/stream_executor/platform/default/dso_loader.cc:44] Successfully opened dynamic library libcusparse.so.10
2020-11-09 15:55:05.370108: I tensorflow/stream_executor/platform/default/dso_loader.cc:44] Successfully opened dynamic library libcudnn.so.7
2020-11-09 15:55:05.373026: I tensorflow/core/common_runtime/gpu/gpu_device.cc:1697] Adding visible gpu devices: 0
2020-11-09 15:55:05.373070: I tensorflow/stream_executor/platform/default/dso_loader.cc:44] Successfully opened dynamic library libcudart.so.10.1
2020-11-09 15:55:05.520577: I tensorflow/core/common_runtime/gpu/gpu_device.cc:1096] Device interconnect StreamExecutor with strength 1 edge matrix:
2020-11-09 15:55:05.520645: I tensorflow/core/common_runtime/gpu/gpu_device.cc:1102]      0 
2020-11-09 15:55:05.520659: I tensorflow/core/common_runtime/gpu/gpu_device.cc:1115] 0:   N 
2020-11-09 15:55:05.525194: I tensorflow/core/common_runtime/gpu/gpu_device.cc:1241] Created TensorFlow device (/device:GPU:0 with 30300 MB memory) -> physical GPU (device: 0, name: Tesla V100-SXM2-32GB, pci bus id: 0000:1a:00.0, compute capability: 7.0)
2020-11-09 15:55:05.527173: I tensorflow/compiler/xla/service/service.cc:168] XLA service 0x55a6eded97e0 initialized for platform CUDA (this does not guarantee that XLA will be used). Devices:
2020-11-09 15:55:05.527202: I tensorflow/compiler/xla/service/service.cc:176]   StreamExecutor device (0): Tesla V100-SXM2-32GB, Compute Capability 7.0
2020-11-09 15:55:05.529357: I tensorflow/core/common_runtime/gpu/gpu_device.cc:1555] Found device 0 with properties: 
pciBusID: 0000:1a:00.0 name: Tesla V100-SXM2-32GB computeCapability: 7.0
coreClock: 1.53GHz coreCount: 80 deviceMemorySize: 31.75GiB deviceMemoryBandwidth: 836.37GiB/s
2020-11-09 15:55:05.529430: I tensorflow/stream_executor/platform/default/dso_loader.cc:44] Successfully opened dynamic library libcudart.so.10.1
2020-11-09 15:55:05.529447: I tensorflow/stream_executor/platform/default/dso_loader.cc:44] Successfully opened dynamic library libcublas.so.10
2020-11-09 15:55:05.529461: I tensorflow/stream_executor/platform/default/dso_loader.cc:44] Successfully opened dynamic library libcufft.so.10
2020-11-09 15:55:05.530799: I tensorflow/stream_executor/platform/default/dso_loader.cc:44] Successfully opened dynamic library libcurand.so.10
2020-11-09 15:55:05.530815: I tensorflow/stream_executor/platform/default/dso_loader.cc:44] Successfully opened dynamic library libcusolver.so.10
2020-11-09 15:55:05.530829: I tensorflow/stream_executor/platform/default/dso_loader.cc:44] Successfully opened dynamic library libcusparse.so.10
2020-11-09 15:55:05.530844: I tensorflow/stream_executor/platform/default/dso_loader.cc:44] Successfully opened dynamic library libcudnn.so.7
2020-11-09 15:55:05.533644: I tensorflow/core/common_runtime/gpu/gpu_device.cc:1697] Adding visible gpu devices: 0
2020-11-09 15:55:05.533675: I tensorflow/core/common_runtime/gpu/gpu_device.cc:1096] Device interconnect StreamExecutor with strength 1 edge matrix:
2020-11-09 15:55:05.533686: I tensorflow/core/common_runtime/gpu/gpu_device.cc:1102]      0 
2020-11-09 15:55:05.533694: I tensorflow/core/common_runtime/gpu/gpu_device.cc:1115] 0:   N 
2020-11-09 15:55:05.536489: I tensorflow/core/common_runtime/gpu/gpu_device.cc:1241] Created TensorFlow device (/device:GPU:0 with 30300 MB memory) -> physical GPU (device: 0, name: Tesla V100-SXM2-32GB, pci bus id: 0000:1a:00.0, compute capability: 7.0)
2020-11-09 15:55:05.538169: I tensorflow/core/common_runtime/gpu/gpu_device.cc:1555] Found device 0 with properties: 
pciBusID: 0000:1a:00.0 name: Tesla V100-SXM2-32GB computeCapability: 7.0
coreClock: 1.53GHz coreCount: 80 deviceMemorySize: 31.75GiB deviceMemoryBandwidth: 836.37GiB/s
2020-11-09 15:55:05.538221: I tensorflow/stream_executor/platform/default/dso_loader.cc:44] Successfully opened dynamic library libcudart.so.10.1
2020-11-09 15:55:05.538237: I tensorflow/stream_executor/platform/default/dso_loader.cc:44] Successfully opened dynamic library libcublas.so.10
2020-11-09 15:55:05.538251: I tensorflow/stream_executor/platform/default/dso_loader.cc:44] Successfully opened dynamic library libcufft.so.10
2020-11-09 15:55:05.538265: I tensorflow/stream_executor/platform/default/dso_loader.cc:44] Successfully opened dynamic library libcurand.so.10
2020-11-09 15:55:05.538278: I tensorflow/stream_executor/platform/default/dso_loader.cc:44] Successfully opened dynamic library libcusolver.so.10
2020-11-09 15:55:05.538292: I tensorflow/stream_executor/platform/default/dso_loader.cc:44] Successfully opened dynamic library libcusparse.so.10
2020-11-09 15:55:05.538306: I tensorflow/stream_executor/platform/default/dso_loader.cc:44] Successfully opened dynamic library libcudnn.so.7
2020-11-09 15:55:05.541075: I tensorflow/core/common_runtime/gpu/gpu_device.cc:1697] Adding visible gpu devices: 0
2020-11-09 15:55:05.541100: I tensorflow/core/common_runtime/gpu/gpu_device.cc:1096] Device interconnect StreamExecutor with strength 1 edge matrix:
2020-11-09 15:55:05.541110: I tensorflow/core/common_runtime/gpu/gpu_device.cc:1102]      0 
2020-11-09 15:55:05.541118: I tensorflow/core/common_runtime/gpu/gpu_device.cc:1115] 0:   N 
2020-11-09 15:55:05.543922: I tensorflow/core/common_runtime/gpu/gpu_device.cc:1241] Created TensorFlow device (/device:GPU:0 with 30300 MB memory) -> physical GPU (device: 0, name: Tesla V100-SXM2-32GB, pci bus id: 0000:1a:00.0, compute capability: 7.0)
#############################################
post processing forecast: F000
#############################################
['/device:GPU:0']
#################################################
#################################################
SUCCESS: Found GPU: /device:GPU:0
#################################################
#################################################
We are here: /glade/work/wchapman/AnEn/CNN/Coastal_Points_LogNormal
...Searching...: /glade/scratch/wchapman/AnEnCNN_good/Data/WestCoast/
/glade/scratch/wchapman/Reforecast/F000
Training on
/glade/scratch/wchapman/Reforecast/F000/train/F000_WY_1985_500mb_Clean.nc
/glade/scratch/wchapman/Reforecast/F000/train/F000_WY_1986_500mb_Clean.nc
/glade/scratch/wchapman/Reforecast/F000/train/F000_WY_1987_500mb_Clean.nc
/glade/scratch/wchapman/Reforecast/F000/train/F000_WY_1988_500mb_Clean.nc
/glade/scratch/wchapman/Reforecast/F000/train/F000_WY_1989_500mb_Clean.nc
/glade/scratch/wchapman/Reforecast/F000/train/F000_WY_1990_500mb_Clean.nc
/glade/scratch/wchapman/Reforecast/F000/train/F000_WY_1991_500mb_Clean.nc
/glade/scratch/wchapman/Reforecast/F000/train/F000_WY_1992_500mb_Clean.nc
/glade/scratch/wchapman/Reforecast/F000/train/F000_WY_1993_500mb_Clean.nc
/glade/scratch/wchapman/Reforecast/F000/train/F000_WY_1994_500mb_Clean.nc
/glade/scratch/wchapman/Reforecast/F000/train/F000_WY_1995_500mb_Clean.nc
/glade/scratch/wchapman/Reforecast/F000/train/F000_WY_1996_500mb_Clean.nc
/glade/scratch/wchapman/Reforecast/F000/train/F000_WY_1997_500mb_Clean.nc
/glade/scratch/wchapman/Reforecast/F000/train/F000_WY_1998_500mb_Clean.nc
/glade/scratch/wchapman/Reforecast/F000/train/F000_WY_1999_500mb_Clean.nc
/glade/scratch/wchapman/Reforecast/F000/train/F000_WY_2000_500mb_Clean.nc
/glade/scratch/wchapman/Reforecast/F000/train/F000_WY_2001_500mb_Clean.nc
/glade/scratch/wchapman/Reforecast/F000/train/F000_WY_2002_500mb_Clean.nc
/glade/scratch/wchapman/Reforecast/F000/train/F000_WY_2003_500mb_Clean.nc
/glade/scratch/wchapman/Reforecast/F000/train/F000_WY_2004_500mb_Clean.nc
/glade/scratch/wchapman/Reforecast/F000/train/F000_WY_2005_500mb_Clean.nc
/glade/scratch/wchapman/Reforecast/F000/train/F000_WY_2006_500mb_Clean.nc
/glade/scratch/wchapman/Reforecast/F000/train/F000_WY_2007_500mb_Clean.nc
/glade/scratch/wchapman/Reforecast/F000/train/F000_WY_2008_500mb_Clean.nc
/glade/scratch/wchapman/Reforecast/F000/train/F000_WY_2009_500mb_Clean.nc
/glade/scratch/wchapman/Reforecast/F000/train/F000_WY_2010_500mb_Clean.nc
/glade/scratch/wchapman/Reforecast/F000/train/F000_WY_2011_500mb_Clean.nc
/glade/scratch/wchapman/Reforecast/F000/train/F000_WY_2012_500mb_Clean.nc
/glade/scratch/wchapman/Reforecast/F000/train/F000_WY_2013_500mb_Clean.nc
/glade/scratch/wchapman/Reforecast/F000/train/F000_WY_2014_500mb_Clean.nc
/glade/scratch/wchapman/Reforecast/F000/train/F000_WY_2015_500mb_Clean.nc
/glade/scratch/wchapman/Reforecast/F000/train/F000_WY_2016_500mb_Clean.nc
Validating on
/glade/scratch/wchapman/Reforecast/F000/validate/F000_WY_2017_500mb_Clean.nc
Testing on
/glade/scratch/wchapman/Reforecast/F000/test/F000_WY_2018_500mb_Clean.nc
['2016', '2017', '2018']
trainging yearss ['/glade/scratch/wchapman/Reforecast/F000/train/F000_WY_2016_500mb_Clean.nc', '/glade/scratch/wchapman/Reforecast/F000/validate/F000_WY_2017_500mb_Clean.nc', '/glade/scratch/wchapman/Reforecast/F000/test/F000_WY_2018_500mb_Clean.nc']
Reading data from: "/glade/scratch/wchapman/Reforecast/F000/train/F000_WY_2016_500mb_Clean.nc"...
Reading data from: "/glade/scratch/wchapman/Reforecast/F000/validate/F000_WY_2017_500mb_Clean.nc"...
Reading data from: "/glade/scratch/wchapman/Reforecast/F000/test/F000_WY_2018_500mb_Clean.nc"...


Mean and standard deviation for "IVT" = 157.2416, 153.0676
Mean and standard deviation for "p_sfc" = 984.7132, 61.8586
Mean and standard deviation for "u_tr_p" = 11.9755, 12.2993
Mean and standard deviation for "v_tr_p" = 0.3500, 13.5323
Mean and standard deviation for "Z_p" = 5580.9085, 192.4081
Mean and standard deviation for "IWV" = 13.6669, 8.1031
2020-11-09 15:55:06.346517: I tensorflow/core/common_runtime/gpu/gpu_device.cc:1555] Found device 0 with properties: 
pciBusID: 0000:1a:00.0 name: Tesla V100-SXM2-32GB computeCapability: 7.0
coreClock: 1.53GHz coreCount: 80 deviceMemorySize: 31.75GiB deviceMemoryBandwidth: 836.37GiB/s
2020-11-09 15:55:06.349203: I tensorflow/stream_executor/platform/default/dso_loader.cc:44] Successfully opened dynamic library libcudart.so.10.1
2020-11-09 15:55:06.349247: I tensorflow/stream_executor/platform/default/dso_loader.cc:44] Successfully opened dynamic library libcublas.so.10
2020-11-09 15:55:06.349263: I tensorflow/stream_executor/platform/default/dso_loader.cc:44] Successfully opened dynamic library libcufft.so.10
2020-11-09 15:55:06.349278: I tensorflow/stream_executor/platform/default/dso_loader.cc:44] Successfully opened dynamic library libcurand.so.10
2020-11-09 15:55:06.349292: I tensorflow/stream_executor/platform/default/dso_loader.cc:44] Successfully opened dynamic library libcusolver.so.10
2020-11-09 15:55:06.349306: I tensorflow/stream_executor/platform/default/dso_loader.cc:44] Successfully opened dynamic library libcusparse.so.10
2020-11-09 15:55:06.349321: I tensorflow/stream_executor/platform/default/dso_loader.cc:44] Successfully opened dynamic library libcudnn.so.7
2020-11-09 15:55:06.352245: I tensorflow/core/common_runtime/gpu/gpu_device.cc:1697] Adding visible gpu devices: 0
2020-11-09 15:55:06.354041: I tensorflow/core/common_runtime/gpu/gpu_device.cc:1555] Found device 0 with properties: 
pciBusID: 0000:1a:00.0 name: Tesla V100-SXM2-32GB computeCapability: 7.0
coreClock: 1.53GHz coreCount: 80 deviceMemorySize: 31.75GiB deviceMemoryBandwidth: 836.37GiB/s
2020-11-09 15:55:06.354096: I tensorflow/stream_executor/platform/default/dso_loader.cc:44] Successfully opened dynamic library libcudart.so.10.1
2020-11-09 15:55:06.354112: I tensorflow/stream_executor/platform/default/dso_loader.cc:44] Successfully opened dynamic library libcublas.so.10
2020-11-09 15:55:06.354126: I tensorflow/stream_executor/platform/default/dso_loader.cc:44] Successfully opened dynamic library libcufft.so.10
2020-11-09 15:55:06.354140: I tensorflow/stream_executor/platform/default/dso_loader.cc:44] Successfully opened dynamic library libcurand.so.10
2020-11-09 15:55:06.354153: I tensorflow/stream_executor/platform/default/dso_loader.cc:44] Successfully opened dynamic library libcusolver.so.10
2020-11-09 15:55:06.354167: I tensorflow/stream_executor/platform/default/dso_loader.cc:44] Successfully opened dynamic library libcusparse.so.10
2020-11-09 15:55:06.354181: I tensorflow/stream_executor/platform/default/dso_loader.cc:44] Successfully opened dynamic library libcudnn.so.7
2020-11-09 15:55:06.356967: I tensorflow/core/common_runtime/gpu/gpu_device.cc:1697] Adding visible gpu devices: 0
2020-11-09 15:55:06.357002: I tensorflow/core/common_runtime/gpu/gpu_device.cc:1096] Device interconnect StreamExecutor with strength 1 edge matrix:
2020-11-09 15:55:06.357013: I tensorflow/core/common_runtime/gpu/gpu_device.cc:1102]      0 
2020-11-09 15:55:06.357021: I tensorflow/core/common_runtime/gpu/gpu_device.cc:1115] 0:   N 
2020-11-09 15:55:06.359840: I tensorflow/core/common_runtime/gpu/gpu_device.cc:1241] Created TensorFlow device (/job:localhost/replica:0/task:0/device:GPU:0 with 30300 MB memory) -> physical GPU (device: 0, name: Tesla V100-SXM2-32GB, pci bus id: 0000:1a:00.0, compute capability: 7.0)
2020-11-09 15:55:08.179364: I tensorflow/stream_executor/platform/default/dso_loader.cc:44] Successfully opened dynamic library libcudnn.so.7
2020-11-09 15:55:09.240716: W tensorflow/stream_executor/gpu/redzone_allocator.cc:312] Not found: ./bin/ptxas not found
Relying on driver to perform ptx compilation. This message will be only logged once.
2020-11-09 15:55:09.261171: I tensorflow/stream_executor/platform/default/dso_loader.cc:44] Successfully opened dynamic library libcublas.so.10
/glade/work/wchapman/miniconda3/envs/tfp/lib/python3.6/site-packages/dask/config.py:168: YAMLLoadWarning: calling yaml.load() without Loader=... is deprecated, as the default Loader is unsafe. Please read https://msg.pyyaml.org/load for full details.
  data = yaml.load(f.read()) or {}
/glade/work/wchapman/AnEn/CNN/Coastal_Points_LogNormal/utilsProb.py:216: RuntimeWarning: invalid value encountered in log
  post_matrix = numpy.log(post_matrix)
/glade/work/wchapman/AnEn/CNN/Coastal_Points_LogNormal/coms.py:491: RuntimeWarning: overflow encountered in exp
  m = np.exp(mu + sigma**2 / 2.0)
/glade/work/wchapman/AnEn/CNN/Coastal_Points_LogNormal/coms.py:492: RuntimeWarning: overflow encountered in exp
  v = np.exp(2 * mu + sigma**2) * (np.exp(sigma**2) - 1)
/glade/work/wchapman/AnEn/CNN/Coastal_Points_LogNormal/coms.py:492: RuntimeWarning: overflow encountered in double_scalars
  v = np.exp(2 * mu + sigma**2) * (np.exp(sigma**2) - 1)
/glade/work/wchapman/AnEn/CNN/Coastal_Points_LogNormal/utilsProb.py:216: RuntimeWarning: invalid value encountered in log
  post_matrix = numpy.log(post_matrix)
/glade/work/wchapman/AnEn/CNN/Coastal_Points_LogNormal/coms.py:491: RuntimeWarning: overflow encountered in exp
  m = np.exp(mu + sigma**2 / 2.0)
/glade/work/wchapman/AnEn/CNN/Coastal_Points_LogNormal/coms.py:492: RuntimeWarning: overflow encountered in exp
  v = np.exp(2 * mu + sigma**2) * (np.exp(sigma**2) - 1)
/glade/work/wchapman/AnEn/CNN/Coastal_Points_LogNormal/coms.py:492: RuntimeWarning: overflow encountered in double_scalars
  v = np.exp(2 * mu + sigma**2) * (np.exp(sigma**2) - 1)
/glade/work/wchapman/AnEn/CNN/Coastal_Points_LogNormal/utilsProb.py:216: RuntimeWarning: invalid value encountered in log
  post_matrix = numpy.log(post_matrix)
/glade/work/wchapman/AnEn/CNN/Coastal_Points_LogNormal/coms.py:492: RuntimeWarning: overflow encountered in exp
  v = np.exp(2 * mu + sigma**2) * (np.exp(sigma**2) - 1)
/glade/work/wchapman/AnEn/CNN/Coastal_Points_LogNormal/coms.py:492: RuntimeWarning: overflow encountered in double_scalars
  v = np.exp(2 * mu + sigma**2) * (np.exp(sigma**2) - 1)
/glade/work/wchapman/AnEn/CNN/Coastal_Points_LogNormal/coms.py:491: RuntimeWarning: overflow encountered in exp
  m = np.exp(mu + sigma**2 / 2.0)
/glade/work/wchapman/AnEn/CNN/Coastal_Points_LogNormal/utilsProb.py:216: RuntimeWarning: invalid value encountered in log
  post_matrix = numpy.log(post_matrix)
/glade/work/wchapman/AnEn/CNN/Coastal_Points_LogNormal/coms.py:491: RuntimeWarning: overflow encountered in exp
  m = np.exp(mu + sigma**2 / 2.0)
/glade/work/wchapman/AnEn/CNN/Coastal_Points_LogNormal/coms.py:492: RuntimeWarning: overflow encountered in exp
  v = np.exp(2 * mu + sigma**2) * (np.exp(sigma**2) - 1)
/glade/work/wchapman/AnEn/CNN/Coastal_Points_LogNormal/coms.py:492: RuntimeWarning: overflow encountered in double_scalars
  v = np.exp(2 * mu + sigma**2) * (np.exp(sigma**2) - 1)
/glade/work/wchapman/AnEn/CNN/Coastal_Points_LogNormal/utilsProb.py:216: RuntimeWarning: invalid value encountered in log
  post_matrix = numpy.log(post_matrix)
/glade/work/wchapman/AnEn/CNN/Coastal_Points_LogNormal/coms.py:491: RuntimeWarning: overflow encountered in exp
  m = np.exp(mu + sigma**2 / 2.0)
/glade/work/wchapman/AnEn/CNN/Coastal_Points_LogNormal/coms.py:492: RuntimeWarning: overflow encountered in exp
  v = np.exp(2 * mu + sigma**2) * (np.exp(sigma**2) - 1)
/glade/work/wchapman/AnEn/CNN/Coastal_Points_LogNormal/coms.py:492: RuntimeWarning: overflow encountered in double_scalars
  v = np.exp(2 * mu + sigma**2) * (np.exp(sigma**2) - 1)
/glade/work/wchapman/AnEn/CNN/Coastal_Points_LogNormal/utilsProb.py:216: RuntimeWarning: invalid value encountered in log
  post_matrix = numpy.log(post_matrix)
/glade/work/wchapman/AnEn/CNN/Coastal_Points_LogNormal/coms.py:492: RuntimeWarning: overflow encountered in exp
  v = np.exp(2 * mu + sigma**2) * (np.exp(sigma**2) - 1)
/glade/work/wchapman/AnEn/CNN/Coastal_Points_LogNormal/coms.py:492: RuntimeWarning: overflow encountered in double_scalars
  v = np.exp(2 * mu + sigma**2) * (np.exp(sigma**2) - 1)
/glade/work/wchapman/AnEn/CNN/Coastal_Points_LogNormal/coms.py:491: RuntimeWarning: overflow encountered in exp
  m = np.exp(mu + sigma**2 / 2.0)
Reading data from: "/glade/scratch/wchapman/Reforecast/F000/train/F000_WY_2016_500mb_Clean.nc"...
Reading data from: "/glade/scratch/wchapman/Reforecast/F000/validate/F000_WY_2017_500mb_Clean.nc"...
Reading data from: "/glade/scratch/wchapman/Reforecast/F000/test/F000_WY_2018_500mb_Clean.nc"...


Mean and standard deviation for "IVTm" = 188.1424, 172.6995
######### ASSEMBLE!!!! ###########
########### DONE!!!! #############
#################################################
testing: ['/glade/scratch/wchapman/Reforecast/F000/validate/F000_WY_2017_500mb_Clean.nc']
validatiing: ['/glade/scratch/wchapman/Reforecast/F000/train/F000_WY_2016_500mb_Clean.nc']
#################################################
Reading data from: "/glade/scratch/wchapman/Reforecast/F000/test/F000_WY_2018_500mb_Clean.nc"...
Reading data from: "/glade/scratch/wchapman/Reforecast/F000/train/F000_WY_2016_500mb_Clean.nc"...
...gathering data...
Reading data from: "/glade/scratch/wchapman/Reforecast/F000/test/F000_WY_2018_500mb_Clean.nc"...
Reading data from: "/glade/scratch/wchapman/Reforecast/F000/validate/F000_WY_2017_500mb_Clean.nc"...
Model: "model"
__________________________________________________________________________________________________
Layer (type)                    Output Shape         Param #     Connected to                     
==================================================================================================
input_1 (InputLayer)            [(None, 71, 57, 6)]  0                                            
__________________________________________________________________________________________________
zero_padding2d (ZeroPadding2D)  (None, 72, 60, 6)    0           input_1[0][0]                    
__________________________________________________________________________________________________
downsampling_0_conv_0 (Conv2D)  (None, 72, 60, 16)   880         zero_padding2d[0][0]             
__________________________________________________________________________________________________
downsampling_0_batchnorm_0 (Bat (None, 72, 60, 16)   64          downsampling_0_conv_0[0][0]      
__________________________________________________________________________________________________
downsampling_0_activation_0 (Ac (None, 72, 60, 16)   0           downsampling_0_batchnorm_0[0][0] 
__________________________________________________________________________________________________
downsampling_0_conv_1 (Conv2D)  (None, 72, 60, 16)   2320        downsampling_0_activation_0[0][0]
__________________________________________________________________________________________________
downsampling_0_batchnorm_1 (Bat (None, 72, 60, 16)   64          downsampling_0_conv_1[0][0]      
__________________________________________________________________________________________________
downsampling_0_activation_1 (Ac (None, 72, 60, 16)   0           downsampling_0_batchnorm_1[0][0] 
__________________________________________________________________________________________________
max_pooling2d (MaxPooling2D)    (None, 36, 30, 16)   0           downsampling_0_activation_1[0][0]
__________________________________________________________________________________________________
bottleneck_skip_0 (Conv2D)      (None, 36, 30, 32)   4640        max_pooling2d[0][0]              
__________________________________________________________________________________________________
bottleneck_skip_1 (Conv2D)      (None, 36, 30, 32)   9248        bottleneck_skip_0[0][0]          
__________________________________________________________________________________________________
bottleneck_skip_2 (Conv2D)      (None, 36, 30, 32)   9248        bottleneck_skip_1[0][0]          
__________________________________________________________________________________________________
add (Add)                       (None, 36, 30, 32)   0           bottleneck_skip_0[0][0]          
                                                                 bottleneck_skip_1[0][0]          
                                                                 bottleneck_skip_2[0][0]          
__________________________________________________________________________________________________
upsampling_0_conv_trans_0 (Conv (None, 72, 60, 16)   2064        add[0][0]                        
__________________________________________________________________________________________________
concatenate (Concatenate)       (None, 72, 60, 32)   0           upsampling_0_conv_trans_0[0][0]  
                                                                 downsampling_0_activation_1[0][0]
__________________________________________________________________________________________________
upsampling_0_conv_0 (Conv2D)    (None, 72, 60, 16)   4624        concatenate[0][0]                
__________________________________________________________________________________________________
upsampling_0_activation_0 (Acti (None, 72, 60, 16)   0           upsampling_0_conv_0[0][0]        
__________________________________________________________________________________________________
upsampling_0_conv_1 (Conv2D)    (None, 72, 60, 16)   2320        upsampling_0_activation_0[0][0]  
__________________________________________________________________________________________________
upsampling_0_activation_1 (Acti (None, 72, 60, 16)   0           upsampling_0_conv_1[0][0]        
__________________________________________________________________________________________________
linear (Conv2D)                 (None, 72, 60, 2)    34          upsampling_0_activation_1[0][0]  
__________________________________________________________________________________________________
cropping2d (Cropping2D)         (None, 71, 57, 2)    0           linear[0][0]                     
==================================================================================================
Total params: 35,506
Trainable params: 35,442
Non-trainable params: 64
__________________________________________________________________________________________________
########### model name: /glade/scratch/wchapman/Reforecast/models/NN_CRPS/F000/StartingYear2016/CNN_2017/cpf_CRPS_val_2016_test_2017.ckpt
########### model name: /glade/scratch/wchapman/Reforecast/models/NN_CRPS/F000/StartingYear2016/CNN_2017/cpf_CRPS_val_2016_test_2017.ckpt
...binned spread skill...
RMSE PP: 77.37582908428968
RMSE WWRF: 30.197650331439394
CRMSE PP: 76.82450990391376
CRMSE WWRF: 29.990099357836176
BIAS PP: -9.22029726411138
BIAS WWRF: -3.5343933
#################################################
testing: ['/glade/scratch/wchapman/Reforecast/F000/test/F000_WY_2018_500mb_Clean.nc']
validatiing: ['/glade/scratch/wchapman/Reforecast/F000/validate/F000_WY_2017_500mb_Clean.nc']
#################################################
Reading data from: "/glade/scratch/wchapman/Reforecast/F000/train/F000_WY_2016_500mb_Clean.nc"...
Reading data from: "/glade/scratch/wchapman/Reforecast/F000/validate/F000_WY_2017_500mb_Clean.nc"...
...gathering data...
Reading data from: "/glade/scratch/wchapman/Reforecast/F000/train/F000_WY_2016_500mb_Clean.nc"...
Reading data from: "/glade/scratch/wchapman/Reforecast/F000/test/F000_WY_2018_500mb_Clean.nc"...
Model: "model_1"
__________________________________________________________________________________________________
Layer (type)                    Output Shape         Param #     Connected to                     
==================================================================================================
input_2 (InputLayer)            [(None, 71, 57, 6)]  0                                            
__________________________________________________________________________________________________
zero_padding2d_1 (ZeroPadding2D (None, 72, 60, 6)    0           input_2[0][0]                    
__________________________________________________________________________________________________
downsampling_0_conv_0 (Conv2D)  (None, 72, 60, 16)   880         zero_padding2d_1[0][0]           
__________________________________________________________________________________________________
downsampling_0_batchnorm_0 (Bat (None, 72, 60, 16)   64          downsampling_0_conv_0[0][0]      
__________________________________________________________________________________________________
downsampling_0_activation_0 (Ac (None, 72, 60, 16)   0           downsampling_0_batchnorm_0[0][0] 
__________________________________________________________________________________________________
downsampling_0_conv_1 (Conv2D)  (None, 72, 60, 16)   2320        downsampling_0_activation_0[0][0]
__________________________________________________________________________________________________
downsampling_0_batchnorm_1 (Bat (None, 72, 60, 16)   64          downsampling_0_conv_1[0][0]      
__________________________________________________________________________________________________
downsampling_0_activation_1 (Ac (None, 72, 60, 16)   0           downsampling_0_batchnorm_1[0][0] 
__________________________________________________________________________________________________
max_pooling2d_1 (MaxPooling2D)  (None, 36, 30, 16)   0           downsampling_0_activation_1[0][0]
__________________________________________________________________________________________________
bottleneck_skip_0 (Conv2D)      (None, 36, 30, 32)   4640        max_pooling2d_1[0][0]            
__________________________________________________________________________________________________
bottleneck_skip_1 (Conv2D)      (None, 36, 30, 32)   9248        bottleneck_skip_0[0][0]          
__________________________________________________________________________________________________
bottleneck_skip_2 (Conv2D)      (None, 36, 30, 32)   9248        bottleneck_skip_1[0][0]          
__________________________________________________________________________________________________
add_1 (Add)                     (None, 36, 30, 32)   0           bottleneck_skip_0[0][0]          
                                                                 bottleneck_skip_1[0][0]          
                                                                 bottleneck_skip_2[0][0]          
__________________________________________________________________________________________________
upsampling_0_conv_trans_0 (Conv (None, 72, 60, 16)   2064        add_1[0][0]                      
__________________________________________________________________________________________________
concatenate_1 (Concatenate)     (None, 72, 60, 32)   0           upsampling_0_conv_trans_0[0][0]  
                                                                 downsampling_0_activation_1[0][0]
__________________________________________________________________________________________________
upsampling_0_conv_0 (Conv2D)    (None, 72, 60, 16)   4624        concatenate_1[0][0]              
__________________________________________________________________________________________________
upsampling_0_activation_0 (Acti (None, 72, 60, 16)   0           upsampling_0_conv_0[0][0]        
__________________________________________________________________________________________________
upsampling_0_conv_1 (Conv2D)    (None, 72, 60, 16)   2320        upsampling_0_activation_0[0][0]  
__________________________________________________________________________________________________
upsampling_0_activation_1 (Acti (None, 72, 60, 16)   0           upsampling_0_conv_1[0][0]        
__________________________________________________________________________________________________
linear (Conv2D)                 (None, 72, 60, 2)    34          upsampling_0_activation_1[0][0]  
__________________________________________________________________________________________________
cropping2d_1 (Cropping2D)       (None, 71, 57, 2)    0           linear[0][0]                     
==================================================================================================
Total params: 35,506
Trainable params: 35,442
Non-trainable params: 64
__________________________________________________________________________________________________
########### model name: /glade/scratch/wchapman/Reforecast/models/NN_CRPS/F000/StartingYear2016/CNN_2018/cpf_CRPS_val_2017_test_2018.ckpt
########### model name: /glade/scratch/wchapman/Reforecast/models/NN_CRPS/F000/StartingYear2016/CNN_2018/cpf_CRPS_val_2017_test_2018.ckpt
...binned spread skill...
RMSE PP: 79.44100594938918
RMSE WWRF: 32.332382664535984
CRMSE PP: 77.34675448358225
CRMSE WWRF: 32.27118474786932
BIAS PP: -18.120527811341603
BIAS WWRF: -1.9883575
#################################################
testing: ['/glade/scratch/wchapman/Reforecast/F000/train/F000_WY_2016_500mb_Clean.nc']
validatiing: ['/glade/scratch/wchapman/Reforecast/F000/test/F000_WY_2018_500mb_Clean.nc']
#################################################
Reading data from: "/glade/scratch/wchapman/Reforecast/F000/train/F000_WY_2016_500mb_Clean.nc"...
Reading data from: "/glade/scratch/wchapman/Reforecast/F000/validate/F000_WY_2017_500mb_Clean.nc"...
Reading data from: "/glade/scratch/wchapman/Reforecast/F000/test/F000_WY_2018_500mb_Clean.nc"...
...gathering data...
Reading data from: "/glade/scratch/wchapman/Reforecast/F000/validate/F000_WY_2017_500mb_Clean.nc"...
Reading data from: "/glade/scratch/wchapman/Reforecast/F000/train/F000_WY_2016_500mb_Clean.nc"...
Reading data from: "/glade/scratch/wchapman/Reforecast/F000/train/F000_WY_2016_500mb_Clean.nc"...
Model: "model_2"
__________________________________________________________________________________________________
Layer (type)                    Output Shape         Param #     Connected to                     
==================================================================================================
input_3 (InputLayer)            [(None, 71, 57, 6)]  0                                            
__________________________________________________________________________________________________
zero_padding2d_2 (ZeroPadding2D (None, 72, 60, 6)    0           input_3[0][0]                    
__________________________________________________________________________________________________
downsampling_0_conv_0 (Conv2D)  (None, 72, 60, 16)   880         zero_padding2d_2[0][0]           
__________________________________________________________________________________________________
downsampling_0_batchnorm_0 (Bat (None, 72, 60, 16)   64          downsampling_0_conv_0[0][0]      
__________________________________________________________________________________________________
downsampling_0_activation_0 (Ac (None, 72, 60, 16)   0           downsampling_0_batchnorm_0[0][0] 
__________________________________________________________________________________________________
downsampling_0_conv_1 (Conv2D)  (None, 72, 60, 16)   2320        downsampling_0_activation_0[0][0]
__________________________________________________________________________________________________
downsampling_0_batchnorm_1 (Bat (None, 72, 60, 16)   64          downsampling_0_conv_1[0][0]      
__________________________________________________________________________________________________
downsampling_0_activation_1 (Ac (None, 72, 60, 16)   0           downsampling_0_batchnorm_1[0][0] 
__________________________________________________________________________________________________
max_pooling2d_2 (MaxPooling2D)  (None, 36, 30, 16)   0           downsampling_0_activation_1[0][0]
__________________________________________________________________________________________________
bottleneck_skip_0 (Conv2D)      (None, 36, 30, 32)   4640        max_pooling2d_2[0][0]            
__________________________________________________________________________________________________
bottleneck_skip_1 (Conv2D)      (None, 36, 30, 32)   9248        bottleneck_skip_0[0][0]          
__________________________________________________________________________________________________
bottleneck_skip_2 (Conv2D)      (None, 36, 30, 32)   9248        bottleneck_skip_1[0][0]          
__________________________________________________________________________________________________
add_2 (Add)                     (None, 36, 30, 32)   0           bottleneck_skip_0[0][0]          
                                                                 bottleneck_skip_1[0][0]          
                                                                 bottleneck_skip_2[0][0]          
__________________________________________________________________________________________________
upsampling_0_conv_trans_0 (Conv (None, 72, 60, 16)   2064        add_2[0][0]                      
__________________________________________________________________________________________________
concatenate_2 (Concatenate)     (None, 72, 60, 32)   0           upsampling_0_conv_trans_0[0][0]  
                                                                 downsampling_0_activation_1[0][0]
__________________________________________________________________________________________________
upsampling_0_conv_0 (Conv2D)    (None, 72, 60, 16)   4624        concatenate_2[0][0]              
__________________________________________________________________________________________________
upsampling_0_activation_0 (Acti (None, 72, 60, 16)   0           upsampling_0_conv_0[0][0]        
__________________________________________________________________________________________________
upsampling_0_conv_1 (Conv2D)    (None, 72, 60, 16)   2320        upsampling_0_activation_0[0][0]  
__________________________________________________________________________________________________
upsampling_0_activation_1 (Acti (None, 72, 60, 16)   0           upsampling_0_conv_1[0][0]        
__________________________________________________________________________________________________
linear (Conv2D)                 (None, 72, 60, 2)    34          upsampling_0_activation_1[0][0]  
__________________________________________________________________________________________________
cropping2d_2 (Cropping2D)       (None, 71, 57, 2)    0           linear[0][0]                     
==================================================================================================
Total params: 35,506
Trainable params: 35,442
Non-trainable params: 64
__________________________________________________________________________________________________
########### model name: /glade/scratch/wchapman/Reforecast/models/NN_CRPS/F000/StartingYear2016/CNN_2016/cpf_CRPS_val_2018_test_2016.ckpt
########### model name: /glade/scratch/wchapman/Reforecast/models/NN_CRPS/F000/StartingYear2016/CNN_2016/cpf_CRPS_val_2018_test_2016.ckpt
...binned spread skill...
RMSE PP: 51.353231359955224
RMSE WWRF: 34.05185398910985
CRMSE PP: 45.46449051768311
CRMSE WWRF: 33.88239080255682
BIAS PP: -23.877494722146366
BIAS WWRF: -3.3929749
IVTm shape: (52272,)
IVT mean shape: (52272,)
IVT std shape: (52272,)
            time         OBS       Model     IVTmean     IVTstd   lat      lon
0     2016-12-01   73.917397   70.783043   57.389503  12.705033  30.0 -116.875
1     2016-12-02  159.355682  153.998245  115.214859  25.329050  30.0 -116.875
2     2016-12-03   95.142258  107.203339  101.515465  22.525923  30.0 -116.875
3     2016-12-04  134.140610  127.670090   93.886642  21.717213  30.0 -116.875
4     2016-12-05   81.311241   82.979897   66.393791  15.064176  30.0 -116.875
...          ...         ...         ...         ...        ...   ...      ...
52267 2019-03-27   43.776894   19.276093   30.483231  14.068868  55.0 -130.000
52268 2019-03-28   51.468582   54.712814   17.559513   8.209033  55.0 -130.000
52269 2019-03-29   17.010618   11.986526   23.549658  10.905473  55.0 -130.000
52270 2019-03-30   17.051439   15.762833   32.759838  15.215298  55.0 -130.000
52271 2019-03-31   20.627737   26.192535   28.843315  13.610060  55.0 -130.000

[52272 rows x 7 columns]
time       0
OBS        0
Model      0
IVTmean    0
IVTstd     0
lat        0
lon        0
dtype: int64
                OBS         Model       IVTmean        IVTstd           lat           lon
count  52272.000000  52272.000000  52272.000000  52272.000000  52272.000000  52272.000000
mean     145.111124    142.139221    128.038362     49.153033     41.774306   -123.615451
std      135.205991    132.775914     96.585806     36.188213      6.969452      3.644501
min        0.331534      0.194061      1.276459      0.766906     30.000000   -130.000000
25%       53.438553     51.736633     61.222527     21.626933     35.875000   -125.000000
50%      105.027508    102.581181    104.520760     39.963390     41.750000   -124.375000
75%      187.780178    184.830570    165.764030     67.535618     47.625000   -121.875000
max     1316.020142   1126.883057    900.613403    236.599976     55.000000   -115.625000
['/glade/scratch/wchapman/Reforecast/F000/train/F000_WY_2016_500mb_Clean.nc', '/glade/scratch/wchapman/Reforecast/F000/validate/F000_WY_2017_500mb_Clean.nc', '/glade/scratch/wchapman/Reforecast/F000/test/F000_WY_2018_500mb_Clean.nc']
######### ASSEMBLE!!!! ###########
########### DONE!!!! #############
#################################################
testing: ['/glade/scratch/wchapman/Reforecast/F000/validate/F000_WY_2017_500mb_Clean.nc']
validatiing: ['/glade/scratch/wchapman/Reforecast/F000/train/F000_WY_2016_500mb_Clean.nc']
#################################################
Reading data from: "/glade/scratch/wchapman/Reforecast/F000/test/F000_WY_2018_500mb_Clean.nc"...
Reading data from: "/glade/scratch/wchapman/Reforecast/F000/train/F000_WY_2016_500mb_Clean.nc"...
...gathering data...
Reading data from: "/glade/scratch/wchapman/Reforecast/F000/test/F000_WY_2018_500mb_Clean.nc"...
Reading data from: "/glade/scratch/wchapman/Reforecast/F000/validate/F000_WY_2017_500mb_Clean.nc"...
Model: "model_3"
__________________________________________________________________________________________________
Layer (type)                    Output Shape         Param #     Connected to                     
==================================================================================================
input_4 (InputLayer)            [(None, 71, 57, 6)]  0                                            
__________________________________________________________________________________________________
zero_padding2d_3 (ZeroPadding2D (None, 72, 60, 6)    0           input_4[0][0]                    
__________________________________________________________________________________________________
downsampling_0_conv_0 (Conv2D)  (None, 72, 60, 16)   880         zero_padding2d_3[0][0]           
__________________________________________________________________________________________________
downsampling_0_batchnorm_0 (Bat (None, 72, 60, 16)   64          downsampling_0_conv_0[0][0]      
__________________________________________________________________________________________________
downsampling_0_activation_0 (Ac (None, 72, 60, 16)   0           downsampling_0_batchnorm_0[0][0] 
__________________________________________________________________________________________________
downsampling_0_conv_1 (Conv2D)  (None, 72, 60, 16)   2320        downsampling_0_activation_0[0][0]
__________________________________________________________________________________________________
downsampling_0_batchnorm_1 (Bat (None, 72, 60, 16)   64          downsampling_0_conv_1[0][0]      
__________________________________________________________________________________________________
downsampling_0_activation_1 (Ac (None, 72, 60, 16)   0           downsampling_0_batchnorm_1[0][0] 
__________________________________________________________________________________________________
max_pooling2d_3 (MaxPooling2D)  (None, 36, 30, 16)   0           downsampling_0_activation_1[0][0]
__________________________________________________________________________________________________
bottleneck_skip_0 (Conv2D)      (None, 36, 30, 32)   4640        max_pooling2d_3[0][0]            
__________________________________________________________________________________________________
bottleneck_skip_1 (Conv2D)      (None, 36, 30, 32)   9248        bottleneck_skip_0[0][0]          
__________________________________________________________________________________________________
bottleneck_skip_2 (Conv2D)      (None, 36, 30, 32)   9248        bottleneck_skip_1[0][0]          
__________________________________________________________________________________________________
add_3 (Add)                     (None, 36, 30, 32)   0           bottleneck_skip_0[0][0]          
                                                                 bottleneck_skip_1[0][0]          
                                                                 bottleneck_skip_2[0][0]          
__________________________________________________________________________________________________
upsampling_0_conv_trans_0 (Conv (None, 72, 60, 16)   2064        add_3[0][0]                      
__________________________________________________________________________________________________
concatenate_3 (Concatenate)     (None, 72, 60, 32)   0           upsampling_0_conv_trans_0[0][0]  
                                                                 downsampling_0_activation_1[0][0]
__________________________________________________________________________________________________
upsampling_0_conv_0 (Conv2D)    (None, 72, 60, 16)   4624        concatenate_3[0][0]              
__________________________________________________________________________________________________
upsampling_0_activation_0 (Acti (None, 72, 60, 16)   0           upsampling_0_conv_0[0][0]        
__________________________________________________________________________________________________
upsampling_0_conv_1 (Conv2D)    (None, 72, 60, 16)   2320        upsampling_0_activation_0[0][0]  
__________________________________________________________________________________________________
upsampling_0_activation_1 (Acti (None, 72, 60, 16)   0           upsampling_0_conv_1[0][0]        
__________________________________________________________________________________________________
linear (Conv2D)                 (None, 72, 60, 2)    34          upsampling_0_activation_1[0][0]  
__________________________________________________________________________________________________
cropping2d_3 (Cropping2D)       (None, 71, 57, 2)    0           linear[0][0]                     
==================================================================================================
Total params: 35,506
Trainable params: 35,442
Non-trainable params: 64
__________________________________________________________________________________________________
Model: "model_4"
__________________________________________________________________________________________________
Layer (type)                    Output Shape         Param #     Connected to                     
==================================================================================================
input_4 (InputLayer)            [(None, 71, 57, 6)]  0                                            
__________________________________________________________________________________________________
zero_padding2d_3 (ZeroPadding2D (None, 72, 60, 6)    0           input_4[0][0]                    
__________________________________________________________________________________________________
downsampling_0_conv_0 (Conv2D)  (None, 72, 60, 16)   880         zero_padding2d_3[0][0]           
__________________________________________________________________________________________________
downsampling_0_batchnorm_0 (Bat (None, 72, 60, 16)   64          downsampling_0_conv_0[0][0]      
__________________________________________________________________________________________________
downsampling_0_activation_0 (Ac (None, 72, 60, 16)   0           downsampling_0_batchnorm_0[0][0] 
__________________________________________________________________________________________________
downsampling_0_conv_1 (Conv2D)  (None, 72, 60, 16)   2320        downsampling_0_activation_0[0][0]
__________________________________________________________________________________________________
downsampling_0_batchnorm_1 (Bat (None, 72, 60, 16)   64          downsampling_0_conv_1[0][0]      
__________________________________________________________________________________________________
downsampling_0_activation_1 (Ac (None, 72, 60, 16)   0           downsampling_0_batchnorm_1[0][0] 
__________________________________________________________________________________________________
max_pooling2d_3 (MaxPooling2D)  (None, 36, 30, 16)   0           downsampling_0_activation_1[0][0]
__________________________________________________________________________________________________
bottleneck_skip_0 (Conv2D)      (None, 36, 30, 32)   4640        max_pooling2d_3[0][0]            
__________________________________________________________________________________________________
bottleneck_skip_1 (Conv2D)      (None, 36, 30, 32)   9248        bottleneck_skip_0[0][0]          
__________________________________________________________________________________________________
bottleneck_skip_2 (Conv2D)      (None, 36, 30, 32)   9248        bottleneck_skip_1[0][0]          
__________________________________________________________________________________________________
add_3 (Add)                     (None, 36, 30, 32)   0           bottleneck_skip_0[0][0]          
                                                                 bottleneck_skip_1[0][0]          
                                                                 bottleneck_skip_2[0][0]          
__________________________________________________________________________________________________
upsampling_0_conv_trans_0 (Conv (None, 72, 60, 16)   2064        add_3[0][0]                      
__________________________________________________________________________________________________
concatenate_3 (Concatenate)     (None, 72, 60, 32)   0           upsampling_0_conv_trans_0[0][0]  
                                                                 downsampling_0_activation_1[0][0]
__________________________________________________________________________________________________
upsampling_0_conv_0 (Conv2D)    (None, 72, 60, 16)   4624        concatenate_3[0][0]              
__________________________________________________________________________________________________
upsampling_0_activation_0 (Acti (None, 72, 60, 16)   0           upsampling_0_conv_0[0][0]        
__________________________________________________________________________________________________
upsampling_0_conv_1 (Conv2D)    (None, 72, 60, 16)   2320        upsampling_0_activation_0[0][0]  
__________________________________________________________________________________________________
upsampling_0_activation_1 (Acti (None, 72, 60, 16)   0           upsampling_0_conv_1[0][0]        
__________________________________________________________________________________________________
linear (Conv2D)                 (None, 72, 60, 2)    34          upsampling_0_activation_1[0][0]  
__________________________________________________________________________________________________
cropping2d_3 (Cropping2D)       (None, 71, 57, 2)    0           linear[0][0]                     
__________________________________________________________________________________________________
conv2d (Conv2D)                 (None, 71, 57, 32)   608         cropping2d_3[0][0]               
__________________________________________________________________________________________________
conv2d_1 (Conv2D)               (None, 71, 57, 2)    578         conv2d[0][0]                     
==================================================================================================
Total params: 36,692
Trainable params: 36,628
Non-trainable params: 64
__________________________________________________________________________________________________
########### Loading old model weights name: /glade/scratch/wchapman/Reforecast/models/NN_CRPS/F000/StartingYear2016/CNN_2017/cpf_CRPS_FINETUNE_val_2016_test_2017.ckpt
...binned spread skill...
RMSE PP: 74.365168534228
RMSE WWRF: 30.197650331439394
CRMSE PP: 74.21392119475638
CRMSE WWRF: 29.990099357836176
BIAS PP: 4.7404968791099975
BIAS WWRF: -3.5343933
#################################################
testing: ['/glade/scratch/wchapman/Reforecast/F000/test/F000_WY_2018_500mb_Clean.nc']
validatiing: ['/glade/scratch/wchapman/Reforecast/F000/validate/F000_WY_2017_500mb_Clean.nc']
#################################################
Reading data from: "/glade/scratch/wchapman/Reforecast/F000/train/F000_WY_2016_500mb_Clean.nc"...
Reading data from: "/glade/scratch/wchapman/Reforecast/F000/validate/F000_WY_2017_500mb_Clean.nc"...
...gathering data...
Reading data from: "/glade/scratch/wchapman/Reforecast/F000/train/F000_WY_2016_500mb_Clean.nc"...
Reading data from: "/glade/scratch/wchapman/Reforecast/F000/test/F000_WY_2018_500mb_Clean.nc"...
Model: "model_5"
__________________________________________________________________________________________________
Layer (type)                    Output Shape         Param #     Connected to                     
==================================================================================================
input_5 (InputLayer)            [(None, 71, 57, 6)]  0                                            
__________________________________________________________________________________________________
zero_padding2d_4 (ZeroPadding2D (None, 72, 60, 6)    0           input_5[0][0]                    
__________________________________________________________________________________________________
downsampling_0_conv_0 (Conv2D)  (None, 72, 60, 16)   880         zero_padding2d_4[0][0]           
__________________________________________________________________________________________________
downsampling_0_batchnorm_0 (Bat (None, 72, 60, 16)   64          downsampling_0_conv_0[0][0]      
__________________________________________________________________________________________________
downsampling_0_activation_0 (Ac (None, 72, 60, 16)   0           downsampling_0_batchnorm_0[0][0] 
__________________________________________________________________________________________________
downsampling_0_conv_1 (Conv2D)  (None, 72, 60, 16)   2320        downsampling_0_activation_0[0][0]
__________________________________________________________________________________________________
downsampling_0_batchnorm_1 (Bat (None, 72, 60, 16)   64          downsampling_0_conv_1[0][0]      
__________________________________________________________________________________________________
downsampling_0_activation_1 (Ac (None, 72, 60, 16)   0           downsampling_0_batchnorm_1[0][0] 
__________________________________________________________________________________________________
max_pooling2d_4 (MaxPooling2D)  (None, 36, 30, 16)   0           downsampling_0_activation_1[0][0]
__________________________________________________________________________________________________
bottleneck_skip_0 (Conv2D)      (None, 36, 30, 32)   4640        max_pooling2d_4[0][0]            
__________________________________________________________________________________________________
bottleneck_skip_1 (Conv2D)      (None, 36, 30, 32)   9248        bottleneck_skip_0[0][0]          
__________________________________________________________________________________________________
bottleneck_skip_2 (Conv2D)      (None, 36, 30, 32)   9248        bottleneck_skip_1[0][0]          
__________________________________________________________________________________________________
add_4 (Add)                     (None, 36, 30, 32)   0           bottleneck_skip_0[0][0]          
                                                                 bottleneck_skip_1[0][0]          
                                                                 bottleneck_skip_2[0][0]          
__________________________________________________________________________________________________
upsampling_0_conv_trans_0 (Conv (None, 72, 60, 16)   2064        add_4[0][0]                      
__________________________________________________________________________________________________
concatenate_4 (Concatenate)     (None, 72, 60, 32)   0           upsampling_0_conv_trans_0[0][0]  
                                                                 downsampling_0_activation_1[0][0]
__________________________________________________________________________________________________
upsampling_0_conv_0 (Conv2D)    (None, 72, 60, 16)   4624        concatenate_4[0][0]              
__________________________________________________________________________________________________
upsampling_0_activation_0 (Acti (None, 72, 60, 16)   0           upsampling_0_conv_0[0][0]        
__________________________________________________________________________________________________
upsampling_0_conv_1 (Conv2D)    (None, 72, 60, 16)   2320        upsampling_0_activation_0[0][0]  
__________________________________________________________________________________________________
upsampling_0_activation_1 (Acti (None, 72, 60, 16)   0           upsampling_0_conv_1[0][0]        
__________________________________________________________________________________________________
linear (Conv2D)                 (None, 72, 60, 2)    34          upsampling_0_activation_1[0][0]  
__________________________________________________________________________________________________
cropping2d_4 (Cropping2D)       (None, 71, 57, 2)    0           linear[0][0]                     
==================================================================================================
Total params: 35,506
Trainable params: 35,442
Non-trainable params: 64
__________________________________________________________________________________________________
Model: "model_6"
__________________________________________________________________________________________________
Layer (type)                    Output Shape         Param #     Connected to                     
==================================================================================================
input_5 (InputLayer)            [(None, 71, 57, 6)]  0                                            
__________________________________________________________________________________________________
zero_padding2d_4 (ZeroPadding2D (None, 72, 60, 6)    0           input_5[0][0]                    
__________________________________________________________________________________________________
downsampling_0_conv_0 (Conv2D)  (None, 72, 60, 16)   880         zero_padding2d_4[0][0]           
__________________________________________________________________________________________________
downsampling_0_batchnorm_0 (Bat (None, 72, 60, 16)   64          downsampling_0_conv_0[0][0]      
__________________________________________________________________________________________________
downsampling_0_activation_0 (Ac (None, 72, 60, 16)   0           downsampling_0_batchnorm_0[0][0] 
__________________________________________________________________________________________________
downsampling_0_conv_1 (Conv2D)  (None, 72, 60, 16)   2320        downsampling_0_activation_0[0][0]
__________________________________________________________________________________________________
downsampling_0_batchnorm_1 (Bat (None, 72, 60, 16)   64          downsampling_0_conv_1[0][0]      
__________________________________________________________________________________________________
downsampling_0_activation_1 (Ac (None, 72, 60, 16)   0           downsampling_0_batchnorm_1[0][0] 
__________________________________________________________________________________________________
max_pooling2d_4 (MaxPooling2D)  (None, 36, 30, 16)   0           downsampling_0_activation_1[0][0]
__________________________________________________________________________________________________
bottleneck_skip_0 (Conv2D)      (None, 36, 30, 32)   4640        max_pooling2d_4[0][0]            
__________________________________________________________________________________________________
bottleneck_skip_1 (Conv2D)      (None, 36, 30, 32)   9248        bottleneck_skip_0[0][0]          
__________________________________________________________________________________________________
bottleneck_skip_2 (Conv2D)      (None, 36, 30, 32)   9248        bottleneck_skip_1[0][0]          
__________________________________________________________________________________________________
add_4 (Add)                     (None, 36, 30, 32)   0           bottleneck_skip_0[0][0]          
                                                                 bottleneck_skip_1[0][0]          
                                                                 bottleneck_skip_2[0][0]          
__________________________________________________________________________________________________
upsampling_0_conv_trans_0 (Conv (None, 72, 60, 16)   2064        add_4[0][0]                      
__________________________________________________________________________________________________
concatenate_4 (Concatenate)     (None, 72, 60, 32)   0           upsampling_0_conv_trans_0[0][0]  
                                                                 downsampling_0_activation_1[0][0]
__________________________________________________________________________________________________
upsampling_0_conv_0 (Conv2D)    (None, 72, 60, 16)   4624        concatenate_4[0][0]              
__________________________________________________________________________________________________
upsampling_0_activation_0 (Acti (None, 72, 60, 16)   0           upsampling_0_conv_0[0][0]        
__________________________________________________________________________________________________
upsampling_0_conv_1 (Conv2D)    (None, 72, 60, 16)   2320        upsampling_0_activation_0[0][0]  
__________________________________________________________________________________________________
upsampling_0_activation_1 (Acti (None, 72, 60, 16)   0           upsampling_0_conv_1[0][0]        
__________________________________________________________________________________________________
linear (Conv2D)                 (None, 72, 60, 2)    34          upsampling_0_activation_1[0][0]  
__________________________________________________________________________________________________
cropping2d_4 (Cropping2D)       (None, 71, 57, 2)    0           linear[0][0]                     
__________________________________________________________________________________________________
conv2d_2 (Conv2D)               (None, 71, 57, 32)   608         cropping2d_4[0][0]               
__________________________________________________________________________________________________
conv2d_3 (Conv2D)               (None, 71, 57, 2)    578         conv2d_2[0][0]                   
==================================================================================================
Total params: 36,692
Trainable params: 36,628
Non-trainable params: 64
__________________________________________________________________________________________________
########### Loading old model weights name: /glade/scratch/wchapman/Reforecast/models/NN_CRPS/F000/StartingYear2016/CNN_2018/cpf_CRPS_FINETUNE_val_2017_test_2018.ckpt
...binned spread skill...
RMSE PP: 75.9644961358198
RMSE WWRF: 32.332382664535984
CRMSE PP: 75.32164605112726
CRMSE WWRF: 32.27118474786932
BIAS PP: -9.861770597042778
BIAS WWRF: -1.9883575
#################################################
testing: ['/glade/scratch/wchapman/Reforecast/F000/train/F000_WY_2016_500mb_Clean.nc']
validatiing: ['/glade/scratch/wchapman/Reforecast/F000/test/F000_WY_2018_500mb_Clean.nc']
#################################################
Reading data from: "/glade/scratch/wchapman/Reforecast/F000/train/F000_WY_2016_500mb_Clean.nc"...
Reading data from: "/glade/scratch/wchapman/Reforecast/F000/validate/F000_WY_2017_500mb_Clean.nc"...
Reading data from: "/glade/scratch/wchapman/Reforecast/F000/test/F000_WY_2018_500mb_Clean.nc"...
...gathering data...
Reading data from: "/glade/scratch/wchapman/Reforecast/F000/train/F000_WY_2016_500mb_Clean.nc"...
Reading data from: "/glade/scratch/wchapman/Reforecast/F000/validate/F000_WY_2017_500mb_Clean.nc"...
Reading data from: "/glade/scratch/wchapman/Reforecast/F000/train/F000_WY_2016_500mb_Clean.nc"...
Model: "model_7"
__________________________________________________________________________________________________
Layer (type)                    Output Shape         Param #     Connected to                     
==================================================================================================
input_6 (InputLayer)            [(None, 71, 57, 6)]  0                                            
__________________________________________________________________________________________________
zero_padding2d_5 (ZeroPadding2D (None, 72, 60, 6)    0           input_6[0][0]                    
__________________________________________________________________________________________________
downsampling_0_conv_0 (Conv2D)  (None, 72, 60, 16)   880         zero_padding2d_5[0][0]           
__________________________________________________________________________________________________
downsampling_0_batchnorm_0 (Bat (None, 72, 60, 16)   64          downsampling_0_conv_0[0][0]      
__________________________________________________________________________________________________
downsampling_0_activation_0 (Ac (None, 72, 60, 16)   0           downsampling_0_batchnorm_0[0][0] 
__________________________________________________________________________________________________
downsampling_0_conv_1 (Conv2D)  (None, 72, 60, 16)   2320        downsampling_0_activation_0[0][0]
__________________________________________________________________________________________________
downsampling_0_batchnorm_1 (Bat (None, 72, 60, 16)   64          downsampling_0_conv_1[0][0]      
__________________________________________________________________________________________________
downsampling_0_activation_1 (Ac (None, 72, 60, 16)   0           downsampling_0_batchnorm_1[0][0] 
__________________________________________________________________________________________________
max_pooling2d_5 (MaxPooling2D)  (None, 36, 30, 16)   0           downsampling_0_activation_1[0][0]
__________________________________________________________________________________________________
bottleneck_skip_0 (Conv2D)      (None, 36, 30, 32)   4640        max_pooling2d_5[0][0]            
__________________________________________________________________________________________________
bottleneck_skip_1 (Conv2D)      (None, 36, 30, 32)   9248        bottleneck_skip_0[0][0]          
__________________________________________________________________________________________________
bottleneck_skip_2 (Conv2D)      (None, 36, 30, 32)   9248        bottleneck_skip_1[0][0]          
__________________________________________________________________________________________________
add_5 (Add)                     (None, 36, 30, 32)   0           bottleneck_skip_0[0][0]          
                                                                 bottleneck_skip_1[0][0]          
                                                                 bottleneck_skip_2[0][0]          
__________________________________________________________________________________________________
upsampling_0_conv_trans_0 (Conv (None, 72, 60, 16)   2064        add_5[0][0]                      
__________________________________________________________________________________________________
concatenate_5 (Concatenate)     (None, 72, 60, 32)   0           upsampling_0_conv_trans_0[0][0]  
                                                                 downsampling_0_activation_1[0][0]
__________________________________________________________________________________________________
upsampling_0_conv_0 (Conv2D)    (None, 72, 60, 16)   4624        concatenate_5[0][0]              
__________________________________________________________________________________________________
upsampling_0_activation_0 (Acti (None, 72, 60, 16)   0           upsampling_0_conv_0[0][0]        
__________________________________________________________________________________________________
upsampling_0_conv_1 (Conv2D)    (None, 72, 60, 16)   2320        upsampling_0_activation_0[0][0]  
__________________________________________________________________________________________________
upsampling_0_activation_1 (Acti (None, 72, 60, 16)   0           upsampling_0_conv_1[0][0]        
__________________________________________________________________________________________________
linear (Conv2D)                 (None, 72, 60, 2)    34          upsampling_0_activation_1[0][0]  
__________________________________________________________________________________________________
cropping2d_5 (Cropping2D)       (None, 71, 57, 2)    0           linear[0][0]                     
==================================================================================================
Total params: 35,506
Trainable params: 35,442
Non-trainable params: 64
__________________________________________________________________________________________________
Model: "model_8"
__________________________________________________________________________________________________
Layer (type)                    Output Shape         Param #     Connected to                     
==================================================================================================
input_6 (InputLayer)            [(None, 71, 57, 6)]  0                                            
__________________________________________________________________________________________________
zero_padding2d_5 (ZeroPadding2D (None, 72, 60, 6)    0           input_6[0][0]                    
__________________________________________________________________________________________________
downsampling_0_conv_0 (Conv2D)  (None, 72, 60, 16)   880         zero_padding2d_5[0][0]           
__________________________________________________________________________________________________
downsampling_0_batchnorm_0 (Bat (None, 72, 60, 16)   64          downsampling_0_conv_0[0][0]      
__________________________________________________________________________________________________
downsampling_0_activation_0 (Ac (None, 72, 60, 16)   0           downsampling_0_batchnorm_0[0][0] 
__________________________________________________________________________________________________
downsampling_0_conv_1 (Conv2D)  (None, 72, 60, 16)   2320        downsampling_0_activation_0[0][0]
__________________________________________________________________________________________________
downsampling_0_batchnorm_1 (Bat (None, 72, 60, 16)   64          downsampling_0_conv_1[0][0]      
__________________________________________________________________________________________________
downsampling_0_activation_1 (Ac (None, 72, 60, 16)   0           downsampling_0_batchnorm_1[0][0] 
__________________________________________________________________________________________________
max_pooling2d_5 (MaxPooling2D)  (None, 36, 30, 16)   0           downsampling_0_activation_1[0][0]
__________________________________________________________________________________________________
bottleneck_skip_0 (Conv2D)      (None, 36, 30, 32)   4640        max_pooling2d_5[0][0]            
__________________________________________________________________________________________________
bottleneck_skip_1 (Conv2D)      (None, 36, 30, 32)   9248        bottleneck_skip_0[0][0]          
__________________________________________________________________________________________________
bottleneck_skip_2 (Conv2D)      (None, 36, 30, 32)   9248        bottleneck_skip_1[0][0]          
__________________________________________________________________________________________________
add_5 (Add)                     (None, 36, 30, 32)   0           bottleneck_skip_0[0][0]          
                                                                 bottleneck_skip_1[0][0]          
                                                                 bottleneck_skip_2[0][0]          
__________________________________________________________________________________________________
upsampling_0_conv_trans_0 (Conv (None, 72, 60, 16)   2064        add_5[0][0]                      
__________________________________________________________________________________________________
concatenate_5 (Concatenate)     (None, 72, 60, 32)   0           upsampling_0_conv_trans_0[0][0]  
                                                                 downsampling_0_activation_1[0][0]
__________________________________________________________________________________________________
upsampling_0_conv_0 (Conv2D)    (None, 72, 60, 16)   4624        concatenate_5[0][0]              
__________________________________________________________________________________________________
upsampling_0_activation_0 (Acti (None, 72, 60, 16)   0           upsampling_0_conv_0[0][0]        
__________________________________________________________________________________________________
upsampling_0_conv_1 (Conv2D)    (None, 72, 60, 16)   2320        upsampling_0_activation_0[0][0]  
__________________________________________________________________________________________________
upsampling_0_activation_1 (Acti (None, 72, 60, 16)   0           upsampling_0_conv_1[0][0]        
__________________________________________________________________________________________________
linear (Conv2D)                 (None, 72, 60, 2)    34          upsampling_0_activation_1[0][0]  
__________________________________________________________________________________________________
cropping2d_5 (Cropping2D)       (None, 71, 57, 2)    0           linear[0][0]                     
__________________________________________________________________________________________________
conv2d_4 (Conv2D)               (None, 71, 57, 32)   608         cropping2d_5[0][0]               
__________________________________________________________________________________________________
conv2d_5 (Conv2D)               (None, 71, 57, 2)    578         conv2d_4[0][0]                   
==================================================================================================
Total params: 36,692
Trainable params: 36,628
Non-trainable params: 64
__________________________________________________________________________________________________
########### Loading old model weights name: /glade/scratch/wchapman/Reforecast/models/NN_CRPS/F000/StartingYear2016/CNN_2016/cpf_CRPS_FINETUNE_val_2018_test_2016.ckpt
...binned spread skill...
RMSE PP: 39.72928820444926
RMSE WWRF: 34.05185398910985
CRMSE PP: 39.56889607975578
CRMSE WWRF: 33.88239080255682
BIAS PP: -3.5663475026987896
BIAS WWRF: -3.3929749
IVTm shape: (52272,)
IVT mean shape: (52272,)
IVT std shape: (52272,)
#############################################################################
############## *I hope that is okay baby* - gale beggy ######################
#############################################################################
done
            time         OBS       Model     IVTmean     IVTstd   lat      lon
0     2016-12-01   73.917397   70.783043   68.496597  13.388898  30.0 -116.875
1     2016-12-02  159.355682  153.998245  137.092789  23.836941  30.0 -116.875
2     2016-12-03   95.142258  107.203339  121.837181  22.189249  30.0 -116.875
3     2016-12-04  134.140610  127.670090  112.541763  20.425571  30.0 -116.875
4     2016-12-05   81.311241   82.979897   77.918159  15.771529  30.0 -116.875
...          ...         ...         ...         ...        ...   ...      ...
52267 2019-03-27   43.776894   19.276093   36.103172  17.571404  55.0 -130.000
52268 2019-03-28   51.468582   54.712814   21.474800  11.228144  55.0 -130.000
52269 2019-03-29   17.010618   11.986526   27.491207  13.829925  55.0 -130.000
52270 2019-03-30   17.051439   15.762833   37.451981  18.341085  55.0 -130.000
52271 2019-03-31   20.627737   26.192535   34.402081  17.170067  55.0 -130.000

[52272 rows x 7 columns]
time       0
OBS        0
Model      0
IVTmean    0
IVTstd     0
lat        0
lon        0
dtype: int64
                OBS         Model       IVTmean        IVTstd           lat           lon
count  52272.000000  52272.000000  52272.000000  52272.000000  52272.000000  52272.000000
mean     145.111124    142.139221    142.215261     54.012994     41.774306   -123.615451
std      135.205991    132.775914    106.636478     37.595711      6.969452      3.644501
min        0.331534      0.194061      6.853765      5.780065     30.000000   -130.000000
25%       53.438553     51.736633     69.151934     24.623742     35.875000   -125.000000
50%      105.027508    102.581181    115.875401     43.951984     41.750000   -124.375000
75%      187.780178    184.830570    182.542759     73.769613     47.625000   -121.875000
max     1316.020142   1126.883057   1037.853760    284.163055     55.000000   -115.625000
            time         OBS       Model     IVTmean     IVTstd   lat      lon
0     2016-12-01   73.917397   70.783043   57.389503  12.705033  30.0 -116.875
1     2016-12-02  159.355682  153.998245  115.214859  25.329050  30.0 -116.875
2     2016-12-03   95.142258  107.203339  101.515465  22.525923  30.0 -116.875
3     2016-12-04  134.140610  127.670090   93.886642  21.717213  30.0 -116.875
4     2016-12-05   81.311241   82.979897   66.393791  15.064176  30.0 -116.875
...          ...         ...         ...         ...        ...   ...      ...
52267 2019-03-27   43.776894   19.276093   30.483231  14.068868  55.0 -130.000
52268 2019-03-28   51.468582   54.712814   17.559513   8.209033  55.0 -130.000
52269 2019-03-29   17.010618   11.986526   23.549658  10.905473  55.0 -130.000
52270 2019-03-30   17.051439   15.762833   32.759838  15.215298  55.0 -130.000
52271 2019-03-31   20.627737   26.192535   28.843315  13.610060  55.0 -130.000

[52272 rows x 7 columns]
time       0
OBS        0
Model      0
IVTmean    0
IVTstd     0
lat        0
lon        0
dtype: int64
                OBS         Model       IVTmean        IVTstd           lat           lon
count  52272.000000  52272.000000  52272.000000  52272.000000  52272.000000  52272.000000
mean     145.111124    142.139221    128.038362     49.153033     41.774306   -123.615451
std      135.205991    132.775914     96.585806     36.188213      6.969452      3.644501
min        0.331534      0.194061      1.276459      0.766906     30.000000   -130.000000
25%       53.438553     51.736633     61.222527     21.626933     35.875000   -125.000000
50%      105.027508    102.581181    104.520760     39.963390     41.750000   -124.375000
75%      187.780178    184.830570    165.764030     67.535618     47.625000   -121.875000
max     1316.020142   1126.883057    900.613403    236.599976     55.000000   -115.625000
#############################################################################
############## *I hope that is okay baby* - gale beggy ######################
#############################################################################
/glade/scratch/wchapman/Reforecast/models/NN_CRPS/F000/Reforecast_out/NN_CRPS_CNNPP_StartingYear2016_FINETUNEref2.pkl
/glade/scratch/wchapman/Reforecast/models/NN_CRPS/F000/Reforecast_out/NN_CRPS_CNNPP_StartingYear2016_FINETUNEref2.pkl
/glade/scratch/wchapman/Reforecast/models/NN_CRPS/F000/Reforecast_out/NN_CRPS_CNNPP_StartingYear2016_FINETUNEref2.pkl
/glade/scratch/wchapman/Reforecast/models/NN_CRPS/F000/Reforecast_out/NN_CRPS_CNNPP_StartingYear2016_FINETUNEref2.pkl
/glade/scratch/wchapman/Reforecast/models/NN_CRPS/F000/Reforecast_out/NN_CRPS_CNNPP_StartingYear2016_FINETUNEref2.pkl
/glade/scratch/wchapman/Reforecast/models/NN_CRPS/F000/Reforecast_out/NN_CRPS_CNNPP_StartingYear2016_FINETUNEref2.pkl
/glade/scratch/wchapman/Reforecast/models/NN_CRPS/F000/Reforecast_out/NN_CRPS_CNNPP_StartingYear2016_FINETUNEref2.pkl
/glade/scratch/wchapman/Reforecast/models/NN_CRPS/F000/Reforecast_out/NN_CRPS_CNNPP_StartingYear2016_FINETUNEref2.pkl
/glade/scratch/wchapman/Reforecast/models/NN_CRPS/F000/Reforecast_out/NN_CRPS_CNNPP_StartingYear2016_FINETUNEref2.pkl
/glade/scratch/wchapman/Reforecast/models/NN_CRPS/F000/Reforecast_out/NN_CRPS_CNNPP_StartingYear2016_FINETUNEref2.pkl
WARNING:tensorflow:Unresolved object in checkpoint: (root).optimizer.iter
WARNING:tensorflow:Unresolved object in checkpoint: (root).optimizer.beta_1
WARNING:tensorflow:Unresolved object in checkpoint: (root).optimizer.beta_2
WARNING:tensorflow:Unresolved object in checkpoint: (root).optimizer.decay
WARNING:tensorflow:Unresolved object in checkpoint: (root).optimizer.learning_rate
WARNING:tensorflow:A checkpoint was restored (e.g. tf.train.Checkpoint.restore or tf.keras.Model.load_weights) but not all checkpointed values were used. See above for specific issues. Use expect_partial() on the load status object, e.g. tf.train.Checkpoint.restore(...).expect_partial(), to silence these warnings, or use assert_consumed() to make the check explicit. See https://www.tensorflow.org/guide/checkpoint#loading_mechanics for details.
WARNING:tensorflow:Unresolved object in checkpoint: (root).optimizer.iter
WARNING:tensorflow:Unresolved object in checkpoint: (root).optimizer.beta_1
WARNING:tensorflow:Unresolved object in checkpoint: (root).optimizer.beta_2
WARNING:tensorflow:Unresolved object in checkpoint: (root).optimizer.decay
WARNING:tensorflow:Unresolved object in checkpoint: (root).optimizer.learning_rate
WARNING:tensorflow:A checkpoint was restored (e.g. tf.train.Checkpoint.restore or tf.keras.Model.load_weights) but not all checkpointed values were used. See above for specific issues. Use expect_partial() on the load status object, e.g. tf.train.Checkpoint.restore(...).expect_partial(), to silence these warnings, or use assert_consumed() to make the check explicit. See https://www.tensorflow.org/guide/checkpoint#loading_mechanics for details.
WARNING:tensorflow:Unresolved object in checkpoint: (root).optimizer.iter
WARNING:tensorflow:Unresolved object in checkpoint: (root).optimizer.beta_1
WARNING:tensorflow:Unresolved object in checkpoint: (root).optimizer.beta_2
WARNING:tensorflow:Unresolved object in checkpoint: (root).optimizer.decay
WARNING:tensorflow:Unresolved object in checkpoint: (root).optimizer.learning_rate
WARNING:tensorflow:A checkpoint was restored (e.g. tf.train.Checkpoint.restore or tf.keras.Model.load_weights) but not all checkpointed values were used. See above for specific issues. Use expect_partial() on the load status object, e.g. tf.train.Checkpoint.restore(...).expect_partial(), to silence these warnings, or use assert_consumed() to make the check explicit. See https://www.tensorflow.org/guide/checkpoint#loading_mechanics for details.
WARNING:tensorflow:Unresolved object in checkpoint: (root).optimizer.iter
WARNING:tensorflow:Unresolved object in checkpoint: (root).optimizer.beta_1
WARNING:tensorflow:Unresolved object in checkpoint: (root).optimizer.beta_2
WARNING:tensorflow:Unresolved object in checkpoint: (root).optimizer.decay
WARNING:tensorflow:Unresolved object in checkpoint: (root).optimizer.learning_rate
WARNING:tensorflow:A checkpoint was restored (e.g. tf.train.Checkpoint.restore or tf.keras.Model.load_weights) but not all checkpointed values were used. See above for specific issues. Use expect_partial() on the load status object, e.g. tf.train.Checkpoint.restore(...).expect_partial(), to silence these warnings, or use assert_consumed() to make the check explicit. See https://www.tensorflow.org/guide/checkpoint#loading_mechanics for details.
WARNING:tensorflow:Unresolved object in checkpoint: (root).optimizer.iter
WARNING:tensorflow:Unresolved object in checkpoint: (root).optimizer.beta_1
WARNING:tensorflow:Unresolved object in checkpoint: (root).optimizer.beta_2
WARNING:tensorflow:Unresolved object in checkpoint: (root).optimizer.decay
WARNING:tensorflow:Unresolved object in checkpoint: (root).optimizer.learning_rate
WARNING:tensorflow:A checkpoint was restored (e.g. tf.train.Checkpoint.restore or tf.keras.Model.load_weights) but not all checkpointed values were used. See above for specific issues. Use expect_partial() on the load status object, e.g. tf.train.Checkpoint.restore(...).expect_partial(), to silence these warnings, or use assert_consumed() to make the check explicit. See https://www.tensorflow.org/guide/checkpoint#loading_mechanics for details.
