2020-11-09 17:33:11.037827: I tensorflow/core/platform/cpu_feature_guard.cc:142] Your CPU supports instructions that this TensorFlow binary was not compiled to use: SSE4.1 SSE4.2 AVX AVX2 AVX512F FMA
2020-11-09 17:33:11.045338: I tensorflow/core/platform/profile_utils/cpu_utils.cc:94] CPU Frequency: 2300000000 Hz
2020-11-09 17:33:11.045512: I tensorflow/compiler/xla/service/service.cc:168] XLA service 0x55f42bf60750 initialized for platform Host (this does not guarantee that XLA will be used). Devices:
2020-11-09 17:33:11.045532: I tensorflow/compiler/xla/service/service.cc:176]   StreamExecutor device (0): Host, Default Version
2020-11-09 17:33:11.047136: I tensorflow/stream_executor/platform/default/dso_loader.cc:44] Successfully opened dynamic library libcuda.so.1
2020-11-09 17:33:11.082719: I tensorflow/core/common_runtime/gpu/gpu_device.cc:1555] Found device 0 with properties: 
pciBusID: 0000:1a:00.0 name: Tesla V100-SXM2-32GB computeCapability: 7.0
coreClock: 1.53GHz coreCount: 80 deviceMemorySize: 31.75GiB deviceMemoryBandwidth: 836.37GiB/s
2020-11-09 17:33:11.108503: I tensorflow/stream_executor/platform/default/dso_loader.cc:44] Successfully opened dynamic library libcudart.so.10.1
2020-11-09 17:33:11.251285: I tensorflow/stream_executor/platform/default/dso_loader.cc:44] Successfully opened dynamic library libcublas.so.10
2020-11-09 17:33:11.390431: I tensorflow/stream_executor/platform/default/dso_loader.cc:44] Successfully opened dynamic library libcufft.so.10
2020-11-09 17:33:11.459614: I tensorflow/stream_executor/platform/default/dso_loader.cc:44] Successfully opened dynamic library libcurand.so.10
2020-11-09 17:33:11.535696: I tensorflow/stream_executor/platform/default/dso_loader.cc:44] Successfully opened dynamic library libcusolver.so.10
2020-11-09 17:33:11.621107: I tensorflow/stream_executor/platform/default/dso_loader.cc:44] Successfully opened dynamic library libcusparse.so.10
2020-11-09 17:33:11.697129: I tensorflow/stream_executor/platform/default/dso_loader.cc:44] Successfully opened dynamic library libcudnn.so.7
2020-11-09 17:33:11.701830: I tensorflow/core/common_runtime/gpu/gpu_device.cc:1697] Adding visible gpu devices: 0
2020-11-09 17:33:11.701954: I tensorflow/stream_executor/platform/default/dso_loader.cc:44] Successfully opened dynamic library libcudart.so.10.1
2020-11-09 17:33:11.923565: I tensorflow/core/common_runtime/gpu/gpu_device.cc:1096] Device interconnect StreamExecutor with strength 1 edge matrix:
2020-11-09 17:33:11.923622: I tensorflow/core/common_runtime/gpu/gpu_device.cc:1102]      0 
2020-11-09 17:33:11.923639: I tensorflow/core/common_runtime/gpu/gpu_device.cc:1115] 0:   N 
2020-11-09 17:33:11.928522: I tensorflow/core/common_runtime/gpu/gpu_device.cc:1241] Created TensorFlow device (/device:GPU:0 with 30300 MB memory) -> physical GPU (device: 0, name: Tesla V100-SXM2-32GB, pci bus id: 0000:1a:00.0, compute capability: 7.0)
2020-11-09 17:33:11.930843: I tensorflow/compiler/xla/service/service.cc:168] XLA service 0x55f42ccdbcb0 initialized for platform CUDA (this does not guarantee that XLA will be used). Devices:
2020-11-09 17:33:11.930879: I tensorflow/compiler/xla/service/service.cc:176]   StreamExecutor device (0): Tesla V100-SXM2-32GB, Compute Capability 7.0
2020-11-09 17:33:11.933267: I tensorflow/core/common_runtime/gpu/gpu_device.cc:1555] Found device 0 with properties: 
pciBusID: 0000:1a:00.0 name: Tesla V100-SXM2-32GB computeCapability: 7.0
coreClock: 1.53GHz coreCount: 80 deviceMemorySize: 31.75GiB deviceMemoryBandwidth: 836.37GiB/s
2020-11-09 17:33:11.933355: I tensorflow/stream_executor/platform/default/dso_loader.cc:44] Successfully opened dynamic library libcudart.so.10.1
2020-11-09 17:33:11.933376: I tensorflow/stream_executor/platform/default/dso_loader.cc:44] Successfully opened dynamic library libcublas.so.10
2020-11-09 17:33:11.933393: I tensorflow/stream_executor/platform/default/dso_loader.cc:44] Successfully opened dynamic library libcufft.so.10
2020-11-09 17:33:11.936939: I tensorflow/stream_executor/platform/default/dso_loader.cc:44] Successfully opened dynamic library libcurand.so.10
2020-11-09 17:33:11.936961: I tensorflow/stream_executor/platform/default/dso_loader.cc:44] Successfully opened dynamic library libcusolver.so.10
2020-11-09 17:33:11.936976: I tensorflow/stream_executor/platform/default/dso_loader.cc:44] Successfully opened dynamic library libcusparse.so.10
2020-11-09 17:33:11.936992: I tensorflow/stream_executor/platform/default/dso_loader.cc:44] Successfully opened dynamic library libcudnn.so.7
2020-11-09 17:33:11.952832: I tensorflow/core/common_runtime/gpu/gpu_device.cc:1697] Adding visible gpu devices: 0
2020-11-09 17:33:11.952889: I tensorflow/core/common_runtime/gpu/gpu_device.cc:1096] Device interconnect StreamExecutor with strength 1 edge matrix:
2020-11-09 17:33:11.952909: I tensorflow/core/common_runtime/gpu/gpu_device.cc:1102]      0 
2020-11-09 17:33:11.952921: I tensorflow/core/common_runtime/gpu/gpu_device.cc:1115] 0:   N 
2020-11-09 17:33:11.956233: I tensorflow/core/common_runtime/gpu/gpu_device.cc:1241] Created TensorFlow device (/device:GPU:0 with 30300 MB memory) -> physical GPU (device: 0, name: Tesla V100-SXM2-32GB, pci bus id: 0000:1a:00.0, compute capability: 7.0)
2020-11-09 17:33:11.959984: I tensorflow/core/common_runtime/gpu/gpu_device.cc:1555] Found device 0 with properties: 
pciBusID: 0000:1a:00.0 name: Tesla V100-SXM2-32GB computeCapability: 7.0
coreClock: 1.53GHz coreCount: 80 deviceMemorySize: 31.75GiB deviceMemoryBandwidth: 836.37GiB/s
2020-11-09 17:33:11.960058: I tensorflow/stream_executor/platform/default/dso_loader.cc:44] Successfully opened dynamic library libcudart.so.10.1
2020-11-09 17:33:11.960079: I tensorflow/stream_executor/platform/default/dso_loader.cc:44] Successfully opened dynamic library libcublas.so.10
2020-11-09 17:33:11.960096: I tensorflow/stream_executor/platform/default/dso_loader.cc:44] Successfully opened dynamic library libcufft.so.10
2020-11-09 17:33:11.960113: I tensorflow/stream_executor/platform/default/dso_loader.cc:44] Successfully opened dynamic library libcurand.so.10
2020-11-09 17:33:11.960129: I tensorflow/stream_executor/platform/default/dso_loader.cc:44] Successfully opened dynamic library libcusolver.so.10
2020-11-09 17:33:11.960146: I tensorflow/stream_executor/platform/default/dso_loader.cc:44] Successfully opened dynamic library libcusparse.so.10
2020-11-09 17:33:11.960162: I tensorflow/stream_executor/platform/default/dso_loader.cc:44] Successfully opened dynamic library libcudnn.so.7
2020-11-09 17:33:11.969040: I tensorflow/core/common_runtime/gpu/gpu_device.cc:1697] Adding visible gpu devices: 0
2020-11-09 17:33:11.969094: I tensorflow/core/common_runtime/gpu/gpu_device.cc:1096] Device interconnect StreamExecutor with strength 1 edge matrix:
2020-11-09 17:33:11.969106: I tensorflow/core/common_runtime/gpu/gpu_device.cc:1102]      0 
2020-11-09 17:33:11.969117: I tensorflow/core/common_runtime/gpu/gpu_device.cc:1115] 0:   N 
2020-11-09 17:33:11.972132: I tensorflow/core/common_runtime/gpu/gpu_device.cc:1241] Created TensorFlow device (/device:GPU:0 with 30300 MB memory) -> physical GPU (device: 0, name: Tesla V100-SXM2-32GB, pci bus id: 0000:1a:00.0, compute capability: 7.0)
#############################################
post processing forecast: F006
#############################################
['/device:GPU:0']
#################################################
#################################################
SUCCESS: Found GPU: /device:GPU:0
#################################################
#################################################
We are here: /glade/work/wchapman/AnEn/CNN/Coastal_Points_LogNormal
...Searching...: /glade/scratch/wchapman/AnEnCNN_good/Data/WestCoast/
/glade/scratch/wchapman/Reforecast/F000
/glade/scratch/wchapman/Reforecast/F006
Training on
/glade/scratch/wchapman/Reforecast/F006/train/F006_WY_1985_500mb_Clean.nc
/glade/scratch/wchapman/Reforecast/F006/train/F006_WY_1986_500mb_Clean.nc
/glade/scratch/wchapman/Reforecast/F006/train/F006_WY_1987_500mb_Clean.nc
/glade/scratch/wchapman/Reforecast/F006/train/F006_WY_1988_500mb_Clean.nc
/glade/scratch/wchapman/Reforecast/F006/train/F006_WY_1989_500mb_Clean.nc
/glade/scratch/wchapman/Reforecast/F006/train/F006_WY_1990_500mb_Clean.nc
/glade/scratch/wchapman/Reforecast/F006/train/F006_WY_1991_500mb_Clean.nc
/glade/scratch/wchapman/Reforecast/F006/train/F006_WY_1992_500mb_Clean.nc
/glade/scratch/wchapman/Reforecast/F006/train/F006_WY_1993_500mb_Clean.nc
/glade/scratch/wchapman/Reforecast/F006/train/F006_WY_1994_500mb_Clean.nc
/glade/scratch/wchapman/Reforecast/F006/train/F006_WY_1995_500mb_Clean.nc
/glade/scratch/wchapman/Reforecast/F006/train/F006_WY_1996_500mb_Clean.nc
/glade/scratch/wchapman/Reforecast/F006/train/F006_WY_1997_500mb_Clean.nc
/glade/scratch/wchapman/Reforecast/F006/train/F006_WY_1998_500mb_Clean.nc
/glade/scratch/wchapman/Reforecast/F006/train/F006_WY_1999_500mb_Clean.nc
/glade/scratch/wchapman/Reforecast/F006/train/F006_WY_2000_500mb_Clean.nc
/glade/scratch/wchapman/Reforecast/F006/train/F006_WY_2001_500mb_Clean.nc
/glade/scratch/wchapman/Reforecast/F006/train/F006_WY_2002_500mb_Clean.nc
/glade/scratch/wchapman/Reforecast/F006/train/F006_WY_2003_500mb_Clean.nc
/glade/scratch/wchapman/Reforecast/F006/train/F006_WY_2004_500mb_Clean.nc
/glade/scratch/wchapman/Reforecast/F006/train/F006_WY_2005_500mb_Clean.nc
/glade/scratch/wchapman/Reforecast/F006/train/F006_WY_2006_500mb_Clean.nc
/glade/scratch/wchapman/Reforecast/F006/train/F006_WY_2007_500mb_Clean.nc
/glade/scratch/wchapman/Reforecast/F006/train/F006_WY_2008_500mb_Clean.nc
/glade/scratch/wchapman/Reforecast/F006/train/F006_WY_2009_500mb_Clean.nc
/glade/scratch/wchapman/Reforecast/F006/train/F006_WY_2010_500mb_Clean.nc
/glade/scratch/wchapman/Reforecast/F006/train/F006_WY_2011_500mb_Clean.nc
/glade/scratch/wchapman/Reforecast/F006/train/F006_WY_2012_500mb_Clean.nc
/glade/scratch/wchapman/Reforecast/F006/train/F006_WY_2013_500mb_Clean.nc
/glade/scratch/wchapman/Reforecast/F006/train/F006_WY_2014_500mb_Clean.nc
/glade/scratch/wchapman/Reforecast/F006/train/F006_WY_2015_500mb_Clean.nc
/glade/scratch/wchapman/Reforecast/F006/train/F006_WY_2016_500mb_Clean.nc
Validating on
/glade/scratch/wchapman/Reforecast/F006/validate/F006_WY_2017_500mb_Clean.nc
Testing on
/glade/scratch/wchapman/Reforecast/F006/test/F006_WY_2018_500mb_Clean.nc
['2012', '2013', '2014', '2015', '2016', '2017', '2018']
trainging yearss ['/glade/scratch/wchapman/Reforecast/F006/train/F006_WY_2012_500mb_Clean.nc', '/glade/scratch/wchapman/Reforecast/F006/train/F006_WY_2013_500mb_Clean.nc', '/glade/scratch/wchapman/Reforecast/F006/train/F006_WY_2014_500mb_Clean.nc', '/glade/scratch/wchapman/Reforecast/F006/train/F006_WY_2015_500mb_Clean.nc', '/glade/scratch/wchapman/Reforecast/F006/train/F006_WY_2016_500mb_Clean.nc', '/glade/scratch/wchapman/Reforecast/F006/validate/F006_WY_2017_500mb_Clean.nc', '/glade/scratch/wchapman/Reforecast/F006/test/F006_WY_2018_500mb_Clean.nc']
Reading data from: "/glade/scratch/wchapman/Reforecast/F006/train/F006_WY_2012_500mb_Clean.nc"...
Reading data from: "/glade/scratch/wchapman/Reforecast/F006/train/F006_WY_2013_500mb_Clean.nc"...
Reading data from: "/glade/scratch/wchapman/Reforecast/F006/train/F006_WY_2014_500mb_Clean.nc"...
Reading data from: "/glade/scratch/wchapman/Reforecast/F006/train/F006_WY_2015_500mb_Clean.nc"...
Reading data from: "/glade/scratch/wchapman/Reforecast/F006/train/F006_WY_2016_500mb_Clean.nc"...
Reading data from: "/glade/scratch/wchapman/Reforecast/F006/validate/F006_WY_2017_500mb_Clean.nc"...
Reading data from: "/glade/scratch/wchapman/Reforecast/F006/test/F006_WY_2018_500mb_Clean.nc"...


Mean and standard deviation for "IVT" = 167.0072, 158.4348
Mean and standard deviation for "p_sfc" = 984.3313, 61.7593
Mean and standard deviation for "u_tr_p" = 11.6505, 12.2064
Mean and standard deviation for "v_tr_p" = 1.2864, 13.3939
Mean and standard deviation for "Z_p" = 5588.1656, 197.8260
Mean and standard deviation for "IWV" = 14.1451, 8.1364
2020-11-09 17:33:17.662481: I tensorflow/core/common_runtime/gpu/gpu_device.cc:1555] Found device 0 with properties: 
pciBusID: 0000:1a:00.0 name: Tesla V100-SXM2-32GB computeCapability: 7.0
coreClock: 1.53GHz coreCount: 80 deviceMemorySize: 31.75GiB deviceMemoryBandwidth: 836.37GiB/s
2020-11-09 17:33:17.667259: I tensorflow/stream_executor/platform/default/dso_loader.cc:44] Successfully opened dynamic library libcudart.so.10.1
2020-11-09 17:33:17.667345: I tensorflow/stream_executor/platform/default/dso_loader.cc:44] Successfully opened dynamic library libcublas.so.10
2020-11-09 17:33:17.667369: I tensorflow/stream_executor/platform/default/dso_loader.cc:44] Successfully opened dynamic library libcufft.so.10
2020-11-09 17:33:17.667391: I tensorflow/stream_executor/platform/default/dso_loader.cc:44] Successfully opened dynamic library libcurand.so.10
2020-11-09 17:33:17.667412: I tensorflow/stream_executor/platform/default/dso_loader.cc:44] Successfully opened dynamic library libcusolver.so.10
2020-11-09 17:33:17.667432: I tensorflow/stream_executor/platform/default/dso_loader.cc:44] Successfully opened dynamic library libcusparse.so.10
2020-11-09 17:33:17.667451: I tensorflow/stream_executor/platform/default/dso_loader.cc:44] Successfully opened dynamic library libcudnn.so.7
2020-11-09 17:33:17.670819: I tensorflow/core/common_runtime/gpu/gpu_device.cc:1697] Adding visible gpu devices: 0
2020-11-09 17:33:17.672871: I tensorflow/core/common_runtime/gpu/gpu_device.cc:1555] Found device 0 with properties: 
pciBusID: 0000:1a:00.0 name: Tesla V100-SXM2-32GB computeCapability: 7.0
coreClock: 1.53GHz coreCount: 80 deviceMemorySize: 31.75GiB deviceMemoryBandwidth: 836.37GiB/s
2020-11-09 17:33:17.672936: I tensorflow/stream_executor/platform/default/dso_loader.cc:44] Successfully opened dynamic library libcudart.so.10.1
2020-11-09 17:33:17.672957: I tensorflow/stream_executor/platform/default/dso_loader.cc:44] Successfully opened dynamic library libcublas.so.10
2020-11-09 17:33:17.672974: I tensorflow/stream_executor/platform/default/dso_loader.cc:44] Successfully opened dynamic library libcufft.so.10
2020-11-09 17:33:17.672990: I tensorflow/stream_executor/platform/default/dso_loader.cc:44] Successfully opened dynamic library libcurand.so.10
2020-11-09 17:33:17.673007: I tensorflow/stream_executor/platform/default/dso_loader.cc:44] Successfully opened dynamic library libcusolver.so.10
2020-11-09 17:33:17.673024: I tensorflow/stream_executor/platform/default/dso_loader.cc:44] Successfully opened dynamic library libcusparse.so.10
2020-11-09 17:33:17.673040: I tensorflow/stream_executor/platform/default/dso_loader.cc:44] Successfully opened dynamic library libcudnn.so.7
2020-11-09 17:33:17.676917: I tensorflow/core/common_runtime/gpu/gpu_device.cc:1697] Adding visible gpu devices: 0
2020-11-09 17:33:17.676967: I tensorflow/core/common_runtime/gpu/gpu_device.cc:1096] Device interconnect StreamExecutor with strength 1 edge matrix:
2020-11-09 17:33:17.676979: I tensorflow/core/common_runtime/gpu/gpu_device.cc:1102]      0 
2020-11-09 17:33:17.676988: I tensorflow/core/common_runtime/gpu/gpu_device.cc:1115] 0:   N 
2020-11-09 17:33:17.686876: I tensorflow/core/common_runtime/gpu/gpu_device.cc:1241] Created TensorFlow device (/job:localhost/replica:0/task:0/device:GPU:0 with 30300 MB memory) -> physical GPU (device: 0, name: Tesla V100-SXM2-32GB, pci bus id: 0000:1a:00.0, compute capability: 7.0)
2020-11-09 17:33:20.502831: I tensorflow/stream_executor/platform/default/dso_loader.cc:44] Successfully opened dynamic library libcudnn.so.7
2020-11-09 17:33:21.870865: W tensorflow/stream_executor/gpu/redzone_allocator.cc:312] Not found: ./bin/ptxas not found
Relying on driver to perform ptx compilation. This message will be only logged once.
2020-11-09 17:33:21.890397: I tensorflow/stream_executor/platform/default/dso_loader.cc:44] Successfully opened dynamic library libcublas.so.10
/glade/work/wchapman/miniconda3/envs/tfp/lib/python3.6/site-packages/dask/config.py:168: YAMLLoadWarning: calling yaml.load() without Loader=... is deprecated, as the default Loader is unsafe. Please read https://msg.pyyaml.org/load for full details.
  data = yaml.load(f.read()) or {}
/glade/work/wchapman/AnEn/CNN/Coastal_Points_LogNormal/utilsProb.py:216: RuntimeWarning: invalid value encountered in log
  post_matrix = numpy.log(post_matrix)
/glade/work/wchapman/AnEn/CNN/Coastal_Points_LogNormal/coms.py:492: RuntimeWarning: overflow encountered in exp
  v = np.exp(2 * mu + sigma**2) * (np.exp(sigma**2) - 1)
/glade/work/wchapman/AnEn/CNN/Coastal_Points_LogNormal/coms.py:492: RuntimeWarning: overflow encountered in double_scalars
  v = np.exp(2 * mu + sigma**2) * (np.exp(sigma**2) - 1)
/glade/work/wchapman/AnEn/CNN/Coastal_Points_LogNormal/coms.py:491: RuntimeWarning: overflow encountered in exp
  m = np.exp(mu + sigma**2 / 2.0)
/glade/work/wchapman/AnEn/CNN/Coastal_Points_LogNormal/utilsProb.py:216: RuntimeWarning: invalid value encountered in log
  post_matrix = numpy.log(post_matrix)
/glade/work/wchapman/AnEn/CNN/Coastal_Points_LogNormal/coms.py:491: RuntimeWarning: overflow encountered in exp
  m = np.exp(mu + sigma**2 / 2.0)
/glade/work/wchapman/AnEn/CNN/Coastal_Points_LogNormal/coms.py:492: RuntimeWarning: overflow encountered in exp
  v = np.exp(2 * mu + sigma**2) * (np.exp(sigma**2) - 1)
/glade/work/wchapman/AnEn/CNN/Coastal_Points_LogNormal/coms.py:492: RuntimeWarning: overflow encountered in double_scalars
  v = np.exp(2 * mu + sigma**2) * (np.exp(sigma**2) - 1)
/glade/work/wchapman/AnEn/CNN/Coastal_Points_LogNormal/utilsProb.py:216: RuntimeWarning: invalid value encountered in log
  post_matrix = numpy.log(post_matrix)
Reading data from: "/glade/scratch/wchapman/Reforecast/F006/train/F006_WY_2012_500mb_Clean.nc"...
Reading data from: "/glade/scratch/wchapman/Reforecast/F006/train/F006_WY_2013_500mb_Clean.nc"...
Reading data from: "/glade/scratch/wchapman/Reforecast/F006/train/F006_WY_2014_500mb_Clean.nc"...
Reading data from: "/glade/scratch/wchapman/Reforecast/F006/train/F006_WY_2015_500mb_Clean.nc"...
Reading data from: "/glade/scratch/wchapman/Reforecast/F006/train/F006_WY_2016_500mb_Clean.nc"...
Reading data from: "/glade/scratch/wchapman/Reforecast/F006/validate/F006_WY_2017_500mb_Clean.nc"...
Reading data from: "/glade/scratch/wchapman/Reforecast/F006/test/F006_WY_2018_500mb_Clean.nc"...


Mean and standard deviation for "IVTm" = 202.0728, 176.1434
######### ASSEMBLE!!!! ###########
########### DONE!!!! #############
#################################################
testing: ['/glade/scratch/wchapman/Reforecast/F006/validate/F006_WY_2017_500mb_Clean.nc']
validatiing: ['/glade/scratch/wchapman/Reforecast/F006/train/F006_WY_2016_500mb_Clean.nc']
#################################################
Reading data from: "/glade/scratch/wchapman/Reforecast/F006/train/F006_WY_2012_500mb_Clean.nc"...
Reading data from: "/glade/scratch/wchapman/Reforecast/F006/train/F006_WY_2013_500mb_Clean.nc"...
Reading data from: "/glade/scratch/wchapman/Reforecast/F006/train/F006_WY_2014_500mb_Clean.nc"...
Reading data from: "/glade/scratch/wchapman/Reforecast/F006/train/F006_WY_2015_500mb_Clean.nc"...
Reading data from: "/glade/scratch/wchapman/Reforecast/F006/test/F006_WY_2018_500mb_Clean.nc"...
Reading data from: "/glade/scratch/wchapman/Reforecast/F006/train/F006_WY_2016_500mb_Clean.nc"...
...gathering data...
Reading data from: "/glade/scratch/wchapman/Reforecast/F006/train/F006_WY_2012_500mb_Clean.nc"...
Reading data from: "/glade/scratch/wchapman/Reforecast/F006/test/F006_WY_2018_500mb_Clean.nc"...
Reading data from: "/glade/scratch/wchapman/Reforecast/F006/train/F006_WY_2013_500mb_Clean.nc"...
Reading data from: "/glade/scratch/wchapman/Reforecast/F006/train/F006_WY_2014_500mb_Clean.nc"...
Reading data from: "/glade/scratch/wchapman/Reforecast/F006/train/F006_WY_2015_500mb_Clean.nc"...
Reading data from: "/glade/scratch/wchapman/Reforecast/F006/validate/F006_WY_2017_500mb_Clean.nc"...
Model: "model"
__________________________________________________________________________________________________
Layer (type)                    Output Shape         Param #     Connected to                     
==================================================================================================
input_1 (InputLayer)            [(None, 71, 57, 6)]  0                                            
__________________________________________________________________________________________________
zero_padding2d (ZeroPadding2D)  (None, 72, 60, 6)    0           input_1[0][0]                    
__________________________________________________________________________________________________
downsampling_0_conv_0 (Conv2D)  (None, 72, 60, 16)   880         zero_padding2d[0][0]             
__________________________________________________________________________________________________
downsampling_0_batchnorm_0 (Bat (None, 72, 60, 16)   64          downsampling_0_conv_0[0][0]      
__________________________________________________________________________________________________
downsampling_0_activation_0 (Ac (None, 72, 60, 16)   0           downsampling_0_batchnorm_0[0][0] 
__________________________________________________________________________________________________
downsampling_0_conv_1 (Conv2D)  (None, 72, 60, 16)   2320        downsampling_0_activation_0[0][0]
__________________________________________________________________________________________________
downsampling_0_batchnorm_1 (Bat (None, 72, 60, 16)   64          downsampling_0_conv_1[0][0]      
__________________________________________________________________________________________________
downsampling_0_activation_1 (Ac (None, 72, 60, 16)   0           downsampling_0_batchnorm_1[0][0] 
__________________________________________________________________________________________________
max_pooling2d (MaxPooling2D)    (None, 36, 30, 16)   0           downsampling_0_activation_1[0][0]
__________________________________________________________________________________________________
bottleneck_skip_0 (Conv2D)      (None, 36, 30, 32)   4640        max_pooling2d[0][0]              
__________________________________________________________________________________________________
bottleneck_skip_1 (Conv2D)      (None, 36, 30, 32)   9248        bottleneck_skip_0[0][0]          
__________________________________________________________________________________________________
bottleneck_skip_2 (Conv2D)      (None, 36, 30, 32)   9248        bottleneck_skip_1[0][0]          
__________________________________________________________________________________________________
add (Add)                       (None, 36, 30, 32)   0           bottleneck_skip_0[0][0]          
                                                                 bottleneck_skip_1[0][0]          
                                                                 bottleneck_skip_2[0][0]          
__________________________________________________________________________________________________
upsampling_0_conv_trans_0 (Conv (None, 72, 60, 16)   2064        add[0][0]                        
__________________________________________________________________________________________________
concatenate (Concatenate)       (None, 72, 60, 32)   0           upsampling_0_conv_trans_0[0][0]  
                                                                 downsampling_0_activation_1[0][0]
__________________________________________________________________________________________________
upsampling_0_conv_0 (Conv2D)    (None, 72, 60, 16)   4624        concatenate[0][0]                
__________________________________________________________________________________________________
upsampling_0_activation_0 (Acti (None, 72, 60, 16)   0           upsampling_0_conv_0[0][0]        
__________________________________________________________________________________________________
upsampling_0_conv_1 (Conv2D)    (None, 72, 60, 16)   2320        upsampling_0_activation_0[0][0]  
__________________________________________________________________________________________________
upsampling_0_activation_1 (Acti (None, 72, 60, 16)   0           upsampling_0_conv_1[0][0]        
__________________________________________________________________________________________________
linear (Conv2D)                 (None, 72, 60, 2)    34          upsampling_0_activation_1[0][0]  
__________________________________________________________________________________________________
cropping2d (Cropping2D)         (None, 71, 57, 2)    0           linear[0][0]                     
==================================================================================================
Total params: 35,506
Trainable params: 35,442
Non-trainable params: 64
__________________________________________________________________________________________________
########### model name: /glade/scratch/wchapman/Reforecast/models/NN_CRPS/F006/StartingYear2012/CNN_2017/cpf_CRPS_val_2016_test_2017.ckpt
########### model name: /glade/scratch/wchapman/Reforecast/models/NN_CRPS/F006/StartingYear2012/CNN_2017/cpf_CRPS_val_2016_test_2017.ckpt
...binned spread skill...
RMSE PP: 33.283636935673385
RMSE WWRF: 29.602309718276516
CRMSE PP: 32.91823134101206
CRMSE WWRF: 28.64888879024621
BIAS PP: -4.91838764394501
BIAS WWRF: 7.4523697
#################################################
testing: ['/glade/scratch/wchapman/Reforecast/F006/test/F006_WY_2018_500mb_Clean.nc']
validatiing: ['/glade/scratch/wchapman/Reforecast/F006/validate/F006_WY_2017_500mb_Clean.nc']
#################################################
Reading data from: "/glade/scratch/wchapman/Reforecast/F006/train/F006_WY_2012_500mb_Clean.nc"...
Reading data from: "/glade/scratch/wchapman/Reforecast/F006/train/F006_WY_2013_500mb_Clean.nc"...
Reading data from: "/glade/scratch/wchapman/Reforecast/F006/train/F006_WY_2014_500mb_Clean.nc"...
Reading data from: "/glade/scratch/wchapman/Reforecast/F006/train/F006_WY_2015_500mb_Clean.nc"...
Reading data from: "/glade/scratch/wchapman/Reforecast/F006/train/F006_WY_2016_500mb_Clean.nc"...
Reading data from: "/glade/scratch/wchapman/Reforecast/F006/validate/F006_WY_2017_500mb_Clean.nc"...
...gathering data...
Reading data from: "/glade/scratch/wchapman/Reforecast/F006/train/F006_WY_2014_500mb_Clean.nc"...
Reading data from: "/glade/scratch/wchapman/Reforecast/F006/train/F006_WY_2016_500mb_Clean.nc"...
Reading data from: "/glade/scratch/wchapman/Reforecast/F006/train/F006_WY_2012_500mb_Clean.nc"...
Reading data from: "/glade/scratch/wchapman/Reforecast/F006/train/F006_WY_2013_500mb_Clean.nc"...
Reading data from: "/glade/scratch/wchapman/Reforecast/F006/train/F006_WY_2015_500mb_Clean.nc"...
Reading data from: "/glade/scratch/wchapman/Reforecast/F006/test/F006_WY_2018_500mb_Clean.nc"...
Model: "model_1"
__________________________________________________________________________________________________
Layer (type)                    Output Shape         Param #     Connected to                     
==================================================================================================
input_2 (InputLayer)            [(None, 71, 57, 6)]  0                                            
__________________________________________________________________________________________________
zero_padding2d_1 (ZeroPadding2D (None, 72, 60, 6)    0           input_2[0][0]                    
__________________________________________________________________________________________________
downsampling_0_conv_0 (Conv2D)  (None, 72, 60, 16)   880         zero_padding2d_1[0][0]           
__________________________________________________________________________________________________
downsampling_0_batchnorm_0 (Bat (None, 72, 60, 16)   64          downsampling_0_conv_0[0][0]      
__________________________________________________________________________________________________
downsampling_0_activation_0 (Ac (None, 72, 60, 16)   0           downsampling_0_batchnorm_0[0][0] 
__________________________________________________________________________________________________
downsampling_0_conv_1 (Conv2D)  (None, 72, 60, 16)   2320        downsampling_0_activation_0[0][0]
__________________________________________________________________________________________________
downsampling_0_batchnorm_1 (Bat (None, 72, 60, 16)   64          downsampling_0_conv_1[0][0]      
__________________________________________________________________________________________________
downsampling_0_activation_1 (Ac (None, 72, 60, 16)   0           downsampling_0_batchnorm_1[0][0] 
__________________________________________________________________________________________________
max_pooling2d_1 (MaxPooling2D)  (None, 36, 30, 16)   0           downsampling_0_activation_1[0][0]
__________________________________________________________________________________________________
bottleneck_skip_0 (Conv2D)      (None, 36, 30, 32)   4640        max_pooling2d_1[0][0]            
__________________________________________________________________________________________________
bottleneck_skip_1 (Conv2D)      (None, 36, 30, 32)   9248        bottleneck_skip_0[0][0]          
__________________________________________________________________________________________________
bottleneck_skip_2 (Conv2D)      (None, 36, 30, 32)   9248        bottleneck_skip_1[0][0]          
__________________________________________________________________________________________________
add_1 (Add)                     (None, 36, 30, 32)   0           bottleneck_skip_0[0][0]          
                                                                 bottleneck_skip_1[0][0]          
                                                                 bottleneck_skip_2[0][0]          
__________________________________________________________________________________________________
upsampling_0_conv_trans_0 (Conv (None, 72, 60, 16)   2064        add_1[0][0]                      
__________________________________________________________________________________________________
concatenate_1 (Concatenate)     (None, 72, 60, 32)   0           upsampling_0_conv_trans_0[0][0]  
                                                                 downsampling_0_activation_1[0][0]
__________________________________________________________________________________________________
upsampling_0_conv_0 (Conv2D)    (None, 72, 60, 16)   4624        concatenate_1[0][0]              
__________________________________________________________________________________________________
upsampling_0_activation_0 (Acti (None, 72, 60, 16)   0           upsampling_0_conv_0[0][0]        
__________________________________________________________________________________________________
upsampling_0_conv_1 (Conv2D)    (None, 72, 60, 16)   2320        upsampling_0_activation_0[0][0]  
__________________________________________________________________________________________________
upsampling_0_activation_1 (Acti (None, 72, 60, 16)   0           upsampling_0_conv_1[0][0]        
__________________________________________________________________________________________________
linear (Conv2D)                 (None, 72, 60, 2)    34          upsampling_0_activation_1[0][0]  
__________________________________________________________________________________________________
cropping2d_1 (Cropping2D)       (None, 71, 57, 2)    0           linear[0][0]                     
==================================================================================================
Total params: 35,506
Trainable params: 35,442
Non-trainable params: 64
__________________________________________________________________________________________________
########### model name: /glade/scratch/wchapman/Reforecast/models/NN_CRPS/F006/StartingYear2012/CNN_2018/cpf_CRPS_val_2017_test_2018.ckpt
########### model name: /glade/scratch/wchapman/Reforecast/models/NN_CRPS/F006/StartingYear2012/CNN_2018/cpf_CRPS_val_2017_test_2018.ckpt
...binned spread skill...
RMSE PP: 39.10963427376475
RMSE WWRF: 32.77645966500947
CRMSE PP: 38.2547546334566
CRMSE WWRF: 32.01030199455492
BIAS PP: -8.132489594299926
BIAS WWRF: 7.045334
#################################################
testing: ['/glade/scratch/wchapman/Reforecast/F006/train/F006_WY_2016_500mb_Clean.nc']
validatiing: ['/glade/scratch/wchapman/Reforecast/F006/test/F006_WY_2018_500mb_Clean.nc']
#################################################
Reading data from: "/glade/scratch/wchapman/Reforecast/F006/train/F006_WY_2012_500mb_Clean.nc"...
Reading data from: "/glade/scratch/wchapman/Reforecast/F006/train/F006_WY_2013_500mb_Clean.nc"...
Reading data from: "/glade/scratch/wchapman/Reforecast/F006/train/F006_WY_2014_500mb_Clean.nc"...
Reading data from: "/glade/scratch/wchapman/Reforecast/F006/train/F006_WY_2015_500mb_Clean.nc"...
Reading data from: "/glade/scratch/wchapman/Reforecast/F006/train/F006_WY_2016_500mb_Clean.nc"...
Reading data from: "/glade/scratch/wchapman/Reforecast/F006/validate/F006_WY_2017_500mb_Clean.nc"...
Reading data from: "/glade/scratch/wchapman/Reforecast/F006/test/F006_WY_2018_500mb_Clean.nc"...
...gathering data...
Reading data from: "/glade/scratch/wchapman/Reforecast/F006/train/F006_WY_2014_500mb_Clean.nc"...
Reading data from: "/glade/scratch/wchapman/Reforecast/F006/train/F006_WY_2016_500mb_Clean.nc"...
Reading data from: "/glade/scratch/wchapman/Reforecast/F006/train/F006_WY_2015_500mb_Clean.nc"...
Reading data from: "/glade/scratch/wchapman/Reforecast/F006/validate/F006_WY_2017_500mb_Clean.nc"...
Reading data from: "/glade/scratch/wchapman/Reforecast/F006/train/F006_WY_2013_500mb_Clean.nc"...
Reading data from: "/glade/scratch/wchapman/Reforecast/F006/train/F006_WY_2012_500mb_Clean.nc"...
Reading data from: "/glade/scratch/wchapman/Reforecast/F006/train/F006_WY_2016_500mb_Clean.nc"...
Model: "model_2"
__________________________________________________________________________________________________
Layer (type)                    Output Shape         Param #     Connected to                     
==================================================================================================
input_3 (InputLayer)            [(None, 71, 57, 6)]  0                                            
__________________________________________________________________________________________________
zero_padding2d_2 (ZeroPadding2D (None, 72, 60, 6)    0           input_3[0][0]                    
__________________________________________________________________________________________________
downsampling_0_conv_0 (Conv2D)  (None, 72, 60, 16)   880         zero_padding2d_2[0][0]           
__________________________________________________________________________________________________
downsampling_0_batchnorm_0 (Bat (None, 72, 60, 16)   64          downsampling_0_conv_0[0][0]      
__________________________________________________________________________________________________
downsampling_0_activation_0 (Ac (None, 72, 60, 16)   0           downsampling_0_batchnorm_0[0][0] 
__________________________________________________________________________________________________
downsampling_0_conv_1 (Conv2D)  (None, 72, 60, 16)   2320        downsampling_0_activation_0[0][0]
__________________________________________________________________________________________________
downsampling_0_batchnorm_1 (Bat (None, 72, 60, 16)   64          downsampling_0_conv_1[0][0]      
__________________________________________________________________________________________________
downsampling_0_activation_1 (Ac (None, 72, 60, 16)   0           downsampling_0_batchnorm_1[0][0] 
__________________________________________________________________________________________________
max_pooling2d_2 (MaxPooling2D)  (None, 36, 30, 16)   0           downsampling_0_activation_1[0][0]
__________________________________________________________________________________________________
bottleneck_skip_0 (Conv2D)      (None, 36, 30, 32)   4640        max_pooling2d_2[0][0]            
__________________________________________________________________________________________________
bottleneck_skip_1 (Conv2D)      (None, 36, 30, 32)   9248        bottleneck_skip_0[0][0]          
__________________________________________________________________________________________________
bottleneck_skip_2 (Conv2D)      (None, 36, 30, 32)   9248        bottleneck_skip_1[0][0]          
__________________________________________________________________________________________________
add_2 (Add)                     (None, 36, 30, 32)   0           bottleneck_skip_0[0][0]          
                                                                 bottleneck_skip_1[0][0]          
                                                                 bottleneck_skip_2[0][0]          
__________________________________________________________________________________________________
upsampling_0_conv_trans_0 (Conv (None, 72, 60, 16)   2064        add_2[0][0]                      
__________________________________________________________________________________________________
concatenate_2 (Concatenate)     (None, 72, 60, 32)   0           upsampling_0_conv_trans_0[0][0]  
                                                                 downsampling_0_activation_1[0][0]
__________________________________________________________________________________________________
upsampling_0_conv_0 (Conv2D)    (None, 72, 60, 16)   4624        concatenate_2[0][0]              
__________________________________________________________________________________________________
upsampling_0_activation_0 (Acti (None, 72, 60, 16)   0           upsampling_0_conv_0[0][0]        
__________________________________________________________________________________________________
upsampling_0_conv_1 (Conv2D)    (None, 72, 60, 16)   2320        upsampling_0_activation_0[0][0]  
__________________________________________________________________________________________________
upsampling_0_activation_1 (Acti (None, 72, 60, 16)   0           upsampling_0_conv_1[0][0]        
__________________________________________________________________________________________________
linear (Conv2D)                 (None, 72, 60, 2)    34          upsampling_0_activation_1[0][0]  
__________________________________________________________________________________________________
cropping2d_2 (Cropping2D)       (None, 71, 57, 2)    0           linear[0][0]                     
==================================================================================================
Total params: 35,506
Trainable params: 35,442
Non-trainable params: 64
__________________________________________________________________________________________________
########### model name: /glade/scratch/wchapman/Reforecast/models/NN_CRPS/F006/StartingYear2012/CNN_2016/cpf_CRPS_val_2018_test_2016.ckpt
########### model name: /glade/scratch/wchapman/Reforecast/models/NN_CRPS/F006/StartingYear2012/CNN_2016/cpf_CRPS_val_2018_test_2016.ckpt
Traceback (most recent call last):
  File "/glade/work/wchapman/miniconda3/envs/tfp/lib/python3.6/site-packages/tensorflow_core/python/training/py_checkpoint_reader.py", line 95, in NewCheckpointReader
    return CheckpointReader(compat.as_bytes(filepattern))
RuntimeError: Unsuccessful TensorSliceReader constructor: Failed to find any matching files for /glade/scratch/wchapman/Reforecast/models/NN_CRPS/F006/StartingYear2012/CNN_2016/cpf_CRPS_val_2018_test_2016.ckpt

During handling of the above exception, another exception occurred:

Traceback (most recent call last):
  File "Run_CNN_GatherData_ByYear.py", line 259, in <module>
    model.load_weights(Wsave_name)
  File "/glade/work/wchapman/miniconda3/envs/tfp/lib/python3.6/site-packages/tensorflow_core/python/keras/engine/training.py", line 234, in load_weights
    return super(Model, self).load_weights(filepath, by_name, skip_mismatch)
  File "/glade/work/wchapman/miniconda3/envs/tfp/lib/python3.6/site-packages/tensorflow_core/python/keras/engine/network.py", line 1187, in load_weights
    py_checkpoint_reader.NewCheckpointReader(filepath)
  File "/glade/work/wchapman/miniconda3/envs/tfp/lib/python3.6/site-packages/tensorflow_core/python/training/py_checkpoint_reader.py", line 99, in NewCheckpointReader
    error_translator(e)
  File "/glade/work/wchapman/miniconda3/envs/tfp/lib/python3.6/site-packages/tensorflow_core/python/training/py_checkpoint_reader.py", line 35, in error_translator
    raise errors_impl.NotFoundError(None, None, error_message)
tensorflow.python.framework.errors_impl.NotFoundError: Unsuccessful TensorSliceReader constructor: Failed to find any matching files for /glade/scratch/wchapman/Reforecast/models/NN_CRPS/F006/StartingYear2012/CNN_2016/cpf_CRPS_val_2018_test_2016.ckpt
WARNING:tensorflow:Unresolved object in checkpoint: (root).optimizer.iter
WARNING:tensorflow:Unresolved object in checkpoint: (root).optimizer.beta_1
WARNING:tensorflow:Unresolved object in checkpoint: (root).optimizer.beta_2
WARNING:tensorflow:Unresolved object in checkpoint: (root).optimizer.decay
WARNING:tensorflow:Unresolved object in checkpoint: (root).optimizer.learning_rate
WARNING:tensorflow:A checkpoint was restored (e.g. tf.train.Checkpoint.restore or tf.keras.Model.load_weights) but not all checkpointed values were used. See above for specific issues. Use expect_partial() on the load status object, e.g. tf.train.Checkpoint.restore(...).expect_partial(), to silence these warnings, or use assert_consumed() to make the check explicit. See https://www.tensorflow.org/guide/checkpoint#loading_mechanics for details.
WARNING:tensorflow:Unresolved object in checkpoint: (root).optimizer.iter
WARNING:tensorflow:Unresolved object in checkpoint: (root).optimizer.beta_1
WARNING:tensorflow:Unresolved object in checkpoint: (root).optimizer.beta_2
WARNING:tensorflow:Unresolved object in checkpoint: (root).optimizer.decay
WARNING:tensorflow:Unresolved object in checkpoint: (root).optimizer.learning_rate
WARNING:tensorflow:A checkpoint was restored (e.g. tf.train.Checkpoint.restore or tf.keras.Model.load_weights) but not all checkpointed values were used. See above for specific issues. Use expect_partial() on the load status object, e.g. tf.train.Checkpoint.restore(...).expect_partial(), to silence these warnings, or use assert_consumed() to make the check explicit. See https://www.tensorflow.org/guide/checkpoint#loading_mechanics for details.
