2020-11-09 15:56:13.432460: I tensorflow/core/platform/cpu_feature_guard.cc:142] Your CPU supports instructions that this TensorFlow binary was not compiled to use: SSE4.1 SSE4.2 AVX AVX2 AVX512F FMA
2020-11-09 15:56:13.439497: I tensorflow/core/platform/profile_utils/cpu_utils.cc:94] CPU Frequency: 2300000000 Hz
2020-11-09 15:56:13.439671: I tensorflow/compiler/xla/service/service.cc:168] XLA service 0x55a7a5e6ba10 initialized for platform Host (this does not guarantee that XLA will be used). Devices:
2020-11-09 15:56:13.439694: I tensorflow/compiler/xla/service/service.cc:176]   StreamExecutor device (0): Host, Default Version
2020-11-09 15:56:13.441028: I tensorflow/stream_executor/platform/default/dso_loader.cc:44] Successfully opened dynamic library libcuda.so.1
2020-11-09 15:56:13.457851: I tensorflow/core/common_runtime/gpu/gpu_device.cc:1555] Found device 0 with properties: 
pciBusID: 0000:1a:00.0 name: Tesla V100-SXM2-32GB computeCapability: 7.0
coreClock: 1.53GHz coreCount: 80 deviceMemorySize: 31.75GiB deviceMemoryBandwidth: 836.37GiB/s
2020-11-09 15:56:13.458190: I tensorflow/stream_executor/platform/default/dso_loader.cc:44] Successfully opened dynamic library libcudart.so.10.1
2020-11-09 15:56:13.462023: I tensorflow/stream_executor/platform/default/dso_loader.cc:44] Successfully opened dynamic library libcublas.so.10
2020-11-09 15:56:13.465666: I tensorflow/stream_executor/platform/default/dso_loader.cc:44] Successfully opened dynamic library libcufft.so.10
2020-11-09 15:56:13.466155: I tensorflow/stream_executor/platform/default/dso_loader.cc:44] Successfully opened dynamic library libcurand.so.10
2020-11-09 15:56:13.470496: I tensorflow/stream_executor/platform/default/dso_loader.cc:44] Successfully opened dynamic library libcusolver.so.10
2020-11-09 15:56:13.472189: I tensorflow/stream_executor/platform/default/dso_loader.cc:44] Successfully opened dynamic library libcusparse.so.10
2020-11-09 15:56:13.480207: I tensorflow/stream_executor/platform/default/dso_loader.cc:44] Successfully opened dynamic library libcudnn.so.7
2020-11-09 15:56:13.483105: I tensorflow/core/common_runtime/gpu/gpu_device.cc:1697] Adding visible gpu devices: 0
2020-11-09 15:56:13.483161: I tensorflow/stream_executor/platform/default/dso_loader.cc:44] Successfully opened dynamic library libcudart.so.10.1
2020-11-09 15:56:13.632734: I tensorflow/core/common_runtime/gpu/gpu_device.cc:1096] Device interconnect StreamExecutor with strength 1 edge matrix:
2020-11-09 15:56:13.632792: I tensorflow/core/common_runtime/gpu/gpu_device.cc:1102]      0 
2020-11-09 15:56:13.632815: I tensorflow/core/common_runtime/gpu/gpu_device.cc:1115] 0:   N 
2020-11-09 15:56:13.637615: I tensorflow/core/common_runtime/gpu/gpu_device.cc:1241] Created TensorFlow device (/device:GPU:0 with 30300 MB memory) -> physical GPU (device: 0, name: Tesla V100-SXM2-32GB, pci bus id: 0000:1a:00.0, compute capability: 7.0)
2020-11-09 15:56:13.639614: I tensorflow/compiler/xla/service/service.cc:168] XLA service 0x55a7a6be6e60 initialized for platform CUDA (this does not guarantee that XLA will be used). Devices:
2020-11-09 15:56:13.639642: I tensorflow/compiler/xla/service/service.cc:176]   StreamExecutor device (0): Tesla V100-SXM2-32GB, Compute Capability 7.0
2020-11-09 15:56:13.641767: I tensorflow/core/common_runtime/gpu/gpu_device.cc:1555] Found device 0 with properties: 
pciBusID: 0000:1a:00.0 name: Tesla V100-SXM2-32GB computeCapability: 7.0
coreClock: 1.53GHz coreCount: 80 deviceMemorySize: 31.75GiB deviceMemoryBandwidth: 836.37GiB/s
2020-11-09 15:56:13.641840: I tensorflow/stream_executor/platform/default/dso_loader.cc:44] Successfully opened dynamic library libcudart.so.10.1
2020-11-09 15:56:13.641856: I tensorflow/stream_executor/platform/default/dso_loader.cc:44] Successfully opened dynamic library libcublas.so.10
2020-11-09 15:56:13.641871: I tensorflow/stream_executor/platform/default/dso_loader.cc:44] Successfully opened dynamic library libcufft.so.10
2020-11-09 15:56:13.643469: I tensorflow/stream_executor/platform/default/dso_loader.cc:44] Successfully opened dynamic library libcurand.so.10
2020-11-09 15:56:13.643485: I tensorflow/stream_executor/platform/default/dso_loader.cc:44] Successfully opened dynamic library libcusolver.so.10
2020-11-09 15:56:13.643499: I tensorflow/stream_executor/platform/default/dso_loader.cc:44] Successfully opened dynamic library libcusparse.so.10
2020-11-09 15:56:13.643512: I tensorflow/stream_executor/platform/default/dso_loader.cc:44] Successfully opened dynamic library libcudnn.so.7
2020-11-09 15:56:13.646320: I tensorflow/core/common_runtime/gpu/gpu_device.cc:1697] Adding visible gpu devices: 0
2020-11-09 15:56:13.646352: I tensorflow/core/common_runtime/gpu/gpu_device.cc:1096] Device interconnect StreamExecutor with strength 1 edge matrix:
2020-11-09 15:56:13.646362: I tensorflow/core/common_runtime/gpu/gpu_device.cc:1102]      0 
2020-11-09 15:56:13.646370: I tensorflow/core/common_runtime/gpu/gpu_device.cc:1115] 0:   N 
2020-11-09 15:56:13.649193: I tensorflow/core/common_runtime/gpu/gpu_device.cc:1241] Created TensorFlow device (/device:GPU:0 with 30300 MB memory) -> physical GPU (device: 0, name: Tesla V100-SXM2-32GB, pci bus id: 0000:1a:00.0, compute capability: 7.0)
2020-11-09 15:56:13.650888: I tensorflow/core/common_runtime/gpu/gpu_device.cc:1555] Found device 0 with properties: 
pciBusID: 0000:1a:00.0 name: Tesla V100-SXM2-32GB computeCapability: 7.0
coreClock: 1.53GHz coreCount: 80 deviceMemorySize: 31.75GiB deviceMemoryBandwidth: 836.37GiB/s
2020-11-09 15:56:13.650943: I tensorflow/stream_executor/platform/default/dso_loader.cc:44] Successfully opened dynamic library libcudart.so.10.1
2020-11-09 15:56:13.650960: I tensorflow/stream_executor/platform/default/dso_loader.cc:44] Successfully opened dynamic library libcublas.so.10
2020-11-09 15:56:13.650974: I tensorflow/stream_executor/platform/default/dso_loader.cc:44] Successfully opened dynamic library libcufft.so.10
2020-11-09 15:56:13.650988: I tensorflow/stream_executor/platform/default/dso_loader.cc:44] Successfully opened dynamic library libcurand.so.10
2020-11-09 15:56:13.651002: I tensorflow/stream_executor/platform/default/dso_loader.cc:44] Successfully opened dynamic library libcusolver.so.10
2020-11-09 15:56:13.651015: I tensorflow/stream_executor/platform/default/dso_loader.cc:44] Successfully opened dynamic library libcusparse.so.10
2020-11-09 15:56:13.651028: I tensorflow/stream_executor/platform/default/dso_loader.cc:44] Successfully opened dynamic library libcudnn.so.7
2020-11-09 15:56:13.653799: I tensorflow/core/common_runtime/gpu/gpu_device.cc:1697] Adding visible gpu devices: 0
2020-11-09 15:56:13.653825: I tensorflow/core/common_runtime/gpu/gpu_device.cc:1096] Device interconnect StreamExecutor with strength 1 edge matrix:
2020-11-09 15:56:13.653835: I tensorflow/core/common_runtime/gpu/gpu_device.cc:1102]      0 
2020-11-09 15:56:13.653843: I tensorflow/core/common_runtime/gpu/gpu_device.cc:1115] 0:   N 
2020-11-09 15:56:13.656654: I tensorflow/core/common_runtime/gpu/gpu_device.cc:1241] Created TensorFlow device (/device:GPU:0 with 30300 MB memory) -> physical GPU (device: 0, name: Tesla V100-SXM2-32GB, pci bus id: 0000:1a:00.0, compute capability: 7.0)
#############################################
post processing forecast: F006
#############################################
['/device:GPU:0']
#################################################
#################################################
SUCCESS: Found GPU: /device:GPU:0
#################################################
#################################################
We are here: /glade/work/wchapman/AnEn/CNN/Coastal_Points_LogNormal
...Searching...: /glade/scratch/wchapman/AnEnCNN_good/Data/WestCoast/
/glade/scratch/wchapman/Reforecast/F000
/glade/scratch/wchapman/Reforecast/F006
Training on
/glade/scratch/wchapman/Reforecast/F006/train/F006_WY_1985_500mb_Clean.nc
/glade/scratch/wchapman/Reforecast/F006/train/F006_WY_1986_500mb_Clean.nc
/glade/scratch/wchapman/Reforecast/F006/train/F006_WY_1987_500mb_Clean.nc
/glade/scratch/wchapman/Reforecast/F006/train/F006_WY_1988_500mb_Clean.nc
/glade/scratch/wchapman/Reforecast/F006/train/F006_WY_1989_500mb_Clean.nc
/glade/scratch/wchapman/Reforecast/F006/train/F006_WY_1990_500mb_Clean.nc
/glade/scratch/wchapman/Reforecast/F006/train/F006_WY_1991_500mb_Clean.nc
/glade/scratch/wchapman/Reforecast/F006/train/F006_WY_1992_500mb_Clean.nc
/glade/scratch/wchapman/Reforecast/F006/train/F006_WY_1993_500mb_Clean.nc
/glade/scratch/wchapman/Reforecast/F006/train/F006_WY_1994_500mb_Clean.nc
/glade/scratch/wchapman/Reforecast/F006/train/F006_WY_1995_500mb_Clean.nc
/glade/scratch/wchapman/Reforecast/F006/train/F006_WY_1996_500mb_Clean.nc
/glade/scratch/wchapman/Reforecast/F006/train/F006_WY_1997_500mb_Clean.nc
/glade/scratch/wchapman/Reforecast/F006/train/F006_WY_1998_500mb_Clean.nc
/glade/scratch/wchapman/Reforecast/F006/train/F006_WY_1999_500mb_Clean.nc
/glade/scratch/wchapman/Reforecast/F006/train/F006_WY_2000_500mb_Clean.nc
/glade/scratch/wchapman/Reforecast/F006/train/F006_WY_2001_500mb_Clean.nc
/glade/scratch/wchapman/Reforecast/F006/train/F006_WY_2002_500mb_Clean.nc
/glade/scratch/wchapman/Reforecast/F006/train/F006_WY_2003_500mb_Clean.nc
/glade/scratch/wchapman/Reforecast/F006/train/F006_WY_2004_500mb_Clean.nc
/glade/scratch/wchapman/Reforecast/F006/train/F006_WY_2005_500mb_Clean.nc
/glade/scratch/wchapman/Reforecast/F006/train/F006_WY_2006_500mb_Clean.nc
/glade/scratch/wchapman/Reforecast/F006/train/F006_WY_2007_500mb_Clean.nc
/glade/scratch/wchapman/Reforecast/F006/train/F006_WY_2008_500mb_Clean.nc
/glade/scratch/wchapman/Reforecast/F006/train/F006_WY_2009_500mb_Clean.nc
/glade/scratch/wchapman/Reforecast/F006/train/F006_WY_2010_500mb_Clean.nc
/glade/scratch/wchapman/Reforecast/F006/train/F006_WY_2011_500mb_Clean.nc
/glade/scratch/wchapman/Reforecast/F006/train/F006_WY_2012_500mb_Clean.nc
/glade/scratch/wchapman/Reforecast/F006/train/F006_WY_2013_500mb_Clean.nc
/glade/scratch/wchapman/Reforecast/F006/train/F006_WY_2014_500mb_Clean.nc
/glade/scratch/wchapman/Reforecast/F006/train/F006_WY_2015_500mb_Clean.nc
/glade/scratch/wchapman/Reforecast/F006/train/F006_WY_2016_500mb_Clean.nc
Validating on
/glade/scratch/wchapman/Reforecast/F006/validate/F006_WY_2017_500mb_Clean.nc
Testing on
/glade/scratch/wchapman/Reforecast/F006/test/F006_WY_2018_500mb_Clean.nc
['2016', '2017', '2018']
trainging yearss ['/glade/scratch/wchapman/Reforecast/F006/train/F006_WY_2016_500mb_Clean.nc', '/glade/scratch/wchapman/Reforecast/F006/validate/F006_WY_2017_500mb_Clean.nc', '/glade/scratch/wchapman/Reforecast/F006/test/F006_WY_2018_500mb_Clean.nc']
Reading data from: "/glade/scratch/wchapman/Reforecast/F006/train/F006_WY_2016_500mb_Clean.nc"...
Reading data from: "/glade/scratch/wchapman/Reforecast/F006/validate/F006_WY_2017_500mb_Clean.nc"...
Reading data from: "/glade/scratch/wchapman/Reforecast/F006/test/F006_WY_2018_500mb_Clean.nc"...


Mean and standard deviation for "IVT" = 159.0476, 152.9629
Mean and standard deviation for "p_sfc" = 985.1434, 62.1350
Mean and standard deviation for "u_tr_p" = 11.5693, 12.3447
Mean and standard deviation for "v_tr_p" = 0.3258, 13.5491
Mean and standard deviation for "Z_p" = 5581.2736, 196.7954
Mean and standard deviation for "IWV" = 13.6762, 8.2276
2020-11-09 15:56:14.456853: I tensorflow/core/common_runtime/gpu/gpu_device.cc:1555] Found device 0 with properties: 
pciBusID: 0000:1a:00.0 name: Tesla V100-SXM2-32GB computeCapability: 7.0
coreClock: 1.53GHz coreCount: 80 deviceMemorySize: 31.75GiB deviceMemoryBandwidth: 836.37GiB/s
2020-11-09 15:56:14.456959: I tensorflow/stream_executor/platform/default/dso_loader.cc:44] Successfully opened dynamic library libcudart.so.10.1
2020-11-09 15:56:14.456978: I tensorflow/stream_executor/platform/default/dso_loader.cc:44] Successfully opened dynamic library libcublas.so.10
2020-11-09 15:56:14.456992: I tensorflow/stream_executor/platform/default/dso_loader.cc:44] Successfully opened dynamic library libcufft.so.10
2020-11-09 15:56:14.457006: I tensorflow/stream_executor/platform/default/dso_loader.cc:44] Successfully opened dynamic library libcurand.so.10
2020-11-09 15:56:14.457020: I tensorflow/stream_executor/platform/default/dso_loader.cc:44] Successfully opened dynamic library libcusolver.so.10
2020-11-09 15:56:14.457033: I tensorflow/stream_executor/platform/default/dso_loader.cc:44] Successfully opened dynamic library libcusparse.so.10
2020-11-09 15:56:14.457047: I tensorflow/stream_executor/platform/default/dso_loader.cc:44] Successfully opened dynamic library libcudnn.so.7
2020-11-09 15:56:14.459884: I tensorflow/core/common_runtime/gpu/gpu_device.cc:1697] Adding visible gpu devices: 0
2020-11-09 15:56:14.461722: I tensorflow/core/common_runtime/gpu/gpu_device.cc:1555] Found device 0 with properties: 
pciBusID: 0000:1a:00.0 name: Tesla V100-SXM2-32GB computeCapability: 7.0
coreClock: 1.53GHz coreCount: 80 deviceMemorySize: 31.75GiB deviceMemoryBandwidth: 836.37GiB/s
2020-11-09 15:56:14.461777: I tensorflow/stream_executor/platform/default/dso_loader.cc:44] Successfully opened dynamic library libcudart.so.10.1
2020-11-09 15:56:14.461793: I tensorflow/stream_executor/platform/default/dso_loader.cc:44] Successfully opened dynamic library libcublas.so.10
2020-11-09 15:56:14.461807: I tensorflow/stream_executor/platform/default/dso_loader.cc:44] Successfully opened dynamic library libcufft.so.10
2020-11-09 15:56:14.461820: I tensorflow/stream_executor/platform/default/dso_loader.cc:44] Successfully opened dynamic library libcurand.so.10
2020-11-09 15:56:14.461833: I tensorflow/stream_executor/platform/default/dso_loader.cc:44] Successfully opened dynamic library libcusolver.so.10
2020-11-09 15:56:14.461847: I tensorflow/stream_executor/platform/default/dso_loader.cc:44] Successfully opened dynamic library libcusparse.so.10
2020-11-09 15:56:14.461860: I tensorflow/stream_executor/platform/default/dso_loader.cc:44] Successfully opened dynamic library libcudnn.so.7
2020-11-09 15:56:14.464652: I tensorflow/core/common_runtime/gpu/gpu_device.cc:1697] Adding visible gpu devices: 0
2020-11-09 15:56:14.464689: I tensorflow/core/common_runtime/gpu/gpu_device.cc:1096] Device interconnect StreamExecutor with strength 1 edge matrix:
2020-11-09 15:56:14.464699: I tensorflow/core/common_runtime/gpu/gpu_device.cc:1102]      0 
2020-11-09 15:56:14.464708: I tensorflow/core/common_runtime/gpu/gpu_device.cc:1115] 0:   N 
2020-11-09 15:56:14.467537: I tensorflow/core/common_runtime/gpu/gpu_device.cc:1241] Created TensorFlow device (/job:localhost/replica:0/task:0/device:GPU:0 with 30300 MB memory) -> physical GPU (device: 0, name: Tesla V100-SXM2-32GB, pci bus id: 0000:1a:00.0, compute capability: 7.0)
2020-11-09 15:56:15.472719: I tensorflow/stream_executor/platform/default/dso_loader.cc:44] Successfully opened dynamic library libcudnn.so.7
2020-11-09 15:56:16.613434: W tensorflow/stream_executor/gpu/redzone_allocator.cc:312] Not found: ./bin/ptxas not found
Relying on driver to perform ptx compilation. This message will be only logged once.
2020-11-09 15:56:16.633833: I tensorflow/stream_executor/platform/default/dso_loader.cc:44] Successfully opened dynamic library libcublas.so.10
/glade/work/wchapman/miniconda3/envs/tfp/lib/python3.6/site-packages/dask/config.py:168: YAMLLoadWarning: calling yaml.load() without Loader=... is deprecated, as the default Loader is unsafe. Please read https://msg.pyyaml.org/load for full details.
  data = yaml.load(f.read()) or {}
/glade/work/wchapman/AnEn/CNN/Coastal_Points_LogNormal/utilsProb.py:216: RuntimeWarning: invalid value encountered in log
  post_matrix = numpy.log(post_matrix)
/glade/work/wchapman/AnEn/CNN/Coastal_Points_LogNormal/coms.py:491: RuntimeWarning: overflow encountered in exp
  m = np.exp(mu + sigma**2 / 2.0)
/glade/work/wchapman/AnEn/CNN/Coastal_Points_LogNormal/coms.py:492: RuntimeWarning: overflow encountered in exp
  v = np.exp(2 * mu + sigma**2) * (np.exp(sigma**2) - 1)
/glade/work/wchapman/AnEn/CNN/Coastal_Points_LogNormal/coms.py:492: RuntimeWarning: overflow encountered in double_scalars
  v = np.exp(2 * mu + sigma**2) * (np.exp(sigma**2) - 1)
/glade/work/wchapman/AnEn/CNN/Coastal_Points_LogNormal/utilsProb.py:216: RuntimeWarning: invalid value encountered in log
  post_matrix = numpy.log(post_matrix)
/glade/work/wchapman/AnEn/CNN/Coastal_Points_LogNormal/coms.py:491: RuntimeWarning: overflow encountered in exp
  m = np.exp(mu + sigma**2 / 2.0)
/glade/work/wchapman/AnEn/CNN/Coastal_Points_LogNormal/coms.py:492: RuntimeWarning: overflow encountered in exp
  v = np.exp(2 * mu + sigma**2) * (np.exp(sigma**2) - 1)
/glade/work/wchapman/AnEn/CNN/Coastal_Points_LogNormal/coms.py:492: RuntimeWarning: overflow encountered in double_scalars
  v = np.exp(2 * mu + sigma**2) * (np.exp(sigma**2) - 1)
/glade/work/wchapman/AnEn/CNN/Coastal_Points_LogNormal/utilsProb.py:216: RuntimeWarning: invalid value encountered in log
  post_matrix = numpy.log(post_matrix)
/glade/work/wchapman/AnEn/CNN/Coastal_Points_LogNormal/coms.py:492: RuntimeWarning: overflow encountered in exp
  v = np.exp(2 * mu + sigma**2) * (np.exp(sigma**2) - 1)
/glade/work/wchapman/AnEn/CNN/Coastal_Points_LogNormal/coms.py:491: RuntimeWarning: overflow encountered in exp
  m = np.exp(mu + sigma**2 / 2.0)
/glade/work/wchapman/AnEn/CNN/Coastal_Points_LogNormal/coms.py:492: RuntimeWarning: overflow encountered in double_scalars
  v = np.exp(2 * mu + sigma**2) * (np.exp(sigma**2) - 1)
/glade/work/wchapman/AnEn/CNN/Coastal_Points_LogNormal/utilsProb.py:216: RuntimeWarning: invalid value encountered in log
  post_matrix = numpy.log(post_matrix)
/glade/work/wchapman/AnEn/CNN/Coastal_Points_LogNormal/coms.py:491: RuntimeWarning: overflow encountered in exp
  m = np.exp(mu + sigma**2 / 2.0)
/glade/work/wchapman/AnEn/CNN/Coastal_Points_LogNormal/coms.py:492: RuntimeWarning: overflow encountered in exp
  v = np.exp(2 * mu + sigma**2) * (np.exp(sigma**2) - 1)
/glade/work/wchapman/AnEn/CNN/Coastal_Points_LogNormal/coms.py:492: RuntimeWarning: overflow encountered in double_scalars
  v = np.exp(2 * mu + sigma**2) * (np.exp(sigma**2) - 1)
/glade/work/wchapman/AnEn/CNN/Coastal_Points_LogNormal/utilsProb.py:216: RuntimeWarning: invalid value encountered in log
  post_matrix = numpy.log(post_matrix)
/glade/work/wchapman/AnEn/CNN/Coastal_Points_LogNormal/coms.py:491: RuntimeWarning: overflow encountered in exp
  m = np.exp(mu + sigma**2 / 2.0)
/glade/work/wchapman/AnEn/CNN/Coastal_Points_LogNormal/coms.py:492: RuntimeWarning: overflow encountered in exp
  v = np.exp(2 * mu + sigma**2) * (np.exp(sigma**2) - 1)
/glade/work/wchapman/AnEn/CNN/Coastal_Points_LogNormal/coms.py:492: RuntimeWarning: overflow encountered in double_scalars
  v = np.exp(2 * mu + sigma**2) * (np.exp(sigma**2) - 1)
/glade/work/wchapman/AnEn/CNN/Coastal_Points_LogNormal/utilsProb.py:216: RuntimeWarning: invalid value encountered in log
  post_matrix = numpy.log(post_matrix)
/glade/work/wchapman/AnEn/CNN/Coastal_Points_LogNormal/coms.py:492: RuntimeWarning: overflow encountered in double_scalars
  v = np.exp(2 * mu + sigma**2) * (np.exp(sigma**2) - 1)
/glade/work/wchapman/AnEn/CNN/Coastal_Points_LogNormal/coms.py:491: RuntimeWarning: overflow encountered in exp
  m = np.exp(mu + sigma**2 / 2.0)
/glade/work/wchapman/AnEn/CNN/Coastal_Points_LogNormal/coms.py:492: RuntimeWarning: overflow encountered in exp
  v = np.exp(2 * mu + sigma**2) * (np.exp(sigma**2) - 1)
Reading data from: "/glade/scratch/wchapman/Reforecast/F006/train/F006_WY_2016_500mb_Clean.nc"...
Reading data from: "/glade/scratch/wchapman/Reforecast/F006/validate/F006_WY_2017_500mb_Clean.nc"...
Reading data from: "/glade/scratch/wchapman/Reforecast/F006/test/F006_WY_2018_500mb_Clean.nc"...


Mean and standard deviation for "IVTm" = 184.8496, 170.6384
######### ASSEMBLE!!!! ###########
########### DONE!!!! #############
#################################################
testing: ['/glade/scratch/wchapman/Reforecast/F006/validate/F006_WY_2017_500mb_Clean.nc']
validatiing: ['/glade/scratch/wchapman/Reforecast/F006/train/F006_WY_2016_500mb_Clean.nc']
#################################################
Reading data from: "/glade/scratch/wchapman/Reforecast/F006/test/F006_WY_2018_500mb_Clean.nc"...
Reading data from: "/glade/scratch/wchapman/Reforecast/F006/train/F006_WY_2016_500mb_Clean.nc"...
...gathering data...
Reading data from: "/glade/scratch/wchapman/Reforecast/F006/test/F006_WY_2018_500mb_Clean.nc"...
Reading data from: "/glade/scratch/wchapman/Reforecast/F006/validate/F006_WY_2017_500mb_Clean.nc"...
Model: "model"
__________________________________________________________________________________________________
Layer (type)                    Output Shape         Param #     Connected to                     
==================================================================================================
input_1 (InputLayer)            [(None, 71, 57, 6)]  0                                            
__________________________________________________________________________________________________
zero_padding2d (ZeroPadding2D)  (None, 72, 60, 6)    0           input_1[0][0]                    
__________________________________________________________________________________________________
downsampling_0_conv_0 (Conv2D)  (None, 72, 60, 16)   880         zero_padding2d[0][0]             
__________________________________________________________________________________________________
downsampling_0_batchnorm_0 (Bat (None, 72, 60, 16)   64          downsampling_0_conv_0[0][0]      
__________________________________________________________________________________________________
downsampling_0_activation_0 (Ac (None, 72, 60, 16)   0           downsampling_0_batchnorm_0[0][0] 
__________________________________________________________________________________________________
downsampling_0_conv_1 (Conv2D)  (None, 72, 60, 16)   2320        downsampling_0_activation_0[0][0]
__________________________________________________________________________________________________
downsampling_0_batchnorm_1 (Bat (None, 72, 60, 16)   64          downsampling_0_conv_1[0][0]      
__________________________________________________________________________________________________
downsampling_0_activation_1 (Ac (None, 72, 60, 16)   0           downsampling_0_batchnorm_1[0][0] 
__________________________________________________________________________________________________
max_pooling2d (MaxPooling2D)    (None, 36, 30, 16)   0           downsampling_0_activation_1[0][0]
__________________________________________________________________________________________________
bottleneck_skip_0 (Conv2D)      (None, 36, 30, 32)   4640        max_pooling2d[0][0]              
__________________________________________________________________________________________________
bottleneck_skip_1 (Conv2D)      (None, 36, 30, 32)   9248        bottleneck_skip_0[0][0]          
__________________________________________________________________________________________________
bottleneck_skip_2 (Conv2D)      (None, 36, 30, 32)   9248        bottleneck_skip_1[0][0]          
__________________________________________________________________________________________________
add (Add)                       (None, 36, 30, 32)   0           bottleneck_skip_0[0][0]          
                                                                 bottleneck_skip_1[0][0]          
                                                                 bottleneck_skip_2[0][0]          
__________________________________________________________________________________________________
upsampling_0_conv_trans_0 (Conv (None, 72, 60, 16)   2064        add[0][0]                        
__________________________________________________________________________________________________
concatenate (Concatenate)       (None, 72, 60, 32)   0           upsampling_0_conv_trans_0[0][0]  
                                                                 downsampling_0_activation_1[0][0]
__________________________________________________________________________________________________
upsampling_0_conv_0 (Conv2D)    (None, 72, 60, 16)   4624        concatenate[0][0]                
__________________________________________________________________________________________________
upsampling_0_activation_0 (Acti (None, 72, 60, 16)   0           upsampling_0_conv_0[0][0]        
__________________________________________________________________________________________________
upsampling_0_conv_1 (Conv2D)    (None, 72, 60, 16)   2320        upsampling_0_activation_0[0][0]  
__________________________________________________________________________________________________
upsampling_0_activation_1 (Acti (None, 72, 60, 16)   0           upsampling_0_conv_1[0][0]        
__________________________________________________________________________________________________
linear (Conv2D)                 (None, 72, 60, 2)    34          upsampling_0_activation_1[0][0]  
__________________________________________________________________________________________________
cropping2d (Cropping2D)         (None, 71, 57, 2)    0           linear[0][0]                     
==================================================================================================
Total params: 35,506
Trainable params: 35,442
Non-trainable params: 64
__________________________________________________________________________________________________
########### model name: /glade/scratch/wchapman/Reforecast/models/NN_CRPS/F006/StartingYear2016/CNN_2017/cpf_CRPS_val_2016_test_2017.ckpt
########### model name: /glade/scratch/wchapman/Reforecast/models/NN_CRPS/F006/StartingYear2016/CNN_2017/cpf_CRPS_val_2016_test_2017.ckpt
...binned spread skill...
RMSE PP: 79.02655078100804
RMSE WWRF: 29.602307868726324
CRMSE PP: 78.16331627552601
CRMSE WWRF: 28.64888879024621
BIAS PP: -11.648675561568695
BIAS WWRF: 7.4523697
#################################################
testing: ['/glade/scratch/wchapman/Reforecast/F006/test/F006_WY_2018_500mb_Clean.nc']
validatiing: ['/glade/scratch/wchapman/Reforecast/F006/validate/F006_WY_2017_500mb_Clean.nc']
#################################################
Reading data from: "/glade/scratch/wchapman/Reforecast/F006/train/F006_WY_2016_500mb_Clean.nc"...
Reading data from: "/glade/scratch/wchapman/Reforecast/F006/validate/F006_WY_2017_500mb_Clean.nc"...
...gathering data...
Reading data from: "/glade/scratch/wchapman/Reforecast/F006/train/F006_WY_2016_500mb_Clean.nc"...
Reading data from: "/glade/scratch/wchapman/Reforecast/F006/test/F006_WY_2018_500mb_Clean.nc"...
Model: "model_1"
__________________________________________________________________________________________________
Layer (type)                    Output Shape         Param #     Connected to                     
==================================================================================================
input_2 (InputLayer)            [(None, 71, 57, 6)]  0                                            
__________________________________________________________________________________________________
zero_padding2d_1 (ZeroPadding2D (None, 72, 60, 6)    0           input_2[0][0]                    
__________________________________________________________________________________________________
downsampling_0_conv_0 (Conv2D)  (None, 72, 60, 16)   880         zero_padding2d_1[0][0]           
__________________________________________________________________________________________________
downsampling_0_batchnorm_0 (Bat (None, 72, 60, 16)   64          downsampling_0_conv_0[0][0]      
__________________________________________________________________________________________________
downsampling_0_activation_0 (Ac (None, 72, 60, 16)   0           downsampling_0_batchnorm_0[0][0] 
__________________________________________________________________________________________________
downsampling_0_conv_1 (Conv2D)  (None, 72, 60, 16)   2320        downsampling_0_activation_0[0][0]
__________________________________________________________________________________________________
downsampling_0_batchnorm_1 (Bat (None, 72, 60, 16)   64          downsampling_0_conv_1[0][0]      
__________________________________________________________________________________________________
downsampling_0_activation_1 (Ac (None, 72, 60, 16)   0           downsampling_0_batchnorm_1[0][0] 
__________________________________________________________________________________________________
max_pooling2d_1 (MaxPooling2D)  (None, 36, 30, 16)   0           downsampling_0_activation_1[0][0]
__________________________________________________________________________________________________
bottleneck_skip_0 (Conv2D)      (None, 36, 30, 32)   4640        max_pooling2d_1[0][0]            
__________________________________________________________________________________________________
bottleneck_skip_1 (Conv2D)      (None, 36, 30, 32)   9248        bottleneck_skip_0[0][0]          
__________________________________________________________________________________________________
bottleneck_skip_2 (Conv2D)      (None, 36, 30, 32)   9248        bottleneck_skip_1[0][0]          
__________________________________________________________________________________________________
add_1 (Add)                     (None, 36, 30, 32)   0           bottleneck_skip_0[0][0]          
                                                                 bottleneck_skip_1[0][0]          
                                                                 bottleneck_skip_2[0][0]          
__________________________________________________________________________________________________
upsampling_0_conv_trans_0 (Conv (None, 72, 60, 16)   2064        add_1[0][0]                      
__________________________________________________________________________________________________
concatenate_1 (Concatenate)     (None, 72, 60, 32)   0           upsampling_0_conv_trans_0[0][0]  
                                                                 downsampling_0_activation_1[0][0]
__________________________________________________________________________________________________
upsampling_0_conv_0 (Conv2D)    (None, 72, 60, 16)   4624        concatenate_1[0][0]              
__________________________________________________________________________________________________
upsampling_0_activation_0 (Acti (None, 72, 60, 16)   0           upsampling_0_conv_0[0][0]        
__________________________________________________________________________________________________
upsampling_0_conv_1 (Conv2D)    (None, 72, 60, 16)   2320        upsampling_0_activation_0[0][0]  
__________________________________________________________________________________________________
upsampling_0_activation_1 (Acti (None, 72, 60, 16)   0           upsampling_0_conv_1[0][0]        
__________________________________________________________________________________________________
linear (Conv2D)                 (None, 72, 60, 2)    34          upsampling_0_activation_1[0][0]  
__________________________________________________________________________________________________
cropping2d_1 (Cropping2D)       (None, 71, 57, 2)    0           linear[0][0]                     
==================================================================================================
Total params: 35,506
Trainable params: 35,442
Non-trainable params: 64
__________________________________________________________________________________________________
########### model name: /glade/scratch/wchapman/Reforecast/models/NN_CRPS/F006/StartingYear2016/CNN_2018/cpf_CRPS_val_2017_test_2018.ckpt
########### model name: /glade/scratch/wchapman/Reforecast/models/NN_CRPS/F006/StartingYear2016/CNN_2018/cpf_CRPS_val_2017_test_2018.ckpt
...binned spread skill...
RMSE PP: 85.09580203834284
RMSE WWRF: 32.77645596590909
CRMSE PP: 80.39110803777062
CRMSE WWRF: 32.01030199455492
BIAS PP: -27.90279064740031
BIAS WWRF: 7.045334
#################################################
testing: ['/glade/scratch/wchapman/Reforecast/F006/train/F006_WY_2016_500mb_Clean.nc']
validatiing: ['/glade/scratch/wchapman/Reforecast/F006/test/F006_WY_2018_500mb_Clean.nc']
#################################################
Reading data from: "/glade/scratch/wchapman/Reforecast/F006/train/F006_WY_2016_500mb_Clean.nc"...
Reading data from: "/glade/scratch/wchapman/Reforecast/F006/validate/F006_WY_2017_500mb_Clean.nc"...
Reading data from: "/glade/scratch/wchapman/Reforecast/F006/test/F006_WY_2018_500mb_Clean.nc"...
...gathering data...
Reading data from: "/glade/scratch/wchapman/Reforecast/F006/validate/F006_WY_2017_500mb_Clean.nc"...
Reading data from: "/glade/scratch/wchapman/Reforecast/F006/train/F006_WY_2016_500mb_Clean.nc"...
Reading data from: "/glade/scratch/wchapman/Reforecast/F006/train/F006_WY_2016_500mb_Clean.nc"...
Model: "model_2"
__________________________________________________________________________________________________
Layer (type)                    Output Shape         Param #     Connected to                     
==================================================================================================
input_3 (InputLayer)            [(None, 71, 57, 6)]  0                                            
__________________________________________________________________________________________________
zero_padding2d_2 (ZeroPadding2D (None, 72, 60, 6)    0           input_3[0][0]                    
__________________________________________________________________________________________________
downsampling_0_conv_0 (Conv2D)  (None, 72, 60, 16)   880         zero_padding2d_2[0][0]           
__________________________________________________________________________________________________
downsampling_0_batchnorm_0 (Bat (None, 72, 60, 16)   64          downsampling_0_conv_0[0][0]      
__________________________________________________________________________________________________
downsampling_0_activation_0 (Ac (None, 72, 60, 16)   0           downsampling_0_batchnorm_0[0][0] 
__________________________________________________________________________________________________
downsampling_0_conv_1 (Conv2D)  (None, 72, 60, 16)   2320        downsampling_0_activation_0[0][0]
__________________________________________________________________________________________________
downsampling_0_batchnorm_1 (Bat (None, 72, 60, 16)   64          downsampling_0_conv_1[0][0]      
__________________________________________________________________________________________________
downsampling_0_activation_1 (Ac (None, 72, 60, 16)   0           downsampling_0_batchnorm_1[0][0] 
__________________________________________________________________________________________________
max_pooling2d_2 (MaxPooling2D)  (None, 36, 30, 16)   0           downsampling_0_activation_1[0][0]
__________________________________________________________________________________________________
bottleneck_skip_0 (Conv2D)      (None, 36, 30, 32)   4640        max_pooling2d_2[0][0]            
__________________________________________________________________________________________________
bottleneck_skip_1 (Conv2D)      (None, 36, 30, 32)   9248        bottleneck_skip_0[0][0]          
__________________________________________________________________________________________________
bottleneck_skip_2 (Conv2D)      (None, 36, 30, 32)   9248        bottleneck_skip_1[0][0]          
__________________________________________________________________________________________________
add_2 (Add)                     (None, 36, 30, 32)   0           bottleneck_skip_0[0][0]          
                                                                 bottleneck_skip_1[0][0]          
                                                                 bottleneck_skip_2[0][0]          
__________________________________________________________________________________________________
upsampling_0_conv_trans_0 (Conv (None, 72, 60, 16)   2064        add_2[0][0]                      
__________________________________________________________________________________________________
concatenate_2 (Concatenate)     (None, 72, 60, 32)   0           upsampling_0_conv_trans_0[0][0]  
                                                                 downsampling_0_activation_1[0][0]
__________________________________________________________________________________________________
upsampling_0_conv_0 (Conv2D)    (None, 72, 60, 16)   4624        concatenate_2[0][0]              
__________________________________________________________________________________________________
upsampling_0_activation_0 (Acti (None, 72, 60, 16)   0           upsampling_0_conv_0[0][0]        
__________________________________________________________________________________________________
upsampling_0_conv_1 (Conv2D)    (None, 72, 60, 16)   2320        upsampling_0_activation_0[0][0]  
__________________________________________________________________________________________________
upsampling_0_activation_1 (Acti (None, 72, 60, 16)   0           upsampling_0_conv_1[0][0]        
__________________________________________________________________________________________________
linear (Conv2D)                 (None, 72, 60, 2)    34          upsampling_0_activation_1[0][0]  
__________________________________________________________________________________________________
cropping2d_2 (Cropping2D)       (None, 71, 57, 2)    0           linear[0][0]                     
==================================================================================================
Total params: 35,506
Trainable params: 35,442
Non-trainable params: 64
__________________________________________________________________________________________________
########### model name: /glade/scratch/wchapman/Reforecast/models/NN_CRPS/F006/StartingYear2016/CNN_2016/cpf_CRPS_val_2018_test_2016.ckpt
########### model name: /glade/scratch/wchapman/Reforecast/models/NN_CRPS/F006/StartingYear2016/CNN_2016/cpf_CRPS_val_2018_test_2016.ckpt
...binned spread skill...
RMSE PP: 105.24649143129407
RMSE WWRF: 35.23373505563447
CRMSE PP: 81.26051812305454
CRMSE WWRF: 34.144405480587125
BIAS PP: -66.8846185365974
BIAS WWRF: 8.69342
IVTm shape: (52272,)
IVT mean shape: (52272,)
IVT std shape: (52272,)
                     time         OBS       Model    IVTmean     IVTstd   lat      lon
0     2016-12-01 06:00:00   73.402115   84.469666  31.083452  15.506062  30.0 -116.875
1     2016-12-02 06:00:00  156.386307  156.297043  60.667248  29.892784  30.0 -116.875
2     2016-12-03 06:00:00   85.655334   89.660019  77.628098  38.338875  30.0 -116.875
3     2016-12-04 06:00:00   94.746086  109.055946  53.591969  26.902088  30.0 -116.875
4     2016-12-05 06:00:00   95.788979  100.196281  44.896374  22.764841  30.0 -116.875
...                   ...         ...         ...        ...        ...   ...      ...
52267 2019-03-27 06:00:00   42.854740   58.441612  12.405477   7.176269  55.0 -130.000
52268 2019-03-28 06:00:00   61.853252   80.167877  12.298228   7.178749  55.0 -130.000
52269 2019-03-29 06:00:00   11.739017    8.904892   9.088736   5.167647  55.0 -130.000
52270 2019-03-30 06:00:00   11.952410   17.549500  13.367793   7.336159  55.0 -130.000
52271 2019-03-31 06:00:00   20.775810   24.134491  11.898582   6.920851  55.0 -130.000

[52272 rows x 7 columns]
time       0
OBS        0
Model      0
IVTmean    0
IVTstd     0
lat        0
lon        0
dtype: int64
                OBS         Model       IVTmean        IVTstd           lat           lon
count  52272.000000  52272.000000  52272.000000  52272.000000  52272.000000  52272.000000
mean     142.429528    150.159906    106.950837     65.071622     41.774306   -123.615451
std      135.009022    140.515100     83.328494     50.805459      6.969452      3.644501
min        0.166441      0.589493     -0.106865      0.197059     30.000000   -130.000000
25%       51.287282     55.069096     48.491817     26.506982     35.875000   -125.000000
50%      100.902206    107.969589     88.153988     53.088610     41.750000   -124.375000
75%      185.334637    196.191200    138.145615     89.729208     47.625000   -121.875000
max     1167.759644   1157.348877    623.085083    348.834259     55.000000   -115.625000
['/glade/scratch/wchapman/Reforecast/F006/train/F006_WY_2016_500mb_Clean.nc', '/glade/scratch/wchapman/Reforecast/F006/validate/F006_WY_2017_500mb_Clean.nc', '/glade/scratch/wchapman/Reforecast/F006/test/F006_WY_2018_500mb_Clean.nc']
######### ASSEMBLE!!!! ###########
########### DONE!!!! #############
#################################################
testing: ['/glade/scratch/wchapman/Reforecast/F006/validate/F006_WY_2017_500mb_Clean.nc']
validatiing: ['/glade/scratch/wchapman/Reforecast/F006/train/F006_WY_2016_500mb_Clean.nc']
#################################################
Reading data from: "/glade/scratch/wchapman/Reforecast/F006/test/F006_WY_2018_500mb_Clean.nc"...
Reading data from: "/glade/scratch/wchapman/Reforecast/F006/train/F006_WY_2016_500mb_Clean.nc"...
...gathering data...
Reading data from: "/glade/scratch/wchapman/Reforecast/F006/test/F006_WY_2018_500mb_Clean.nc"...
Reading data from: "/glade/scratch/wchapman/Reforecast/F006/validate/F006_WY_2017_500mb_Clean.nc"...
Model: "model_3"
__________________________________________________________________________________________________
Layer (type)                    Output Shape         Param #     Connected to                     
==================================================================================================
input_4 (InputLayer)            [(None, 71, 57, 6)]  0                                            
__________________________________________________________________________________________________
zero_padding2d_3 (ZeroPadding2D (None, 72, 60, 6)    0           input_4[0][0]                    
__________________________________________________________________________________________________
downsampling_0_conv_0 (Conv2D)  (None, 72, 60, 16)   880         zero_padding2d_3[0][0]           
__________________________________________________________________________________________________
downsampling_0_batchnorm_0 (Bat (None, 72, 60, 16)   64          downsampling_0_conv_0[0][0]      
__________________________________________________________________________________________________
downsampling_0_activation_0 (Ac (None, 72, 60, 16)   0           downsampling_0_batchnorm_0[0][0] 
__________________________________________________________________________________________________
downsampling_0_conv_1 (Conv2D)  (None, 72, 60, 16)   2320        downsampling_0_activation_0[0][0]
__________________________________________________________________________________________________
downsampling_0_batchnorm_1 (Bat (None, 72, 60, 16)   64          downsampling_0_conv_1[0][0]      
__________________________________________________________________________________________________
downsampling_0_activation_1 (Ac (None, 72, 60, 16)   0           downsampling_0_batchnorm_1[0][0] 
__________________________________________________________________________________________________
max_pooling2d_3 (MaxPooling2D)  (None, 36, 30, 16)   0           downsampling_0_activation_1[0][0]
__________________________________________________________________________________________________
bottleneck_skip_0 (Conv2D)      (None, 36, 30, 32)   4640        max_pooling2d_3[0][0]            
__________________________________________________________________________________________________
bottleneck_skip_1 (Conv2D)      (None, 36, 30, 32)   9248        bottleneck_skip_0[0][0]          
__________________________________________________________________________________________________
bottleneck_skip_2 (Conv2D)      (None, 36, 30, 32)   9248        bottleneck_skip_1[0][0]          
__________________________________________________________________________________________________
add_3 (Add)                     (None, 36, 30, 32)   0           bottleneck_skip_0[0][0]          
                                                                 bottleneck_skip_1[0][0]          
                                                                 bottleneck_skip_2[0][0]          
__________________________________________________________________________________________________
upsampling_0_conv_trans_0 (Conv (None, 72, 60, 16)   2064        add_3[0][0]                      
__________________________________________________________________________________________________
concatenate_3 (Concatenate)     (None, 72, 60, 32)   0           upsampling_0_conv_trans_0[0][0]  
                                                                 downsampling_0_activation_1[0][0]
__________________________________________________________________________________________________
upsampling_0_conv_0 (Conv2D)    (None, 72, 60, 16)   4624        concatenate_3[0][0]              
__________________________________________________________________________________________________
upsampling_0_activation_0 (Acti (None, 72, 60, 16)   0           upsampling_0_conv_0[0][0]        
__________________________________________________________________________________________________
upsampling_0_conv_1 (Conv2D)    (None, 72, 60, 16)   2320        upsampling_0_activation_0[0][0]  
__________________________________________________________________________________________________
upsampling_0_activation_1 (Acti (None, 72, 60, 16)   0           upsampling_0_conv_1[0][0]        
__________________________________________________________________________________________________
linear (Conv2D)                 (None, 72, 60, 2)    34          upsampling_0_activation_1[0][0]  
__________________________________________________________________________________________________
cropping2d_3 (Cropping2D)       (None, 71, 57, 2)    0           linear[0][0]                     
==================================================================================================
Total params: 35,506
Trainable params: 35,442
Non-trainable params: 64
__________________________________________________________________________________________________
Model: "model_4"
__________________________________________________________________________________________________
Layer (type)                    Output Shape         Param #     Connected to                     
==================================================================================================
input_4 (InputLayer)            [(None, 71, 57, 6)]  0                                            
__________________________________________________________________________________________________
zero_padding2d_3 (ZeroPadding2D (None, 72, 60, 6)    0           input_4[0][0]                    
__________________________________________________________________________________________________
downsampling_0_conv_0 (Conv2D)  (None, 72, 60, 16)   880         zero_padding2d_3[0][0]           
__________________________________________________________________________________________________
downsampling_0_batchnorm_0 (Bat (None, 72, 60, 16)   64          downsampling_0_conv_0[0][0]      
__________________________________________________________________________________________________
downsampling_0_activation_0 (Ac (None, 72, 60, 16)   0           downsampling_0_batchnorm_0[0][0] 
__________________________________________________________________________________________________
downsampling_0_conv_1 (Conv2D)  (None, 72, 60, 16)   2320        downsampling_0_activation_0[0][0]
__________________________________________________________________________________________________
downsampling_0_batchnorm_1 (Bat (None, 72, 60, 16)   64          downsampling_0_conv_1[0][0]      
__________________________________________________________________________________________________
downsampling_0_activation_1 (Ac (None, 72, 60, 16)   0           downsampling_0_batchnorm_1[0][0] 
__________________________________________________________________________________________________
max_pooling2d_3 (MaxPooling2D)  (None, 36, 30, 16)   0           downsampling_0_activation_1[0][0]
__________________________________________________________________________________________________
bottleneck_skip_0 (Conv2D)      (None, 36, 30, 32)   4640        max_pooling2d_3[0][0]            
__________________________________________________________________________________________________
bottleneck_skip_1 (Conv2D)      (None, 36, 30, 32)   9248        bottleneck_skip_0[0][0]          
__________________________________________________________________________________________________
bottleneck_skip_2 (Conv2D)      (None, 36, 30, 32)   9248        bottleneck_skip_1[0][0]          
__________________________________________________________________________________________________
add_3 (Add)                     (None, 36, 30, 32)   0           bottleneck_skip_0[0][0]          
                                                                 bottleneck_skip_1[0][0]          
                                                                 bottleneck_skip_2[0][0]          
__________________________________________________________________________________________________
upsampling_0_conv_trans_0 (Conv (None, 72, 60, 16)   2064        add_3[0][0]                      
__________________________________________________________________________________________________
concatenate_3 (Concatenate)     (None, 72, 60, 32)   0           upsampling_0_conv_trans_0[0][0]  
                                                                 downsampling_0_activation_1[0][0]
__________________________________________________________________________________________________
upsampling_0_conv_0 (Conv2D)    (None, 72, 60, 16)   4624        concatenate_3[0][0]              
__________________________________________________________________________________________________
upsampling_0_activation_0 (Acti (None, 72, 60, 16)   0           upsampling_0_conv_0[0][0]        
__________________________________________________________________________________________________
upsampling_0_conv_1 (Conv2D)    (None, 72, 60, 16)   2320        upsampling_0_activation_0[0][0]  
__________________________________________________________________________________________________
upsampling_0_activation_1 (Acti (None, 72, 60, 16)   0           upsampling_0_conv_1[0][0]        
__________________________________________________________________________________________________
linear (Conv2D)                 (None, 72, 60, 2)    34          upsampling_0_activation_1[0][0]  
__________________________________________________________________________________________________
cropping2d_3 (Cropping2D)       (None, 71, 57, 2)    0           linear[0][0]                     
__________________________________________________________________________________________________
conv2d (Conv2D)                 (None, 71, 57, 32)   608         cropping2d_3[0][0]               
__________________________________________________________________________________________________
conv2d_1 (Conv2D)               (None, 71, 57, 2)    578         conv2d[0][0]                     
==================================================================================================
Total params: 36,692
Trainable params: 36,628
Non-trainable params: 64
__________________________________________________________________________________________________
########### Loading old model weights name: /glade/scratch/wchapman/Reforecast/models/NN_CRPS/F006/StartingYear2016/CNN_2017/cpf_CRPS_FINETUNE_val_2016_test_2017.ckpt
...binned spread skill...
RMSE PP: 75.96545098542288
RMSE WWRF: 29.602307868726324
CRMSE PP: 75.37368579501636
CRMSE WWRF: 28.64888879024621
BIAS PP: 9.463453045232882
BIAS WWRF: 7.4523697
#################################################
testing: ['/glade/scratch/wchapman/Reforecast/F006/test/F006_WY_2018_500mb_Clean.nc']
validatiing: ['/glade/scratch/wchapman/Reforecast/F006/validate/F006_WY_2017_500mb_Clean.nc']
#################################################
Reading data from: "/glade/scratch/wchapman/Reforecast/F006/train/F006_WY_2016_500mb_Clean.nc"...
Reading data from: "/glade/scratch/wchapman/Reforecast/F006/validate/F006_WY_2017_500mb_Clean.nc"...
...gathering data...
Reading data from: "/glade/scratch/wchapman/Reforecast/F006/train/F006_WY_2016_500mb_Clean.nc"...
Reading data from: "/glade/scratch/wchapman/Reforecast/F006/test/F006_WY_2018_500mb_Clean.nc"...
Model: "model_5"
__________________________________________________________________________________________________
Layer (type)                    Output Shape         Param #     Connected to                     
==================================================================================================
input_5 (InputLayer)            [(None, 71, 57, 6)]  0                                            
__________________________________________________________________________________________________
zero_padding2d_4 (ZeroPadding2D (None, 72, 60, 6)    0           input_5[0][0]                    
__________________________________________________________________________________________________
downsampling_0_conv_0 (Conv2D)  (None, 72, 60, 16)   880         zero_padding2d_4[0][0]           
__________________________________________________________________________________________________
downsampling_0_batchnorm_0 (Bat (None, 72, 60, 16)   64          downsampling_0_conv_0[0][0]      
__________________________________________________________________________________________________
downsampling_0_activation_0 (Ac (None, 72, 60, 16)   0           downsampling_0_batchnorm_0[0][0] 
__________________________________________________________________________________________________
downsampling_0_conv_1 (Conv2D)  (None, 72, 60, 16)   2320        downsampling_0_activation_0[0][0]
__________________________________________________________________________________________________
downsampling_0_batchnorm_1 (Bat (None, 72, 60, 16)   64          downsampling_0_conv_1[0][0]      
__________________________________________________________________________________________________
downsampling_0_activation_1 (Ac (None, 72, 60, 16)   0           downsampling_0_batchnorm_1[0][0] 
__________________________________________________________________________________________________
max_pooling2d_4 (MaxPooling2D)  (None, 36, 30, 16)   0           downsampling_0_activation_1[0][0]
__________________________________________________________________________________________________
bottleneck_skip_0 (Conv2D)      (None, 36, 30, 32)   4640        max_pooling2d_4[0][0]            
__________________________________________________________________________________________________
bottleneck_skip_1 (Conv2D)      (None, 36, 30, 32)   9248        bottleneck_skip_0[0][0]          
__________________________________________________________________________________________________
bottleneck_skip_2 (Conv2D)      (None, 36, 30, 32)   9248        bottleneck_skip_1[0][0]          
__________________________________________________________________________________________________
add_4 (Add)                     (None, 36, 30, 32)   0           bottleneck_skip_0[0][0]          
                                                                 bottleneck_skip_1[0][0]          
                                                                 bottleneck_skip_2[0][0]          
__________________________________________________________________________________________________
upsampling_0_conv_trans_0 (Conv (None, 72, 60, 16)   2064        add_4[0][0]                      
__________________________________________________________________________________________________
concatenate_4 (Concatenate)     (None, 72, 60, 32)   0           upsampling_0_conv_trans_0[0][0]  
                                                                 downsampling_0_activation_1[0][0]
__________________________________________________________________________________________________
upsampling_0_conv_0 (Conv2D)    (None, 72, 60, 16)   4624        concatenate_4[0][0]              
__________________________________________________________________________________________________
upsampling_0_activation_0 (Acti (None, 72, 60, 16)   0           upsampling_0_conv_0[0][0]        
__________________________________________________________________________________________________
upsampling_0_conv_1 (Conv2D)    (None, 72, 60, 16)   2320        upsampling_0_activation_0[0][0]  
__________________________________________________________________________________________________
upsampling_0_activation_1 (Acti (None, 72, 60, 16)   0           upsampling_0_conv_1[0][0]        
__________________________________________________________________________________________________
linear (Conv2D)                 (None, 72, 60, 2)    34          upsampling_0_activation_1[0][0]  
__________________________________________________________________________________________________
cropping2d_4 (Cropping2D)       (None, 71, 57, 2)    0           linear[0][0]                     
==================================================================================================
Total params: 35,506
Trainable params: 35,442
Non-trainable params: 64
__________________________________________________________________________________________________
Model: "model_6"
__________________________________________________________________________________________________
Layer (type)                    Output Shape         Param #     Connected to                     
==================================================================================================
input_5 (InputLayer)            [(None, 71, 57, 6)]  0                                            
__________________________________________________________________________________________________
zero_padding2d_4 (ZeroPadding2D (None, 72, 60, 6)    0           input_5[0][0]                    
__________________________________________________________________________________________________
downsampling_0_conv_0 (Conv2D)  (None, 72, 60, 16)   880         zero_padding2d_4[0][0]           
__________________________________________________________________________________________________
downsampling_0_batchnorm_0 (Bat (None, 72, 60, 16)   64          downsampling_0_conv_0[0][0]      
__________________________________________________________________________________________________
downsampling_0_activation_0 (Ac (None, 72, 60, 16)   0           downsampling_0_batchnorm_0[0][0] 
__________________________________________________________________________________________________
downsampling_0_conv_1 (Conv2D)  (None, 72, 60, 16)   2320        downsampling_0_activation_0[0][0]
__________________________________________________________________________________________________
downsampling_0_batchnorm_1 (Bat (None, 72, 60, 16)   64          downsampling_0_conv_1[0][0]      
__________________________________________________________________________________________________
downsampling_0_activation_1 (Ac (None, 72, 60, 16)   0           downsampling_0_batchnorm_1[0][0] 
__________________________________________________________________________________________________
max_pooling2d_4 (MaxPooling2D)  (None, 36, 30, 16)   0           downsampling_0_activation_1[0][0]
__________________________________________________________________________________________________
bottleneck_skip_0 (Conv2D)      (None, 36, 30, 32)   4640        max_pooling2d_4[0][0]            
__________________________________________________________________________________________________
bottleneck_skip_1 (Conv2D)      (None, 36, 30, 32)   9248        bottleneck_skip_0[0][0]          
__________________________________________________________________________________________________
bottleneck_skip_2 (Conv2D)      (None, 36, 30, 32)   9248        bottleneck_skip_1[0][0]          
__________________________________________________________________________________________________
add_4 (Add)                     (None, 36, 30, 32)   0           bottleneck_skip_0[0][0]          
                                                                 bottleneck_skip_1[0][0]          
                                                                 bottleneck_skip_2[0][0]          
__________________________________________________________________________________________________
upsampling_0_conv_trans_0 (Conv (None, 72, 60, 16)   2064        add_4[0][0]                      
__________________________________________________________________________________________________
concatenate_4 (Concatenate)     (None, 72, 60, 32)   0           upsampling_0_conv_trans_0[0][0]  
                                                                 downsampling_0_activation_1[0][0]
__________________________________________________________________________________________________
upsampling_0_conv_0 (Conv2D)    (None, 72, 60, 16)   4624        concatenate_4[0][0]              
__________________________________________________________________________________________________
upsampling_0_activation_0 (Acti (None, 72, 60, 16)   0           upsampling_0_conv_0[0][0]        
__________________________________________________________________________________________________
upsampling_0_conv_1 (Conv2D)    (None, 72, 60, 16)   2320        upsampling_0_activation_0[0][0]  
__________________________________________________________________________________________________
upsampling_0_activation_1 (Acti (None, 72, 60, 16)   0           upsampling_0_conv_1[0][0]        
__________________________________________________________________________________________________
linear (Conv2D)                 (None, 72, 60, 2)    34          upsampling_0_activation_1[0][0]  
__________________________________________________________________________________________________
cropping2d_4 (Cropping2D)       (None, 71, 57, 2)    0           linear[0][0]                     
__________________________________________________________________________________________________
conv2d_2 (Conv2D)               (None, 71, 57, 32)   608         cropping2d_4[0][0]               
__________________________________________________________________________________________________
conv2d_3 (Conv2D)               (None, 71, 57, 2)    578         conv2d_2[0][0]                   
==================================================================================================
Total params: 36,692
Trainable params: 36,628
Non-trainable params: 64
__________________________________________________________________________________________________
########### Loading old model weights name: /glade/scratch/wchapman/Reforecast/models/NN_CRPS/F006/StartingYear2016/CNN_2018/cpf_CRPS_FINETUNE_val_2017_test_2018.ckpt
...binned spread skill...
RMSE PP: 81.13753810052567
RMSE WWRF: 32.77645596590909
CRMSE PP: 78.97697210106011
CRMSE WWRF: 32.01030199455492
BIAS PP: -18.59941724662501
BIAS WWRF: 7.045334
#################################################
testing: ['/glade/scratch/wchapman/Reforecast/F006/train/F006_WY_2016_500mb_Clean.nc']
validatiing: ['/glade/scratch/wchapman/Reforecast/F006/test/F006_WY_2018_500mb_Clean.nc']
#################################################
Reading data from: "/glade/scratch/wchapman/Reforecast/F006/train/F006_WY_2016_500mb_Clean.nc"...
Reading data from: "/glade/scratch/wchapman/Reforecast/F006/validate/F006_WY_2017_500mb_Clean.nc"...
Reading data from: "/glade/scratch/wchapman/Reforecast/F006/test/F006_WY_2018_500mb_Clean.nc"...
...gathering data...
Reading data from: "/glade/scratch/wchapman/Reforecast/F006/train/F006_WY_2016_500mb_Clean.nc"...
Reading data from: "/glade/scratch/wchapman/Reforecast/F006/validate/F006_WY_2017_500mb_Clean.nc"...
Reading data from: "/glade/scratch/wchapman/Reforecast/F006/train/F006_WY_2016_500mb_Clean.nc"...
Model: "model_7"
__________________________________________________________________________________________________
Layer (type)                    Output Shape         Param #     Connected to                     
==================================================================================================
input_6 (InputLayer)            [(None, 71, 57, 6)]  0                                            
__________________________________________________________________________________________________
zero_padding2d_5 (ZeroPadding2D (None, 72, 60, 6)    0           input_6[0][0]                    
__________________________________________________________________________________________________
downsampling_0_conv_0 (Conv2D)  (None, 72, 60, 16)   880         zero_padding2d_5[0][0]           
__________________________________________________________________________________________________
downsampling_0_batchnorm_0 (Bat (None, 72, 60, 16)   64          downsampling_0_conv_0[0][0]      
__________________________________________________________________________________________________
downsampling_0_activation_0 (Ac (None, 72, 60, 16)   0           downsampling_0_batchnorm_0[0][0] 
__________________________________________________________________________________________________
downsampling_0_conv_1 (Conv2D)  (None, 72, 60, 16)   2320        downsampling_0_activation_0[0][0]
__________________________________________________________________________________________________
downsampling_0_batchnorm_1 (Bat (None, 72, 60, 16)   64          downsampling_0_conv_1[0][0]      
__________________________________________________________________________________________________
downsampling_0_activation_1 (Ac (None, 72, 60, 16)   0           downsampling_0_batchnorm_1[0][0] 
__________________________________________________________________________________________________
max_pooling2d_5 (MaxPooling2D)  (None, 36, 30, 16)   0           downsampling_0_activation_1[0][0]
__________________________________________________________________________________________________
bottleneck_skip_0 (Conv2D)      (None, 36, 30, 32)   4640        max_pooling2d_5[0][0]            
__________________________________________________________________________________________________
bottleneck_skip_1 (Conv2D)      (None, 36, 30, 32)   9248        bottleneck_skip_0[0][0]          
__________________________________________________________________________________________________
bottleneck_skip_2 (Conv2D)      (None, 36, 30, 32)   9248        bottleneck_skip_1[0][0]          
__________________________________________________________________________________________________
add_5 (Add)                     (None, 36, 30, 32)   0           bottleneck_skip_0[0][0]          
                                                                 bottleneck_skip_1[0][0]          
                                                                 bottleneck_skip_2[0][0]          
__________________________________________________________________________________________________
upsampling_0_conv_trans_0 (Conv (None, 72, 60, 16)   2064        add_5[0][0]                      
__________________________________________________________________________________________________
concatenate_5 (Concatenate)     (None, 72, 60, 32)   0           upsampling_0_conv_trans_0[0][0]  
                                                                 downsampling_0_activation_1[0][0]
__________________________________________________________________________________________________
upsampling_0_conv_0 (Conv2D)    (None, 72, 60, 16)   4624        concatenate_5[0][0]              
__________________________________________________________________________________________________
upsampling_0_activation_0 (Acti (None, 72, 60, 16)   0           upsampling_0_conv_0[0][0]        
__________________________________________________________________________________________________
upsampling_0_conv_1 (Conv2D)    (None, 72, 60, 16)   2320        upsampling_0_activation_0[0][0]  
__________________________________________________________________________________________________
upsampling_0_activation_1 (Acti (None, 72, 60, 16)   0           upsampling_0_conv_1[0][0]        
__________________________________________________________________________________________________
linear (Conv2D)                 (None, 72, 60, 2)    34          upsampling_0_activation_1[0][0]  
__________________________________________________________________________________________________
cropping2d_5 (Cropping2D)       (None, 71, 57, 2)    0           linear[0][0]                     
==================================================================================================
Total params: 35,506
Trainable params: 35,442
Non-trainable params: 64
__________________________________________________________________________________________________
Model: "model_8"
__________________________________________________________________________________________________
Layer (type)                    Output Shape         Param #     Connected to                     
==================================================================================================
input_6 (InputLayer)            [(None, 71, 57, 6)]  0                                            
__________________________________________________________________________________________________
zero_padding2d_5 (ZeroPadding2D (None, 72, 60, 6)    0           input_6[0][0]                    
__________________________________________________________________________________________________
downsampling_0_conv_0 (Conv2D)  (None, 72, 60, 16)   880         zero_padding2d_5[0][0]           
__________________________________________________________________________________________________
downsampling_0_batchnorm_0 (Bat (None, 72, 60, 16)   64          downsampling_0_conv_0[0][0]      
__________________________________________________________________________________________________
downsampling_0_activation_0 (Ac (None, 72, 60, 16)   0           downsampling_0_batchnorm_0[0][0] 
__________________________________________________________________________________________________
downsampling_0_conv_1 (Conv2D)  (None, 72, 60, 16)   2320        downsampling_0_activation_0[0][0]
__________________________________________________________________________________________________
downsampling_0_batchnorm_1 (Bat (None, 72, 60, 16)   64          downsampling_0_conv_1[0][0]      
__________________________________________________________________________________________________
downsampling_0_activation_1 (Ac (None, 72, 60, 16)   0           downsampling_0_batchnorm_1[0][0] 
__________________________________________________________________________________________________
max_pooling2d_5 (MaxPooling2D)  (None, 36, 30, 16)   0           downsampling_0_activation_1[0][0]
__________________________________________________________________________________________________
bottleneck_skip_0 (Conv2D)      (None, 36, 30, 32)   4640        max_pooling2d_5[0][0]            
__________________________________________________________________________________________________
bottleneck_skip_1 (Conv2D)      (None, 36, 30, 32)   9248        bottleneck_skip_0[0][0]          
__________________________________________________________________________________________________
bottleneck_skip_2 (Conv2D)      (None, 36, 30, 32)   9248        bottleneck_skip_1[0][0]          
__________________________________________________________________________________________________
add_5 (Add)                     (None, 36, 30, 32)   0           bottleneck_skip_0[0][0]          
                                                                 bottleneck_skip_1[0][0]          
                                                                 bottleneck_skip_2[0][0]          
__________________________________________________________________________________________________
upsampling_0_conv_trans_0 (Conv (None, 72, 60, 16)   2064        add_5[0][0]                      
__________________________________________________________________________________________________
concatenate_5 (Concatenate)     (None, 72, 60, 32)   0           upsampling_0_conv_trans_0[0][0]  
                                                                 downsampling_0_activation_1[0][0]
__________________________________________________________________________________________________
upsampling_0_conv_0 (Conv2D)    (None, 72, 60, 16)   4624        concatenate_5[0][0]              
__________________________________________________________________________________________________
upsampling_0_activation_0 (Acti (None, 72, 60, 16)   0           upsampling_0_conv_0[0][0]        
__________________________________________________________________________________________________
upsampling_0_conv_1 (Conv2D)    (None, 72, 60, 16)   2320        upsampling_0_activation_0[0][0]  
__________________________________________________________________________________________________
upsampling_0_activation_1 (Acti (None, 72, 60, 16)   0           upsampling_0_conv_1[0][0]        
__________________________________________________________________________________________________
linear (Conv2D)                 (None, 72, 60, 2)    34          upsampling_0_activation_1[0][0]  
__________________________________________________________________________________________________
cropping2d_5 (Cropping2D)       (None, 71, 57, 2)    0           linear[0][0]                     
__________________________________________________________________________________________________
conv2d_4 (Conv2D)               (None, 71, 57, 32)   608         cropping2d_5[0][0]               
__________________________________________________________________________________________________
conv2d_5 (Conv2D)               (None, 71, 57, 2)    578         conv2d_4[0][0]                   
==================================================================================================
Total params: 36,692
Trainable params: 36,628
Non-trainable params: 64
__________________________________________________________________________________________________
########### Loading old model weights name: /glade/scratch/wchapman/Reforecast/models/NN_CRPS/F006/StartingYear2016/CNN_2016/cpf_CRPS_FINETUNE_val_2018_test_2016.ckpt
...binned spread skill...
RMSE PP: 63.638754220582406
RMSE WWRF: 35.23373505563447
CRMSE PP: 62.24612385428685
CRMSE WWRF: 34.144405480587125
BIAS PP: -13.240507734982202
BIAS WWRF: 8.69342
IVTm shape: (52272,)
IVT mean shape: (52272,)
IVT std shape: (52272,)
#############################################################################
############## *I hope that is okay baby* - gale beggy ######################
#############################################################################
done
                     time         OBS       Model     IVTmean     IVTstd   lat      lon
0     2016-12-01 06:00:00   73.402115   84.469666   51.923840  21.407614  30.0 -116.875
1     2016-12-02 06:00:00  156.386307  156.297043   98.060158  38.397018  30.0 -116.875
2     2016-12-03 06:00:00   85.655334   89.660019  122.385193  46.605740  30.0 -116.875
3     2016-12-04 06:00:00   94.746086  109.055946   91.411644  37.292747  30.0 -116.875
4     2016-12-05 06:00:00   95.788979  100.196281   73.730652  29.499878  30.0 -116.875
...                   ...         ...         ...         ...        ...   ...      ...
52267 2019-03-27 06:00:00   42.854740   58.441612   12.755055   5.754081  55.0 -130.000
52268 2019-03-28 06:00:00   61.853252   80.167877   12.884701   5.916565  55.0 -130.000
52269 2019-03-29 06:00:00   11.739017    8.904892   10.252366   4.764708  55.0 -130.000
52270 2019-03-30 06:00:00   11.952410   17.549500   15.063403   6.910858  55.0 -130.000
52271 2019-03-31 06:00:00   20.775810   24.134491   12.717949   5.903839  55.0 -130.000

[52272 rows x 7 columns]
time       0
OBS        0
Model      0
IVTmean    0
IVTstd     0
lat        0
lon        0
dtype: int64
                OBS         Model       IVTmean        IVTstd           lat           lon
count  52272.000000  52272.000000  52272.000000  52272.000000  52272.000000  52272.000000
mean     142.429528    150.159906    134.970708     61.133229     41.774306   -123.615451
std      135.009022    140.515100    105.948807     44.337872      6.969452      3.644501
min        0.166441      0.589493      1.297122      1.093351     30.000000   -130.000000
25%       51.287282     55.069096     63.158043     29.170529     35.875000   -125.000000
50%      100.902206    107.969589    108.397438     50.713852     41.750000   -124.375000
75%      185.334637    196.191200    170.523693     79.152369     47.625000   -121.875000
max     1167.759644   1157.348877    865.689514    317.977356     55.000000   -115.625000
                     time         OBS       Model    IVTmean     IVTstd   lat      lon
0     2016-12-01 06:00:00   73.402115   84.469666  31.083452  15.506062  30.0 -116.875
1     2016-12-02 06:00:00  156.386307  156.297043  60.667248  29.892784  30.0 -116.875
2     2016-12-03 06:00:00   85.655334   89.660019  77.628098  38.338875  30.0 -116.875
3     2016-12-04 06:00:00   94.746086  109.055946  53.591969  26.902088  30.0 -116.875
4     2016-12-05 06:00:00   95.788979  100.196281  44.896374  22.764841  30.0 -116.875
...                   ...         ...         ...        ...        ...   ...      ...
52267 2019-03-27 06:00:00   42.854740   58.441612  12.405477   7.176269  55.0 -130.000
52268 2019-03-28 06:00:00   61.853252   80.167877  12.298228   7.178749  55.0 -130.000
52269 2019-03-29 06:00:00   11.739017    8.904892   9.088736   5.167647  55.0 -130.000
52270 2019-03-30 06:00:00   11.952410   17.549500  13.367793   7.336159  55.0 -130.000
52271 2019-03-31 06:00:00   20.775810   24.134491  11.898582   6.920851  55.0 -130.000

[52272 rows x 7 columns]
time       0
OBS        0
Model      0
IVTmean    0
IVTstd     0
lat        0
lon        0
dtype: int64
                OBS         Model       IVTmean        IVTstd           lat           lon
count  52272.000000  52272.000000  52272.000000  52272.000000  52272.000000  52272.000000
mean     142.429528    150.159906    106.950837     65.071622     41.774306   -123.615451
std      135.009022    140.515100     83.328494     50.805459      6.969452      3.644501
min        0.166441      0.589493     -0.106865      0.197059     30.000000   -130.000000
25%       51.287282     55.069096     48.491817     26.506982     35.875000   -125.000000
50%      100.902206    107.969589     88.153988     53.088610     41.750000   -124.375000
75%      185.334637    196.191200    138.145615     89.729208     47.625000   -121.875000
max     1167.759644   1157.348877    623.085083    348.834259     55.000000   -115.625000
#############################################################################
############## *I hope that is okay baby* - gale beggy ######################
#############################################################################
/glade/scratch/wchapman/Reforecast/models/NN_CRPS/F006/Reforecast_out/NN_CRPS_CNNPP_StartingYear2016_FINETUNEref2.pkl
/glade/scratch/wchapman/Reforecast/models/NN_CRPS/F006/Reforecast_out/NN_CRPS_CNNPP_StartingYear2016_FINETUNEref2.pkl
/glade/scratch/wchapman/Reforecast/models/NN_CRPS/F006/Reforecast_out/NN_CRPS_CNNPP_StartingYear2016_FINETUNEref2.pkl
/glade/scratch/wchapman/Reforecast/models/NN_CRPS/F006/Reforecast_out/NN_CRPS_CNNPP_StartingYear2016_FINETUNEref2.pkl
/glade/scratch/wchapman/Reforecast/models/NN_CRPS/F006/Reforecast_out/NN_CRPS_CNNPP_StartingYear2016_FINETUNEref2.pkl
/glade/scratch/wchapman/Reforecast/models/NN_CRPS/F006/Reforecast_out/NN_CRPS_CNNPP_StartingYear2016_FINETUNEref2.pkl
/glade/scratch/wchapman/Reforecast/models/NN_CRPS/F006/Reforecast_out/NN_CRPS_CNNPP_StartingYear2016_FINETUNEref2.pkl
/glade/scratch/wchapman/Reforecast/models/NN_CRPS/F006/Reforecast_out/NN_CRPS_CNNPP_StartingYear2016_FINETUNEref2.pkl
/glade/scratch/wchapman/Reforecast/models/NN_CRPS/F006/Reforecast_out/NN_CRPS_CNNPP_StartingYear2016_FINETUNEref2.pkl
/glade/scratch/wchapman/Reforecast/models/NN_CRPS/F006/Reforecast_out/NN_CRPS_CNNPP_StartingYear2016_FINETUNEref2.pkl
WARNING:tensorflow:Unresolved object in checkpoint: (root).optimizer.iter
WARNING:tensorflow:Unresolved object in checkpoint: (root).optimizer.beta_1
WARNING:tensorflow:Unresolved object in checkpoint: (root).optimizer.beta_2
WARNING:tensorflow:Unresolved object in checkpoint: (root).optimizer.decay
WARNING:tensorflow:Unresolved object in checkpoint: (root).optimizer.learning_rate
WARNING:tensorflow:A checkpoint was restored (e.g. tf.train.Checkpoint.restore or tf.keras.Model.load_weights) but not all checkpointed values were used. See above for specific issues. Use expect_partial() on the load status object, e.g. tf.train.Checkpoint.restore(...).expect_partial(), to silence these warnings, or use assert_consumed() to make the check explicit. See https://www.tensorflow.org/guide/checkpoint#loading_mechanics for details.
WARNING:tensorflow:Unresolved object in checkpoint: (root).optimizer.iter
WARNING:tensorflow:Unresolved object in checkpoint: (root).optimizer.beta_1
WARNING:tensorflow:Unresolved object in checkpoint: (root).optimizer.beta_2
WARNING:tensorflow:Unresolved object in checkpoint: (root).optimizer.decay
WARNING:tensorflow:Unresolved object in checkpoint: (root).optimizer.learning_rate
WARNING:tensorflow:A checkpoint was restored (e.g. tf.train.Checkpoint.restore or tf.keras.Model.load_weights) but not all checkpointed values were used. See above for specific issues. Use expect_partial() on the load status object, e.g. tf.train.Checkpoint.restore(...).expect_partial(), to silence these warnings, or use assert_consumed() to make the check explicit. See https://www.tensorflow.org/guide/checkpoint#loading_mechanics for details.
WARNING:tensorflow:Unresolved object in checkpoint: (root).optimizer.iter
WARNING:tensorflow:Unresolved object in checkpoint: (root).optimizer.beta_1
WARNING:tensorflow:Unresolved object in checkpoint: (root).optimizer.beta_2
WARNING:tensorflow:Unresolved object in checkpoint: (root).optimizer.decay
WARNING:tensorflow:Unresolved object in checkpoint: (root).optimizer.learning_rate
WARNING:tensorflow:A checkpoint was restored (e.g. tf.train.Checkpoint.restore or tf.keras.Model.load_weights) but not all checkpointed values were used. See above for specific issues. Use expect_partial() on the load status object, e.g. tf.train.Checkpoint.restore(...).expect_partial(), to silence these warnings, or use assert_consumed() to make the check explicit. See https://www.tensorflow.org/guide/checkpoint#loading_mechanics for details.
WARNING:tensorflow:Unresolved object in checkpoint: (root).optimizer.iter
WARNING:tensorflow:Unresolved object in checkpoint: (root).optimizer.beta_1
WARNING:tensorflow:Unresolved object in checkpoint: (root).optimizer.beta_2
WARNING:tensorflow:Unresolved object in checkpoint: (root).optimizer.decay
WARNING:tensorflow:Unresolved object in checkpoint: (root).optimizer.learning_rate
WARNING:tensorflow:A checkpoint was restored (e.g. tf.train.Checkpoint.restore or tf.keras.Model.load_weights) but not all checkpointed values were used. See above for specific issues. Use expect_partial() on the load status object, e.g. tf.train.Checkpoint.restore(...).expect_partial(), to silence these warnings, or use assert_consumed() to make the check explicit. See https://www.tensorflow.org/guide/checkpoint#loading_mechanics for details.
WARNING:tensorflow:Unresolved object in checkpoint: (root).optimizer.iter
WARNING:tensorflow:Unresolved object in checkpoint: (root).optimizer.beta_1
WARNING:tensorflow:Unresolved object in checkpoint: (root).optimizer.beta_2
WARNING:tensorflow:Unresolved object in checkpoint: (root).optimizer.decay
WARNING:tensorflow:Unresolved object in checkpoint: (root).optimizer.learning_rate
WARNING:tensorflow:A checkpoint was restored (e.g. tf.train.Checkpoint.restore or tf.keras.Model.load_weights) but not all checkpointed values were used. See above for specific issues. Use expect_partial() on the load status object, e.g. tf.train.Checkpoint.restore(...).expect_partial(), to silence these warnings, or use assert_consumed() to make the check explicit. See https://www.tensorflow.org/guide/checkpoint#loading_mechanics for details.
