2020-11-09 15:54:17.627597: I tensorflow/core/platform/cpu_feature_guard.cc:142] Your CPU supports instructions that this TensorFlow binary was not compiled to use: SSE4.1 SSE4.2 AVX AVX2 AVX512F FMA
2020-11-09 15:54:17.634614: I tensorflow/core/platform/profile_utils/cpu_utils.cc:94] CPU Frequency: 2300000000 Hz
2020-11-09 15:54:17.634784: I tensorflow/compiler/xla/service/service.cc:168] XLA service 0x5582c4937910 initialized for platform Host (this does not guarantee that XLA will be used). Devices:
2020-11-09 15:54:17.634804: I tensorflow/compiler/xla/service/service.cc:176]   StreamExecutor device (0): Host, Default Version
2020-11-09 15:54:17.636135: I tensorflow/stream_executor/platform/default/dso_loader.cc:44] Successfully opened dynamic library libcuda.so.1
2020-11-09 15:54:17.653207: I tensorflow/core/common_runtime/gpu/gpu_device.cc:1555] Found device 0 with properties: 
pciBusID: 0000:1a:00.0 name: Tesla V100-SXM2-32GB computeCapability: 7.0
coreClock: 1.53GHz coreCount: 80 deviceMemorySize: 31.75GiB deviceMemoryBandwidth: 836.37GiB/s
2020-11-09 15:54:17.653550: I tensorflow/stream_executor/platform/default/dso_loader.cc:44] Successfully opened dynamic library libcudart.so.10.1
2020-11-09 15:54:17.657313: I tensorflow/stream_executor/platform/default/dso_loader.cc:44] Successfully opened dynamic library libcublas.so.10
2020-11-09 15:54:17.661016: I tensorflow/stream_executor/platform/default/dso_loader.cc:44] Successfully opened dynamic library libcufft.so.10
2020-11-09 15:54:17.661505: I tensorflow/stream_executor/platform/default/dso_loader.cc:44] Successfully opened dynamic library libcurand.so.10
2020-11-09 15:54:17.665709: I tensorflow/stream_executor/platform/default/dso_loader.cc:44] Successfully opened dynamic library libcusolver.so.10
2020-11-09 15:54:17.667370: I tensorflow/stream_executor/platform/default/dso_loader.cc:44] Successfully opened dynamic library libcusparse.so.10
2020-11-09 15:54:17.675394: I tensorflow/stream_executor/platform/default/dso_loader.cc:44] Successfully opened dynamic library libcudnn.so.7
2020-11-09 15:54:17.678360: I tensorflow/core/common_runtime/gpu/gpu_device.cc:1697] Adding visible gpu devices: 0
2020-11-09 15:54:17.678416: I tensorflow/stream_executor/platform/default/dso_loader.cc:44] Successfully opened dynamic library libcudart.so.10.1
2020-11-09 15:54:17.825426: I tensorflow/core/common_runtime/gpu/gpu_device.cc:1096] Device interconnect StreamExecutor with strength 1 edge matrix:
2020-11-09 15:54:17.825485: I tensorflow/core/common_runtime/gpu/gpu_device.cc:1102]      0 
2020-11-09 15:54:17.825509: I tensorflow/core/common_runtime/gpu/gpu_device.cc:1115] 0:   N 
2020-11-09 15:54:17.830112: I tensorflow/core/common_runtime/gpu/gpu_device.cc:1241] Created TensorFlow device (/device:GPU:0 with 30300 MB memory) -> physical GPU (device: 0, name: Tesla V100-SXM2-32GB, pci bus id: 0000:1a:00.0, compute capability: 7.0)
2020-11-09 15:54:17.832148: I tensorflow/compiler/xla/service/service.cc:168] XLA service 0x5582c56b2ee0 initialized for platform CUDA (this does not guarantee that XLA will be used). Devices:
2020-11-09 15:54:17.832174: I tensorflow/compiler/xla/service/service.cc:176]   StreamExecutor device (0): Tesla V100-SXM2-32GB, Compute Capability 7.0
2020-11-09 15:54:17.834321: I tensorflow/core/common_runtime/gpu/gpu_device.cc:1555] Found device 0 with properties: 
pciBusID: 0000:1a:00.0 name: Tesla V100-SXM2-32GB computeCapability: 7.0
coreClock: 1.53GHz coreCount: 80 deviceMemorySize: 31.75GiB deviceMemoryBandwidth: 836.37GiB/s
2020-11-09 15:54:17.834393: I tensorflow/stream_executor/platform/default/dso_loader.cc:44] Successfully opened dynamic library libcudart.so.10.1
2020-11-09 15:54:17.834411: I tensorflow/stream_executor/platform/default/dso_loader.cc:44] Successfully opened dynamic library libcublas.so.10
2020-11-09 15:54:17.834425: I tensorflow/stream_executor/platform/default/dso_loader.cc:44] Successfully opened dynamic library libcufft.so.10
2020-11-09 15:54:17.836187: I tensorflow/stream_executor/platform/default/dso_loader.cc:44] Successfully opened dynamic library libcurand.so.10
2020-11-09 15:54:17.836244: I tensorflow/stream_executor/platform/default/dso_loader.cc:44] Successfully opened dynamic library libcusolver.so.10
2020-11-09 15:54:17.836293: I tensorflow/stream_executor/platform/default/dso_loader.cc:44] Successfully opened dynamic library libcusparse.so.10
2020-11-09 15:54:17.836342: I tensorflow/stream_executor/platform/default/dso_loader.cc:44] Successfully opened dynamic library libcudnn.so.7
2020-11-09 15:54:17.839179: I tensorflow/core/common_runtime/gpu/gpu_device.cc:1697] Adding visible gpu devices: 0
2020-11-09 15:54:17.839211: I tensorflow/core/common_runtime/gpu/gpu_device.cc:1096] Device interconnect StreamExecutor with strength 1 edge matrix:
2020-11-09 15:54:17.839221: I tensorflow/core/common_runtime/gpu/gpu_device.cc:1102]      0 
2020-11-09 15:54:17.839229: I tensorflow/core/common_runtime/gpu/gpu_device.cc:1115] 0:   N 
2020-11-09 15:54:17.842065: I tensorflow/core/common_runtime/gpu/gpu_device.cc:1241] Created TensorFlow device (/device:GPU:0 with 30300 MB memory) -> physical GPU (device: 0, name: Tesla V100-SXM2-32GB, pci bus id: 0000:1a:00.0, compute capability: 7.0)
2020-11-09 15:54:17.843767: I tensorflow/core/common_runtime/gpu/gpu_device.cc:1555] Found device 0 with properties: 
pciBusID: 0000:1a:00.0 name: Tesla V100-SXM2-32GB computeCapability: 7.0
coreClock: 1.53GHz coreCount: 80 deviceMemorySize: 31.75GiB deviceMemoryBandwidth: 836.37GiB/s
2020-11-09 15:54:17.843822: I tensorflow/stream_executor/platform/default/dso_loader.cc:44] Successfully opened dynamic library libcudart.so.10.1
2020-11-09 15:54:17.843839: I tensorflow/stream_executor/platform/default/dso_loader.cc:44] Successfully opened dynamic library libcublas.so.10
2020-11-09 15:54:17.843853: I tensorflow/stream_executor/platform/default/dso_loader.cc:44] Successfully opened dynamic library libcufft.so.10
2020-11-09 15:54:17.843866: I tensorflow/stream_executor/platform/default/dso_loader.cc:44] Successfully opened dynamic library libcurand.so.10
2020-11-09 15:54:17.843879: I tensorflow/stream_executor/platform/default/dso_loader.cc:44] Successfully opened dynamic library libcusolver.so.10
2020-11-09 15:54:17.843893: I tensorflow/stream_executor/platform/default/dso_loader.cc:44] Successfully opened dynamic library libcusparse.so.10
2020-11-09 15:54:17.843906: I tensorflow/stream_executor/platform/default/dso_loader.cc:44] Successfully opened dynamic library libcudnn.so.7
2020-11-09 15:54:17.846683: I tensorflow/core/common_runtime/gpu/gpu_device.cc:1697] Adding visible gpu devices: 0
2020-11-09 15:54:17.846709: I tensorflow/core/common_runtime/gpu/gpu_device.cc:1096] Device interconnect StreamExecutor with strength 1 edge matrix:
2020-11-09 15:54:17.846719: I tensorflow/core/common_runtime/gpu/gpu_device.cc:1102]      0 
2020-11-09 15:54:17.846727: I tensorflow/core/common_runtime/gpu/gpu_device.cc:1115] 0:   N 
2020-11-09 15:54:17.849533: I tensorflow/core/common_runtime/gpu/gpu_device.cc:1241] Created TensorFlow device (/device:GPU:0 with 30300 MB memory) -> physical GPU (device: 0, name: Tesla V100-SXM2-32GB, pci bus id: 0000:1a:00.0, compute capability: 7.0)
#############################################
post processing forecast: F000
#############################################
['/device:GPU:0']
#################################################
#################################################
SUCCESS: Found GPU: /device:GPU:0
#################################################
#################################################
We are here: /glade/work/wchapman/AnEn/CNN/Coastal_Points_LogNormal
...Searching...: /glade/scratch/wchapman/AnEnCNN_good/Data/WestCoast/
/glade/scratch/wchapman/Reforecast/F000
Training on
/glade/scratch/wchapman/Reforecast/F000/train/F000_WY_1985_500mb_Clean.nc
/glade/scratch/wchapman/Reforecast/F000/train/F000_WY_1986_500mb_Clean.nc
/glade/scratch/wchapman/Reforecast/F000/train/F000_WY_1987_500mb_Clean.nc
/glade/scratch/wchapman/Reforecast/F000/train/F000_WY_1988_500mb_Clean.nc
/glade/scratch/wchapman/Reforecast/F000/train/F000_WY_1989_500mb_Clean.nc
/glade/scratch/wchapman/Reforecast/F000/train/F000_WY_1990_500mb_Clean.nc
/glade/scratch/wchapman/Reforecast/F000/train/F000_WY_1991_500mb_Clean.nc
/glade/scratch/wchapman/Reforecast/F000/train/F000_WY_1992_500mb_Clean.nc
/glade/scratch/wchapman/Reforecast/F000/train/F000_WY_1993_500mb_Clean.nc
/glade/scratch/wchapman/Reforecast/F000/train/F000_WY_1994_500mb_Clean.nc
/glade/scratch/wchapman/Reforecast/F000/train/F000_WY_1995_500mb_Clean.nc
/glade/scratch/wchapman/Reforecast/F000/train/F000_WY_1996_500mb_Clean.nc
/glade/scratch/wchapman/Reforecast/F000/train/F000_WY_1997_500mb_Clean.nc
/glade/scratch/wchapman/Reforecast/F000/train/F000_WY_1998_500mb_Clean.nc
/glade/scratch/wchapman/Reforecast/F000/train/F000_WY_1999_500mb_Clean.nc
/glade/scratch/wchapman/Reforecast/F000/train/F000_WY_2000_500mb_Clean.nc
/glade/scratch/wchapman/Reforecast/F000/train/F000_WY_2001_500mb_Clean.nc
/glade/scratch/wchapman/Reforecast/F000/train/F000_WY_2002_500mb_Clean.nc
/glade/scratch/wchapman/Reforecast/F000/train/F000_WY_2003_500mb_Clean.nc
/glade/scratch/wchapman/Reforecast/F000/train/F000_WY_2004_500mb_Clean.nc
/glade/scratch/wchapman/Reforecast/F000/train/F000_WY_2005_500mb_Clean.nc
/glade/scratch/wchapman/Reforecast/F000/train/F000_WY_2006_500mb_Clean.nc
/glade/scratch/wchapman/Reforecast/F000/train/F000_WY_2007_500mb_Clean.nc
/glade/scratch/wchapman/Reforecast/F000/train/F000_WY_2008_500mb_Clean.nc
/glade/scratch/wchapman/Reforecast/F000/train/F000_WY_2009_500mb_Clean.nc
/glade/scratch/wchapman/Reforecast/F000/train/F000_WY_2010_500mb_Clean.nc
/glade/scratch/wchapman/Reforecast/F000/train/F000_WY_2011_500mb_Clean.nc
/glade/scratch/wchapman/Reforecast/F000/train/F000_WY_2012_500mb_Clean.nc
/glade/scratch/wchapman/Reforecast/F000/train/F000_WY_2013_500mb_Clean.nc
/glade/scratch/wchapman/Reforecast/F000/train/F000_WY_2014_500mb_Clean.nc
/glade/scratch/wchapman/Reforecast/F000/train/F000_WY_2015_500mb_Clean.nc
/glade/scratch/wchapman/Reforecast/F000/train/F000_WY_2016_500mb_Clean.nc
Validating on
/glade/scratch/wchapman/Reforecast/F000/validate/F000_WY_2017_500mb_Clean.nc
Testing on
/glade/scratch/wchapman/Reforecast/F000/test/F000_WY_2018_500mb_Clean.nc
['2016', '2017', '2018']
trainging yearss ['/glade/scratch/wchapman/Reforecast/F000/train/F000_WY_2016_500mb_Clean.nc', '/glade/scratch/wchapman/Reforecast/F000/validate/F000_WY_2017_500mb_Clean.nc', '/glade/scratch/wchapman/Reforecast/F000/test/F000_WY_2018_500mb_Clean.nc']
Reading data from: "/glade/scratch/wchapman/Reforecast/F000/train/F000_WY_2016_500mb_Clean.nc"...
Reading data from: "/glade/scratch/wchapman/Reforecast/F000/validate/F000_WY_2017_500mb_Clean.nc"...
Reading data from: "/glade/scratch/wchapman/Reforecast/F000/test/F000_WY_2018_500mb_Clean.nc"...


Mean and standard deviation for "IVT" = 157.2416, 153.0676
Mean and standard deviation for "p_sfc" = 984.7132, 61.8586
Mean and standard deviation for "u_tr_p" = 11.9755, 12.2993
Mean and standard deviation for "v_tr_p" = 0.3500, 13.5323
Mean and standard deviation for "Z_p" = 5580.9085, 192.4081
Mean and standard deviation for "IWV" = 13.6669, 8.1031
2020-11-09 15:54:18.641849: I tensorflow/core/common_runtime/gpu/gpu_device.cc:1555] Found device 0 with properties: 
pciBusID: 0000:1a:00.0 name: Tesla V100-SXM2-32GB computeCapability: 7.0
coreClock: 1.53GHz coreCount: 80 deviceMemorySize: 31.75GiB deviceMemoryBandwidth: 836.37GiB/s
2020-11-09 15:54:18.641960: I tensorflow/stream_executor/platform/default/dso_loader.cc:44] Successfully opened dynamic library libcudart.so.10.1
2020-11-09 15:54:18.641978: I tensorflow/stream_executor/platform/default/dso_loader.cc:44] Successfully opened dynamic library libcublas.so.10
2020-11-09 15:54:18.641993: I tensorflow/stream_executor/platform/default/dso_loader.cc:44] Successfully opened dynamic library libcufft.so.10
2020-11-09 15:54:18.642007: I tensorflow/stream_executor/platform/default/dso_loader.cc:44] Successfully opened dynamic library libcurand.so.10
2020-11-09 15:54:18.642021: I tensorflow/stream_executor/platform/default/dso_loader.cc:44] Successfully opened dynamic library libcusolver.so.10
2020-11-09 15:54:18.642035: I tensorflow/stream_executor/platform/default/dso_loader.cc:44] Successfully opened dynamic library libcusparse.so.10
2020-11-09 15:54:18.642049: I tensorflow/stream_executor/platform/default/dso_loader.cc:44] Successfully opened dynamic library libcudnn.so.7
2020-11-09 15:54:18.644951: I tensorflow/core/common_runtime/gpu/gpu_device.cc:1697] Adding visible gpu devices: 0
2020-11-09 15:54:18.646784: I tensorflow/core/common_runtime/gpu/gpu_device.cc:1555] Found device 0 with properties: 
pciBusID: 0000:1a:00.0 name: Tesla V100-SXM2-32GB computeCapability: 7.0
coreClock: 1.53GHz coreCount: 80 deviceMemorySize: 31.75GiB deviceMemoryBandwidth: 836.37GiB/s
2020-11-09 15:54:18.646836: I tensorflow/stream_executor/platform/default/dso_loader.cc:44] Successfully opened dynamic library libcudart.so.10.1
2020-11-09 15:54:18.646852: I tensorflow/stream_executor/platform/default/dso_loader.cc:44] Successfully opened dynamic library libcublas.so.10
2020-11-09 15:54:18.646866: I tensorflow/stream_executor/platform/default/dso_loader.cc:44] Successfully opened dynamic library libcufft.so.10
2020-11-09 15:54:18.646879: I tensorflow/stream_executor/platform/default/dso_loader.cc:44] Successfully opened dynamic library libcurand.so.10
2020-11-09 15:54:18.646893: I tensorflow/stream_executor/platform/default/dso_loader.cc:44] Successfully opened dynamic library libcusolver.so.10
2020-11-09 15:54:18.646906: I tensorflow/stream_executor/platform/default/dso_loader.cc:44] Successfully opened dynamic library libcusparse.so.10
2020-11-09 15:54:18.646920: I tensorflow/stream_executor/platform/default/dso_loader.cc:44] Successfully opened dynamic library libcudnn.so.7
2020-11-09 15:54:18.649710: I tensorflow/core/common_runtime/gpu/gpu_device.cc:1697] Adding visible gpu devices: 0
2020-11-09 15:54:18.649746: I tensorflow/core/common_runtime/gpu/gpu_device.cc:1096] Device interconnect StreamExecutor with strength 1 edge matrix:
2020-11-09 15:54:18.649756: I tensorflow/core/common_runtime/gpu/gpu_device.cc:1102]      0 
2020-11-09 15:54:18.649764: I tensorflow/core/common_runtime/gpu/gpu_device.cc:1115] 0:   N 
2020-11-09 15:54:18.652589: I tensorflow/core/common_runtime/gpu/gpu_device.cc:1241] Created TensorFlow device (/job:localhost/replica:0/task:0/device:GPU:0 with 30300 MB memory) -> physical GPU (device: 0, name: Tesla V100-SXM2-32GB, pci bus id: 0000:1a:00.0, compute capability: 7.0)
